#
# There is insufficient memory for the Java Runtime Environment to continue.
# Native memory allocation (malloc) failed to allocate 1048576 bytes. Error detail: AllocateHeap
# Possible reasons:
#   The system is out of physical RAM or swap space
#   This process is running with CompressedOops enabled, and the Java Heap may be blocking the growth of the native heap
# Possible solutions:
#   Reduce memory load on the system
#   Increase physical memory or swap space
#   Check if swap backing store is full
#   Decrease Java heap size (-Xmx/-Xms)
#   Decrease number of Java threads
#   Decrease Java thread stack sizes (-Xss)
#   Set larger code cache with -XX:ReservedCodeCacheSize=
#   JVM is running with Unscaled Compressed Oops mode in which the Java heap is
#     placed in the first 4GB address space. The Java Heap base address is the
#     maximum limit for the native heap growth. Please use -XX:HeapBaseMinAddress
#     to set the Java Heap base and to place the Java Heap above 4GB virtual address.
# This output file may be truncated or incomplete.
#
#  Out of Memory Error (allocation.cpp:44), pid=15216, tid=22228
#
# JRE version: OpenJDK Runtime Environment Temurin-17.0.12+7 (17.0.12+7) (build 17.0.12+7)
# Java VM: OpenJDK 64-Bit Server VM Temurin-17.0.12+7 (17.0.12+7, mixed mode, emulated-client, tiered, compressed oops, compressed class ptrs, g1 gc, windows-amd64)
# No core dump will be written. Minidumps are not enabled by default on client versions of Windows
#

---------------  S U M M A R Y ------------

Command Line: -Xmx1024m -Dsts.lsp.client=vscode -Dsts.log.file=/dev/null -XX:TieredStopAtLevel=1 -Xlog:jni+resolve=off c:\Users\hawad\.vscode\extensions\vmware.vscode-spring-boot-1.57.0\language-server\spring-boot-language-server-1.57.0-SNAPSHOT-exec.jar

Host: AMD Ryzen 3 7320U with Radeon Graphics         , 8 cores, 5G,  Windows 11 , 64 bit Build 22621 (10.0.22621.3958)
Time: Mon Oct 28 21:10:53 2024 Paris, Madrid elapsed time: 1202.243582 seconds (0d 0h 20m 2s)

---------------  T H R E A D  ---------------

Current thread (0x0000017e3a671610):  VMThread "VM Thread" [stack: 0x0000000862100000,0x0000000862200000] [id=22228]

Stack: [0x0000000862100000,0x0000000862200000]
Native frames: (J=compiled Java code, j=interpreted, Vv=VM code, C=native code)
V  [jvm.dll+0x67f929]
V  [jvm.dll+0x8371ba]
V  [jvm.dll+0x838c7e]
V  [jvm.dll+0x8392e3]
V  [jvm.dll+0x24834f]
V  [jvm.dll+0xa70d3]
V  [jvm.dll+0x2f9073]
V  [jvm.dll+0x2f4d00]
V  [jvm.dll+0x2dd82f]
V  [jvm.dll+0x3201f7]
V  [jvm.dll+0x83d7dd]
V  [jvm.dll+0x83e522]
V  [jvm.dll+0x83ea4f]
V  [jvm.dll+0x83ee34]
V  [jvm.dll+0x83ef00]
V  [jvm.dll+0x7e65dc]
V  [jvm.dll+0x67e7f7]
C  [ucrtbase.dll+0x29333]
C  [KERNEL32.DLL+0x1257d]
C  [ntdll.dll+0x5af28]

VM_Operation (0x0000000863bfefb0): G1CollectFull, mode: safepoint, requested by thread 0x0000017e403e2340


---------------  P R O C E S S  ---------------

Threads class SMR info:
_java_thread_list=0x0000017e3ffabfc0, length=17, elements={
0x0000017e3a68a780, 0x0000017e3a68b600, 0x0000017e3a6c4db0, 0x0000017e3a6c5880,
0x0000017e3a6c6560, 0x0000017e3a6c8e40, 0x0000017e3a6cdc00, 0x0000017e3a6cfa60,
0x0000017e3a95c260, 0x0000017e3a963b60, 0x0000017e40327c80, 0x0000017e403e2340,
0x0000017e405ebf90, 0x0000017e405eddf0, 0x0000017e405ed3d0, 0x0000017e405ec4a0,
0x0000017e405ee300
}

Java Threads: ( => current thread )
  0x0000017e3a68a780 JavaThread "Reference Handler" daemon [_thread_blocked, id=22560, stack(0x0000000862200000,0x0000000862300000)]
  0x0000017e3a68b600 JavaThread "Finalizer" daemon [_thread_blocked, id=31612, stack(0x0000000862300000,0x0000000862400000)]
  0x0000017e3a6c4db0 JavaThread "Signal Dispatcher" daemon [_thread_blocked, id=10168, stack(0x0000000862400000,0x0000000862500000)]
  0x0000017e3a6c5880 JavaThread "Attach Listener" daemon [_thread_blocked, id=19028, stack(0x0000000862500000,0x0000000862600000)]
  0x0000017e3a6c6560 JavaThread "Service Thread" daemon [_thread_blocked, id=26444, stack(0x0000000862600000,0x0000000862700000)]
  0x0000017e3a6c8e40 JavaThread "Monitor Deflation Thread" daemon [_thread_blocked, id=29300, stack(0x0000000862700000,0x0000000862800000)]
  0x0000017e3a6cdc00 JavaThread "C1 CompilerThread0" daemon [_thread_blocked, id=5000, stack(0x0000000862800000,0x0000000862900000)]
  0x0000017e3a6cfa60 JavaThread "Sweeper thread" daemon [_thread_blocked, id=21392, stack(0x0000000862900000,0x0000000862a00000)]
  0x0000017e3a95c260 JavaThread "Notification Thread" daemon [_thread_blocked, id=3208, stack(0x0000000862a00000,0x0000000862b00000)]
  0x0000017e3a963b60 JavaThread "Common-Cleaner" daemon [_thread_blocked, id=23548, stack(0x0000000862c00000,0x0000000862d00000)]
  0x0000017e40327c80 JavaThread "boundedElastic-evictor-1" daemon [_thread_blocked, id=24564, stack(0x0000000863a00000,0x0000000863b00000)]
  0x0000017e403e2340 JavaThread "pool-13-thread-1" [_thread_blocked, id=26060, stack(0x0000000863b00000,0x0000000863c00000)]
  0x0000017e405ebf90 JavaThread "LanguageServerApp-lifecycle" [_thread_blocked, id=4180, stack(0x0000000863c00000,0x0000000863d00000)]
  0x0000017e405eddf0 JavaThread "DestroyJavaVM" [_thread_blocked, id=23636, stack(0x0000000861b00000,0x0000000861c00000)]
  0x0000017e405ed3d0 JavaThread "pool-14-thread-1" [_thread_in_native, id=14304, stack(0x0000000863d00000,0x0000000863e00000)]
  0x0000017e405ec4a0 JavaThread "Simple-Language-Server main thread" daemon [_thread_blocked, id=3944, stack(0x0000000863e00000,0x0000000863f00000)]
  0x0000017e405ee300 JavaThread "pool-6-thread-1" [_thread_blocked, id=28132, stack(0x0000000863f00000,0x0000000864000000)]

Other Threads:
=>0x0000017e3a671610 VMThread "VM Thread" [stack: 0x0000000862100000,0x0000000862200000] [id=22228]
  0x0000017e3a95e750 WatcherThread [stack: 0x0000000862b00000,0x0000000862c00000] [id=28468]
  0x0000017e2f8a3150 GCTaskThread "GC Thread#0" [stack: 0x0000000861c00000,0x0000000861d00000] [id=15832]
  0x0000017e3f6b33f0 GCTaskThread "GC Thread#1" [stack: 0x0000000862d00000,0x0000000862e00000] [id=3988]
  0x0000017e3f6dc420 GCTaskThread "GC Thread#2" [stack: 0x0000000862e00000,0x0000000862f00000] [id=4880]
  0x0000017e3f6dc6e0 GCTaskThread "GC Thread#3" [stack: 0x0000000862f00000,0x0000000863000000] [id=30896]
  0x0000017e3fbb6030 GCTaskThread "GC Thread#4" [stack: 0x0000000863000000,0x0000000863100000] [id=18924]
  0x0000017e3fbb62f0 GCTaskThread "GC Thread#5" [stack: 0x0000000863100000,0x0000000863200000] [id=28220]
  0x0000017e3fbb65b0 GCTaskThread "GC Thread#6" [stack: 0x0000000863200000,0x0000000863300000] [id=17392]
  0x0000017e3fbb6870 GCTaskThread "GC Thread#7" [stack: 0x0000000863300000,0x0000000863400000] [id=23616]
  0x0000017e2f8ac0a0 ConcurrentGCThread "G1 Main Marker" [stack: 0x0000000861d00000,0x0000000861e00000] [id=20424]
  0x0000017e2f8acac0 ConcurrentGCThread "G1 Conc#0" [stack: 0x0000000861e00000,0x0000000861f00000] [id=24736]
  0x0000017e3a8e4a00 ConcurrentGCThread "G1 Conc#1" [stack: 0x0000000863500000,0x0000000863600000] [id=26748]
  0x0000017e3a4f0090 ConcurrentGCThread "G1 Refine#0" [stack: 0x0000000861f00000,0x0000000862000000] [id=13436]
  0x0000017e3a4f0ac0 ConcurrentGCThread "G1 Service" [stack: 0x0000000862000000,0x0000000862100000] [id=8728]

Threads with active compile tasks:

VM state: at safepoint (normal execution)

VM Mutex/Monitor currently owned by a thread:  ([mutex/lock_event])
[0x0000017e2f85f530] Threads_lock - owner thread: 0x0000017e3a671610
[0x0000017e2f860850] Heap_lock - owner thread: 0x0000017e403e2340

Heap address: 0x00000000c0000000, size: 1024 MB, Compressed Oops mode: 32-bit

CDS archive(s) not mapped
Compressed class space mapped at: 0x0000000100000000-0x0000000140000000, reserved size: 1073741824
Narrow klass base: 0x0000000000000000, Narrow klass shift: 3, Narrow klass range: 0x140000000

GC Precious Log:
 CPUs: 8 total, 8 available
 Memory: 5965M
 Large Page Support: Disabled
 NUMA Support: Disabled
 Compressed Oops: Enabled (32-bit)
 Heap Region Size: 1M
 Heap Min Capacity: 8M
 Heap Initial Capacity: 94M
 Heap Max Capacity: 1G
 Pre-touch: Disabled
 Parallel Workers: 8
 Concurrent Workers: 2
 Concurrent Refinement Workers: 8
 Periodic GC: Disabled

Heap:
 garbage-first heap   total 81920K, used 25126K [0x00000000c0000000, 0x0000000100000000)
  region size 1024K, 1 young (1024K), 0 survivors (0K)
 Metaspace       used 40215K, committed 40704K, reserved 1114112K
  class space    used 5078K, committed 5248K, reserved 1048576K

Heap Regions: E=young(eden), S=young(survivor), O=old, HS=humongous(starts), HC=humongous(continues), CS=collection set, F=free, OA=open archive, CA=closed archive, TAMS=top-at-mark-start (previous, next)
|   0|0x00000000c0000000, 0x00000000c0100000, 0x00000000c0100000|100%|HS|  |TAMS 0x00000000c0100000, 0x00000000c0000000| Untracked 
|   1|0x00000000c0100000, 0x00000000c0200000, 0x00000000c0200000|100%|HC|  |TAMS 0x00000000c0200000, 0x00000000c0100000| Untracked 
|   2|0x00000000c0200000, 0x00000000c0300000, 0x00000000c0300000|100%|HC|  |TAMS 0x00000000c0300000, 0x00000000c0200000| Untracked 
|   3|0x00000000c0300000, 0x00000000c0400000, 0x00000000c0400000|100%|HC|  |TAMS 0x00000000c0400000, 0x00000000c0300000| Untracked 
|   4|0x00000000c0400000, 0x00000000c0500000, 0x00000000c0500000|100%|HS|  |TAMS 0x00000000c0500000, 0x00000000c0400000| Untracked 
|   5|0x00000000c0500000, 0x00000000c0600000, 0x00000000c0600000|100%|HC|  |TAMS 0x00000000c0600000, 0x00000000c0500000| Untracked 
|   6|0x00000000c0600000, 0x00000000c0700000, 0x00000000c0700000|100%| O|  |TAMS 0x00000000c0700000, 0x00000000c0600000| Untracked 
|   7|0x00000000c0700000, 0x00000000c0800000, 0x00000000c0800000|100%| O|  |TAMS 0x00000000c0800000, 0x00000000c0700000| Untracked 
|   8|0x00000000c0800000, 0x00000000c08f5288, 0x00000000c0900000| 95%| O|  |TAMS 0x00000000c08f5288, 0x00000000c0800000| Untracked 
|   9|0x00000000c0900000, 0x00000000c0a00000, 0x00000000c0a00000|100%| O|  |TAMS 0x00000000c0a00000, 0x00000000c0900000| Untracked 
|  10|0x00000000c0a00000, 0x00000000c0af9330, 0x00000000c0b00000| 97%| O|  |TAMS 0x00000000c0af9330, 0x00000000c0a00000| Untracked 
|  11|0x00000000c0b00000, 0x00000000c0bffff8, 0x00000000c0c00000| 99%| O|  |TAMS 0x00000000c0bffff8, 0x00000000c0b00000| Untracked 
|  12|0x00000000c0c00000, 0x00000000c0cffff8, 0x00000000c0d00000| 99%| O|  |TAMS 0x00000000c0cffff8, 0x00000000c0c00000| Untracked 
|  13|0x00000000c0d00000, 0x00000000c0dfffe8, 0x00000000c0e00000| 99%| O|  |TAMS 0x00000000c0dfffe8, 0x00000000c0d00000| Untracked 
|  14|0x00000000c0e00000, 0x00000000c0f00000, 0x00000000c0f00000|100%| O|  |TAMS 0x00000000c0f00000, 0x00000000c0e00000| Untracked 
|  15|0x00000000c0f00000, 0x00000000c0fffff8, 0x00000000c1000000| 99%| O|  |TAMS 0x00000000c0fffff8, 0x00000000c0f00000| Untracked 
|  16|0x00000000c1000000, 0x00000000c10fff78, 0x00000000c1100000| 99%| O|  |TAMS 0x00000000c10fff78, 0x00000000c1000000| Untracked 
|  17|0x00000000c1100000, 0x00000000c11fffe0, 0x00000000c1200000| 99%| O|  |TAMS 0x00000000c11fffe0, 0x00000000c1100000| Untracked 
|  18|0x00000000c1200000, 0x00000000c12fffc0, 0x00000000c1300000| 99%| O|  |TAMS 0x00000000c12fffc0, 0x00000000c1200000| Untracked 
|  19|0x00000000c1300000, 0x00000000c13fffd8, 0x00000000c1400000| 99%| O|  |TAMS 0x00000000c13fffd8, 0x00000000c1300000| Untracked 
|  20|0x00000000c1400000, 0x00000000c14ffff8, 0x00000000c1500000| 99%| O|  |TAMS 0x00000000c14ffff8, 0x00000000c1400000| Untracked 
|  21|0x00000000c1500000, 0x00000000c1600000, 0x00000000c1600000|100%| O|  |TAMS 0x00000000c1600000, 0x00000000c1500000| Untracked 
|  22|0x00000000c1600000, 0x00000000c16fc9c0, 0x00000000c1700000| 98%| O|  |TAMS 0x00000000c16fc9c0, 0x00000000c1600000| Untracked 
|  23|0x00000000c1700000, 0x00000000c17ffff0, 0x00000000c1800000| 99%| O|  |TAMS 0x00000000c17ffff0, 0x00000000c1700000| Untracked 
|  24|0x00000000c1800000, 0x00000000c189c778, 0x00000000c1900000| 61%| O|  |TAMS 0x00000000c1800000, 0x00000000c1800000| Untracked 
|  25|0x00000000c1900000, 0x00000000c19023b8, 0x00000000c1a00000|  0%| O|  |TAMS 0x00000000c1900000, 0x00000000c1900000| Untracked 
|  26|0x00000000c1a00000, 0x00000000c1a00000, 0x00000000c1b00000|  0%| F|  |TAMS 0x00000000c1a00000, 0x00000000c1a00000| Untracked 
|  27|0x00000000c1b00000, 0x00000000c1b00000, 0x00000000c1c00000|  0%| F|  |TAMS 0x00000000c1b00000, 0x00000000c1b00000| Untracked 
|  28|0x00000000c1c00000, 0x00000000c1c00000, 0x00000000c1d00000|  0%| F|  |TAMS 0x00000000c1c00000, 0x00000000c1c00000| Untracked 
|  29|0x00000000c1d00000, 0x00000000c1d00000, 0x00000000c1e00000|  0%| F|  |TAMS 0x00000000c1d00000, 0x00000000c1d00000| Untracked 
|  30|0x00000000c1e00000, 0x00000000c1e00000, 0x00000000c1f00000|  0%| F|  |TAMS 0x00000000c1e00000, 0x00000000c1e00000| Untracked 
|  31|0x00000000c1f00000, 0x00000000c1f00000, 0x00000000c2000000|  0%| F|  |TAMS 0x00000000c1f00000, 0x00000000c1f00000| Untracked 
|  32|0x00000000c2000000, 0x00000000c2000000, 0x00000000c2100000|  0%| F|  |TAMS 0x00000000c2000000, 0x00000000c2000000| Untracked 
|  33|0x00000000c2100000, 0x00000000c2100000, 0x00000000c2200000|  0%| F|  |TAMS 0x00000000c2100000, 0x00000000c2100000| Untracked 
|  34|0x00000000c2200000, 0x00000000c2200000, 0x00000000c2300000|  0%| F|  |TAMS 0x00000000c2200000, 0x00000000c2200000| Untracked 
|  35|0x00000000c2300000, 0x00000000c2300000, 0x00000000c2400000|  0%| F|  |TAMS 0x00000000c2300000, 0x00000000c2300000| Untracked 
|  36|0x00000000c2400000, 0x00000000c2400000, 0x00000000c2500000|  0%| F|  |TAMS 0x00000000c2400000, 0x00000000c2400000| Untracked 
|  37|0x00000000c2500000, 0x00000000c2500000, 0x00000000c2600000|  0%| F|  |TAMS 0x00000000c2500000, 0x00000000c2500000| Untracked 
|  38|0x00000000c2600000, 0x00000000c2600000, 0x00000000c2700000|  0%| F|  |TAMS 0x00000000c2600000, 0x00000000c2600000| Untracked 
|  39|0x00000000c2700000, 0x00000000c2700000, 0x00000000c2800000|  0%| F|  |TAMS 0x00000000c2700000, 0x00000000c2700000| Untracked 
|  40|0x00000000c2800000, 0x00000000c2800000, 0x00000000c2900000|  0%| F|  |TAMS 0x00000000c2800000, 0x00000000c2800000| Untracked 
|  41|0x00000000c2900000, 0x00000000c2900000, 0x00000000c2a00000|  0%| F|  |TAMS 0x00000000c2900000, 0x00000000c2900000| Untracked 
|  42|0x00000000c2a00000, 0x00000000c2a00000, 0x00000000c2b00000|  0%| F|  |TAMS 0x00000000c2a00000, 0x00000000c2a00000| Untracked 
|  43|0x00000000c2b00000, 0x00000000c2b00000, 0x00000000c2c00000|  0%| F|  |TAMS 0x00000000c2b00000, 0x00000000c2b00000| Untracked 
|  44|0x00000000c2c00000, 0x00000000c2c00000, 0x00000000c2d00000|  0%| F|  |TAMS 0x00000000c2c00000, 0x00000000c2c00000| Untracked 
|  45|0x00000000c2d00000, 0x00000000c2d00000, 0x00000000c2e00000|  0%| F|  |TAMS 0x00000000c2d00000, 0x00000000c2d00000| Untracked 
|  46|0x00000000c2e00000, 0x00000000c2e00000, 0x00000000c2f00000|  0%| F|  |TAMS 0x00000000c2e00000, 0x00000000c2e00000| Untracked 
|  47|0x00000000c2f00000, 0x00000000c2f00000, 0x00000000c3000000|  0%| F|  |TAMS 0x00000000c2f00000, 0x00000000c2f00000| Untracked 
|  48|0x00000000c3000000, 0x00000000c3000000, 0x00000000c3100000|  0%| F|  |TAMS 0x00000000c3000000, 0x00000000c3000000| Untracked 
|  49|0x00000000c3100000, 0x00000000c3100000, 0x00000000c3200000|  0%| F|  |TAMS 0x00000000c3100000, 0x00000000c3100000| Untracked 
|  50|0x00000000c3200000, 0x00000000c3200000, 0x00000000c3300000|  0%| F|  |TAMS 0x00000000c3200000, 0x00000000c3200000| Untracked 
|  51|0x00000000c3300000, 0x00000000c3300000, 0x00000000c3400000|  0%| F|  |TAMS 0x00000000c3300000, 0x00000000c3300000| Untracked 
|  52|0x00000000c3400000, 0x00000000c3400000, 0x00000000c3500000|  0%| F|  |TAMS 0x00000000c3400000, 0x00000000c3400000| Untracked 
|  53|0x00000000c3500000, 0x00000000c3500000, 0x00000000c3600000|  0%| F|  |TAMS 0x00000000c3500000, 0x00000000c3500000| Untracked 
|  54|0x00000000c3600000, 0x00000000c3600000, 0x00000000c3700000|  0%| F|  |TAMS 0x00000000c3600000, 0x00000000c3600000| Untracked 
|  55|0x00000000c3700000, 0x00000000c3700000, 0x00000000c3800000|  0%| F|  |TAMS 0x00000000c3700000, 0x00000000c3700000| Untracked 
|  56|0x00000000c3800000, 0x00000000c3800000, 0x00000000c3900000|  0%| F|  |TAMS 0x00000000c3800000, 0x00000000c3800000| Untracked 
|  57|0x00000000c3900000, 0x00000000c3900000, 0x00000000c3a00000|  0%| F|  |TAMS 0x00000000c3900000, 0x00000000c3900000| Untracked 
|  58|0x00000000c3a00000, 0x00000000c3a00000, 0x00000000c3b00000|  0%| F|  |TAMS 0x00000000c3a00000, 0x00000000c3a00000| Untracked 
|  59|0x00000000c3b00000, 0x00000000c3b00000, 0x00000000c3c00000|  0%| F|  |TAMS 0x00000000c3b00000, 0x00000000c3b00000| Untracked 
|  60|0x00000000c3c00000, 0x00000000c3c00000, 0x00000000c3d00000|  0%| F|  |TAMS 0x00000000c3c00000, 0x00000000c3c00000| Untracked 
|  61|0x00000000c3d00000, 0x00000000c3d00000, 0x00000000c3e00000|  0%| F|  |TAMS 0x00000000c3d00000, 0x00000000c3d00000| Untracked 
|  62|0x00000000c3e00000, 0x00000000c3e00000, 0x00000000c3f00000|  0%| F|  |TAMS 0x00000000c3e00000, 0x00000000c3e00000| Untracked 
|  63|0x00000000c3f00000, 0x00000000c3f00000, 0x00000000c4000000|  0%| F|  |TAMS 0x00000000c3f00000, 0x00000000c3f00000| Untracked 
|  64|0x00000000c4000000, 0x00000000c4000000, 0x00000000c4100000|  0%| F|  |TAMS 0x00000000c4000000, 0x00000000c4000000| Untracked 
|  65|0x00000000c4100000, 0x00000000c4100000, 0x00000000c4200000|  0%| F|  |TAMS 0x00000000c4100000, 0x00000000c4100000| Untracked 
|  66|0x00000000c4200000, 0x00000000c4200000, 0x00000000c4300000|  0%| F|  |TAMS 0x00000000c4200000, 0x00000000c4200000| Untracked 
|  67|0x00000000c4300000, 0x00000000c4300000, 0x00000000c4400000|  0%| F|  |TAMS 0x00000000c4300000, 0x00000000c4300000| Untracked 
|  68|0x00000000c4400000, 0x00000000c4400000, 0x00000000c4500000|  0%| F|  |TAMS 0x00000000c4400000, 0x00000000c4400000| Untracked 
|  69|0x00000000c4500000, 0x00000000c4500000, 0x00000000c4600000|  0%| F|  |TAMS 0x00000000c4500000, 0x00000000c4500000| Untracked 
|  70|0x00000000c4600000, 0x00000000c4600000, 0x00000000c4700000|  0%| F|  |TAMS 0x00000000c4600000, 0x00000000c4600000| Untracked 
|  71|0x00000000c4700000, 0x00000000c4700000, 0x00000000c4800000|  0%| F|  |TAMS 0x00000000c4700000, 0x00000000c4700000| Untracked 
|  72|0x00000000c4800000, 0x00000000c4800000, 0x00000000c4900000|  0%| F|  |TAMS 0x00000000c4800000, 0x00000000c4800000| Untracked 
|  73|0x00000000c4900000, 0x00000000c4900000, 0x00000000c4a00000|  0%| F|  |TAMS 0x00000000c4900000, 0x00000000c4900000| Untracked 
|  74|0x00000000c4a00000, 0x00000000c4a00000, 0x00000000c4b00000|  0%| F|  |TAMS 0x00000000c4a00000, 0x00000000c4a00000| Untracked 
|  75|0x00000000c4b00000, 0x00000000c4b00000, 0x00000000c4c00000|  0%| F|  |TAMS 0x00000000c4b00000, 0x00000000c4b00000| Untracked 
|  76|0x00000000c4c00000, 0x00000000c4c00000, 0x00000000c4d00000|  0%| F|  |TAMS 0x00000000c4c00000, 0x00000000c4c00000| Untracked 
|  77|0x00000000c4d00000, 0x00000000c4d00000, 0x00000000c4e00000|  0%| F|  |TAMS 0x00000000c4d00000, 0x00000000c4d00000| Untracked 
|  92|0x00000000c5c00000, 0x00000000c5c00000, 0x00000000c5d00000|  0%| F|  |TAMS 0x00000000c5c00000, 0x00000000c5c00000| Untracked 
|  93|0x00000000c5d00000, 0x00000000c5d399c0, 0x00000000c5e00000| 22%| E|  |TAMS 0x00000000c5d00000, 0x00000000c5d00000| Complete 

Card table byte_map: [0x0000017e35810000,0x0000017e35a10000] _byte_map_base: 0x0000017e35210000

Marking Bits (Prev, Next): (CMBitMap*) 0x0000017e2f8a3770, (CMBitMap*) 0x0000017e2f8a37b0
 Prev Bits: [0x0000017e35c10000, 0x0000017e36c10000)
 Next Bits: [0x0000017e36c10000, 0x0000017e37c10000)

Polling page: 0x0000017e2f020000

Metaspace:

Usage:
  Non-class:     34.31 MB used.
      Class:      4.96 MB used.
       Both:     39.27 MB used.

Virtual space:
  Non-class space:       64.00 MB reserved,      34.62 MB ( 54%) committed,  1 nodes.
      Class space:        1.00 GB reserved,       5.12 MB ( <1%) committed,  1 nodes.
             Both:        1.06 GB reserved,      39.75 MB (  4%) committed. 

Chunk freelists:
   Non-Class:  12.88 MB
       Class:  10.95 MB
        Both:  23.82 MB

MaxMetaspaceSize: unlimited
CompressedClassSpaceSize: 1.00 GB
Initial GC threshold: 21.00 MB
Current GC threshold: 66.25 MB
CDS: off
MetaspaceReclaimPolicy: balanced
 - commit_granule_bytes: 65536.
 - commit_granule_words: 8192.
 - virtual_space_node_default_size: 8388608.
 - enlarge_chunks_in_place: 1.
 - new_chunks_are_fully_committed: 0.
 - uncommit_free_chunks: 1.
 - use_allocation_guard: 0.
 - handle_deallocations: 1.


Internal statistics:

num_allocs_failed_limit: 6.
num_arena_births: 482.
num_arena_deaths: 138.
num_vsnodes_births: 2.
num_vsnodes_deaths: 0.
num_space_committed: 635.
num_space_uncommitted: 0.
num_chunks_returned_to_freelist: 154.
num_chunks_taken_from_freelist: 1675.
num_chunk_merges: 46.
num_chunk_splits: 1165.
num_chunks_enlarged: 894.
num_inconsistent_stats: 0.

CodeCache: size=49152Kb used=6715Kb max_used=7194Kb free=42436Kb
 bounds [0x0000017e32500000, 0x0000017e32c10000, 0x0000017e35500000]
 total_blobs=4165 nmethods=3618 adapters=474
 compilation: enabled
              stopped_count=0, restarted_count=0
 full_count=0

Compilation events (20 events):
Event: 934.159 Thread 0x0000017e3a6cdc00 3607  s    1       java.io.FileDescriptor::unregisterCleanup (20 bytes)
Event: 934.159 Thread 0x0000017e3a6cdc00 nmethod 3607 0x0000017e32982a10 code [0x0000017e32982bc0, 0x0000017e32982d88]
Event: 934.159 Thread 0x0000017e3a6cdc00 3608       1       jdk.internal.ref.PhantomCleanable::clear (12 bytes)
Event: 934.159 Thread 0x0000017e3a6cdc00 nmethod 3608 0x0000017e32982690 code [0x0000017e32982840, 0x0000017e32982958]
Event: 944.448 Thread 0x0000017e3a6cdc00 3610  s!   1       java.io.FileDescriptor::closeAll (163 bytes)
Event: 944.490 Thread 0x0000017e3a6cdc00 nmethod 3610 0x0000017e32981990 code [0x0000017e32981bc0, 0x0000017e32982208]
Event: 954.547 Thread 0x0000017e3a6cdc00 3611       1       java.io.FileDescriptor$1::setHandle (6 bytes)
Event: 954.551 Thread 0x0000017e3a6cdc00 nmethod 3611 0x0000017e32981610 code [0x0000017e329817a0, 0x0000017e329818e8]
Event: 954.551 Thread 0x0000017e3a6cdc00 3612       1       java.io.FileDescriptor::setHandle (33 bytes)
Event: 954.551 Thread 0x0000017e3a6cdc00 nmethod 3612 0x0000017e32981290 code [0x0000017e32981420, 0x0000017e32981568]
Event: 954.551 Thread 0x0000017e3a6cdc00 3613       1       java.io.FileDescriptor$1::registerCleanup (5 bytes)
Event: 954.551 Thread 0x0000017e3a6cdc00 nmethod 3613 0x0000017e32980f90 code [0x0000017e32981120, 0x0000017e32981208]
Event: 964.817 Thread 0x0000017e3a6cdc00 3614       1       org.springframework.ide.vscode.commons.languageserver.util.ParentProcessWatcher::isWindows (30 bytes)
Event: 964.859 Thread 0x0000017e3a6cdc00 nmethod 3614 0x0000017e32980790 code [0x0000017e329809c0, 0x0000017e32980d48]
Event: 965.129 Thread 0x0000017e3a6cdc00 3615   !   1       com.google.common.io.Closeables::close (37 bytes)
Event: 965.176 Thread 0x0000017e3a6cdc00 nmethod 3615 0x0000017e32980010 code [0x0000017e32980200, 0x0000017e32980538]
Event: 1140.215 Thread 0x0000017e3a6cdc00 3616   !   1       java.lang.ProcessBuilder::start (430 bytes)
Event: 1140.272 Thread 0x0000017e3a6cdc00 nmethod 3616 0x0000017e3297e290 code [0x0000017e3297e620, 0x0000017e3297f628]
Event: 1181.497 Thread 0x0000017e3a6cdc00 3618       1       java.lang.Integer::toString (55 bytes)
Event: 1181.500 Thread 0x0000017e3a6cdc00 nmethod 3618 0x0000017e3297da10 code [0x0000017e3297dbc0, 0x0000017e3297ddd8]

GC Heap History (20 events):
Event: 1099.344 GC heap after
{Heap after GC invocations=107 (full 99):
 garbage-first heap   total 81920K, used 25126K [0x00000000c0000000, 0x0000000100000000)
  region size 1024K, 0 young (0K), 0 survivors (0K)
 Metaspace       used 40215K, committed 40704K, reserved 1114112K
  class space    used 5078K, committed 5248K, reserved 1048576K
}
Event: 1109.604 GC heap before
{Heap before GC invocations=107 (full 99):
 garbage-first heap   total 81920K, used 25126K [0x00000000c0000000, 0x0000000100000000)
  region size 1024K, 1 young (1024K), 0 survivors (0K)
 Metaspace       used 40215K, committed 40704K, reserved 1114112K
  class space    used 5078K, committed 5248K, reserved 1048576K
}
Event: 1109.624 GC heap after
{Heap after GC invocations=108 (full 100):
 garbage-first heap   total 81920K, used 25126K [0x00000000c0000000, 0x0000000100000000)
  region size 1024K, 0 young (0K), 0 survivors (0K)
 Metaspace       used 40215K, committed 40704K, reserved 1114112K
  class space    used 5078K, committed 5248K, reserved 1048576K
}
Event: 1119.880 GC heap before
{Heap before GC invocations=108 (full 100):
 garbage-first heap   total 81920K, used 25126K [0x00000000c0000000, 0x0000000100000000)
  region size 1024K, 1 young (1024K), 0 survivors (0K)
 Metaspace       used 40215K, committed 40704K, reserved 1114112K
  class space    used 5078K, committed 5248K, reserved 1048576K
}
Event: 1119.898 GC heap after
{Heap after GC invocations=109 (full 101):
 garbage-first heap   total 81920K, used 25126K [0x00000000c0000000, 0x0000000100000000)
  region size 1024K, 0 young (0K), 0 survivors (0K)
 Metaspace       used 40215K, committed 40704K, reserved 1114112K
  class space    used 5078K, committed 5248K, reserved 1048576K
}
Event: 1130.190 GC heap before
{Heap before GC invocations=109 (full 101):
 garbage-first heap   total 81920K, used 25126K [0x00000000c0000000, 0x0000000100000000)
  region size 1024K, 1 young (1024K), 0 survivors (0K)
 Metaspace       used 40215K, committed 40704K, reserved 1114112K
  class space    used 5078K, committed 5248K, reserved 1048576K
}
Event: 1130.208 GC heap after
{Heap after GC invocations=110 (full 102):
 garbage-first heap   total 81920K, used 25126K [0x00000000c0000000, 0x0000000100000000)
  region size 1024K, 0 young (0K), 0 survivors (0K)
 Metaspace       used 40215K, committed 40704K, reserved 1114112K
  class space    used 5078K, committed 5248K, reserved 1048576K
}
Event: 1140.513 GC heap before
{Heap before GC invocations=110 (full 102):
 garbage-first heap   total 81920K, used 25126K [0x00000000c0000000, 0x0000000100000000)
  region size 1024K, 1 young (1024K), 0 survivors (0K)
 Metaspace       used 40215K, committed 40704K, reserved 1114112K
  class space    used 5078K, committed 5248K, reserved 1048576K
}
Event: 1140.535 GC heap after
{Heap after GC invocations=111 (full 103):
 garbage-first heap   total 81920K, used 25126K [0x00000000c0000000, 0x0000000100000000)
  region size 1024K, 0 young (0K), 0 survivors (0K)
 Metaspace       used 40215K, committed 40704K, reserved 1114112K
  class space    used 5078K, committed 5248K, reserved 1048576K
}
Event: 1150.800 GC heap before
{Heap before GC invocations=111 (full 103):
 garbage-first heap   total 81920K, used 25126K [0x00000000c0000000, 0x0000000100000000)
  region size 1024K, 1 young (1024K), 0 survivors (0K)
 Metaspace       used 40215K, committed 40704K, reserved 1114112K
  class space    used 5078K, committed 5248K, reserved 1048576K
}
Event: 1150.818 GC heap after
{Heap after GC invocations=112 (full 104):
 garbage-first heap   total 81920K, used 25126K [0x00000000c0000000, 0x0000000100000000)
  region size 1024K, 0 young (0K), 0 survivors (0K)
 Metaspace       used 40215K, committed 40704K, reserved 1114112K
  class space    used 5078K, committed 5248K, reserved 1048576K
}
Event: 1161.081 GC heap before
{Heap before GC invocations=112 (full 104):
 garbage-first heap   total 81920K, used 25126K [0x00000000c0000000, 0x0000000100000000)
  region size 1024K, 1 young (1024K), 0 survivors (0K)
 Metaspace       used 40215K, committed 40704K, reserved 1114112K
  class space    used 5078K, committed 5248K, reserved 1048576K
}
Event: 1161.100 GC heap after
{Heap after GC invocations=113 (full 105):
 garbage-first heap   total 81920K, used 25126K [0x00000000c0000000, 0x0000000100000000)
  region size 1024K, 0 young (0K), 0 survivors (0K)
 Metaspace       used 40215K, committed 40704K, reserved 1114112K
  class space    used 5078K, committed 5248K, reserved 1048576K
}
Event: 1171.460 GC heap before
{Heap before GC invocations=113 (full 105):
 garbage-first heap   total 81920K, used 25126K [0x00000000c0000000, 0x0000000100000000)
  region size 1024K, 1 young (1024K), 0 survivors (0K)
 Metaspace       used 40215K, committed 40704K, reserved 1114112K
  class space    used 5078K, committed 5248K, reserved 1048576K
}
Event: 1171.486 GC heap after
{Heap after GC invocations=114 (full 106):
 garbage-first heap   total 81920K, used 25126K [0x00000000c0000000, 0x0000000100000000)
  region size 1024K, 0 young (0K), 0 survivors (0K)
 Metaspace       used 40215K, committed 40704K, reserved 1114112K
  class space    used 5078K, committed 5248K, reserved 1048576K
}
Event: 1181.770 GC heap before
{Heap before GC invocations=114 (full 106):
 garbage-first heap   total 81920K, used 25126K [0x00000000c0000000, 0x0000000100000000)
  region size 1024K, 1 young (1024K), 0 survivors (0K)
 Metaspace       used 40215K, committed 40704K, reserved 1114112K
  class space    used 5078K, committed 5248K, reserved 1048576K
}
Event: 1181.788 GC heap after
{Heap after GC invocations=115 (full 107):
 garbage-first heap   total 81920K, used 25126K [0x00000000c0000000, 0x0000000100000000)
  region size 1024K, 0 young (0K), 0 survivors (0K)
 Metaspace       used 40215K, committed 40704K, reserved 1114112K
  class space    used 5078K, committed 5248K, reserved 1048576K
}
Event: 1192.141 GC heap before
{Heap before GC invocations=115 (full 107):
 garbage-first heap   total 81920K, used 25126K [0x00000000c0000000, 0x0000000100000000)
  region size 1024K, 1 young (1024K), 0 survivors (0K)
 Metaspace       used 40215K, committed 40704K, reserved 1114112K
  class space    used 5078K, committed 5248K, reserved 1048576K
}
Event: 1192.161 GC heap after
{Heap after GC invocations=116 (full 108):
 garbage-first heap   total 81920K, used 25126K [0x00000000c0000000, 0x0000000100000000)
  region size 1024K, 0 young (0K), 0 survivors (0K)
 Metaspace       used 40215K, committed 40704K, reserved 1114112K
  class space    used 5078K, committed 5248K, reserved 1048576K
}
Event: 1202.233 GC heap before
{Heap before GC invocations=116 (full 108):
 garbage-first heap   total 81920K, used 25126K [0x00000000c0000000, 0x0000000100000000)
  region size 1024K, 1 young (1024K), 0 survivors (0K)
 Metaspace       used 40215K, committed 40704K, reserved 1114112K
  class space    used 5078K, committed 5248K, reserved 1048576K
}

Dll operation events (8 events):
Event: 0.076 Loaded shared library c:\Users\hawad\.vscode\extensions\redhat.java-1.35.1-win32-x64\jre\17.0.12-win32-x86_64\bin\java.dll
Event: 0.442 Loaded shared library C:\Users\hawad\.vscode\extensions\redhat.java-1.35.1-win32-x64\jre\17.0.12-win32-x86_64\bin\net.dll
Event: 0.455 Loaded shared library C:\Users\hawad\.vscode\extensions\redhat.java-1.35.1-win32-x64\jre\17.0.12-win32-x86_64\bin\nio.dll
Event: 0.484 Loaded shared library C:\Users\hawad\.vscode\extensions\redhat.java-1.35.1-win32-x64\jre\17.0.12-win32-x86_64\bin\zip.dll
Event: 1.803 Loaded shared library C:\Users\hawad\.vscode\extensions\redhat.java-1.35.1-win32-x64\jre\17.0.12-win32-x86_64\bin\jimage.dll
Event: 5.760 Loaded shared library c:\Users\hawad\.vscode\extensions\redhat.java-1.35.1-win32-x64\jre\17.0.12-win32-x86_64\bin\verify.dll
Event: 10.491 Loaded shared library C:\Users\hawad\.vscode\extensions\redhat.java-1.35.1-win32-x64\jre\17.0.12-win32-x86_64\bin\management.dll
Event: 10.500 Loaded shared library C:\Users\hawad\.vscode\extensions\redhat.java-1.35.1-win32-x64\jre\17.0.12-win32-x86_64\bin\management_ext.dll

Deoptimization events (4 events):
Event: 11.521 Thread 0x0000017e405ed3d0 DEOPT PACKING pc=0x0000017e328f9201 sp=0x0000000863dfde70
Event: 11.521 Thread 0x0000017e405ed3d0 DEOPT UNPACKING pc=0x0000017e32557143 sp=0x0000000863dfd300 mode 3
Event: 11.660 Thread 0x0000017e405ec4a0 DEOPT PACKING pc=0x0000017e328f8d17 sp=0x0000000863eff100
Event: 11.660 Thread 0x0000017e405ec4a0 DEOPT UNPACKING pc=0x0000017e32557143 sp=0x0000000863efe558 mode 3

Classes loaded (20 events):
Event: 11.520 Loading class java/util/concurrent/locks/AbstractQueuedSynchronizer$ExclusiveNode
Event: 11.520 Loading class java/util/concurrent/locks/AbstractQueuedSynchronizer$ExclusiveNode done
Event: 11.594 Loading class java/util/concurrent/CompletableFuture$AsyncRun
Event: 11.594 Loading class java/util/concurrent/CompletableFuture$AsyncRun done
Event: 11.600 Loading class java/util/concurrent/ConcurrentHashMap$ValueSpliterator
Event: 11.606 Loading class java/util/concurrent/ConcurrentHashMap$ValueSpliterator done
Event: 11.623 Loading class java/util/concurrent/CompletableFuture$UniRelay
Event: 11.624 Loading class java/util/concurrent/CompletableFuture$UniRelay done
Event: 50.581 Loading class java/lang/ProcessBuilder
Event: 50.605 Loading class java/lang/ProcessBuilder done
Event: 50.606 Loading class java/lang/ProcessImpl
Event: 50.613 Loading class java/lang/ProcessImpl done
Event: 50.737 Loading class java/lang/ProcessImpl$2
Event: 50.738 Loading class java/lang/ProcessImpl$2 done
Event: 50.740 Loading class java/lang/Process$PipeInputStream
Event: 50.742 Loading class java/lang/Process$PipeInputStream done
Event: 50.742 Loading class jdk/internal/event/ProcessStartEvent
Event: 50.744 Loading class jdk/internal/event/ProcessStartEvent done
Event: 51.143 Loading class java/io/FileOutputStream$1
Event: 51.144 Loading class java/io/FileOutputStream$1 done

Classes unloaded (20 events):
Event: 72.884 Thread 0x0000017e3a671610 Unloading class 0x0000000100211000 'java/lang/invoke/LambdaForm$MH+0x0000000100211000'
Event: 72.884 Thread 0x0000017e3a671610 Unloading class 0x00000001001ec800 'java/lang/invoke/LambdaForm$DMH+0x00000001001ec800'
Event: 72.884 Thread 0x0000017e3a671610 Unloading class 0x00000001000d6000 'java/lang/invoke/LambdaForm$MH+0x00000001000d6000'
Event: 72.884 Thread 0x0000017e3a671610 Unloading class 0x00000001000d5c00 'java/lang/invoke/LambdaForm$MH+0x00000001000d5c00'
Event: 72.884 Thread 0x0000017e3a671610 Unloading class 0x00000001000d5800 'java/lang/invoke/LambdaForm$MH+0x00000001000d5800'
Event: 72.884 Thread 0x0000017e3a671610 Unloading class 0x00000001000d5400 'java/lang/invoke/LambdaForm$MH+0x00000001000d5400'
Event: 72.884 Thread 0x0000017e3a671610 Unloading class 0x00000001000d5000 'java/lang/invoke/LambdaForm$MH+0x00000001000d5000'
Event: 72.884 Thread 0x0000017e3a671610 Unloading class 0x00000001000d4c00 'java/lang/invoke/LambdaForm$MH+0x00000001000d4c00'
Event: 72.884 Thread 0x0000017e3a671610 Unloading class 0x00000001000d4800 'java/lang/invoke/LambdaForm$MH+0x00000001000d4800'
Event: 72.884 Thread 0x0000017e3a671610 Unloading class 0x00000001000d4400 'java/lang/invoke/LambdaForm$MH+0x00000001000d4400'
Event: 72.884 Thread 0x0000017e3a671610 Unloading class 0x00000001000ce800 'java/lang/invoke/LambdaForm$MH+0x00000001000ce800'
Event: 72.884 Thread 0x0000017e3a671610 Unloading class 0x00000001000ce400 'java/lang/invoke/LambdaForm$MH+0x00000001000ce400'
Event: 72.884 Thread 0x0000017e3a671610 Unloading class 0x00000001000ce000 'java/lang/invoke/LambdaForm$MH+0x00000001000ce000'
Event: 72.884 Thread 0x0000017e3a671610 Unloading class 0x00000001000cdc00 'java/lang/invoke/LambdaForm$MH+0x00000001000cdc00'
Event: 72.884 Thread 0x0000017e3a671610 Unloading class 0x00000001000cd800 'java/lang/invoke/LambdaForm$MH+0x00000001000cd800'
Event: 72.884 Thread 0x0000017e3a671610 Unloading class 0x00000001000cd400 'java/lang/invoke/LambdaForm$MH+0x00000001000cd400'
Event: 72.884 Thread 0x0000017e3a671610 Unloading class 0x00000001000ccc00 'java/lang/invoke/LambdaForm$MH+0x00000001000ccc00'
Event: 72.884 Thread 0x0000017e3a671610 Unloading class 0x00000001000cc800 'java/lang/invoke/LambdaForm$MH+0x00000001000cc800'
Event: 72.884 Thread 0x0000017e3a671610 Unloading class 0x00000001000cc000 'java/lang/invoke/LambdaForm$MH+0x00000001000cc000'
Event: 72.884 Thread 0x0000017e3a671610 Unloading class 0x00000001000cbc00 'java/lang/invoke/LambdaForm$MH+0x00000001000cbc00'

Classes redefined (0 events):
No events

Internal exceptions (20 events):
Event: 8.111 Thread 0x0000017e2f865660 Exception <a 'java/lang/NoSuchMethodError'{0x00000000c42135d0}: 'java.lang.Object java.lang.invoke.DirectMethodHandle$Holder.invokeSpecial(java.lang.Object, java.lang.Object, java.lang.Object, java.lang.Object, java.lang.Object, java.lang.Object, java.lang.Object, java.lang.Object, java.lang.Object, java.lang.Object)'> (0x00000000c42135d0) 
thrown [s\src\hotspot\share\interpreter\linkResolver.cpp, line 759]
Event: 8.113 Thread 0x0000017e2f865660 Exception <a 'java/lang/NoSuchMethodError'{0x00000000c4217bb8}: 'java.lang.Object java.lang.invoke.Invokers$Holder.invoke_MT(java.lang.Object, java.lang.Object, java.lang.Object, java.lang.Object, java.lang.Object, java.lang.Object, java.lang.Object, java.lang.Object, java.lang.Object, java.lang.Object)'> (0x00000000c4217bb8) 
thrown [s\src\hotspot\share\interpreter\linkResolver.cpp, line 759]
Event: 8.125 Thread 0x0000017e2f865660 Exception <a 'java/lang/NoSuchMethodError'{0x00000000c4255ab8}: 'java.lang.Object java.lang.invoke.DirectMethodHandle$Holder.invokeSpecial(java.lang.Object, java.lang.Object, int, java.lang.Object, java.lang.Object)'> (0x00000000c4255ab8) 
thrown [s\src\hotspot\share\interpreter\linkResolver.cpp, line 759]
Event: 8.126 Thread 0x0000017e2f865660 Exception <a 'java/lang/NoSuchMethodError'{0x00000000c4259760}: 'java.lang.Object java.lang.invoke.DelegatingMethodHandle$Holder.delegate(java.lang.Object, int, java.lang.Object, java.lang.Object)'> (0x00000000c4259760) 
thrown [s\src\hotspot\share\interpreter\linkResolver.cpp, line 759]
Event: 8.129 Thread 0x0000017e2f865660 Exception <a 'java/lang/NoSuchMethodError'{0x00000000c426a5c8}: 'int java.lang.invoke.Invokers$Holder.linkToTargetMethod(java.lang.Object, java.lang.Object, java.lang.Object)'> (0x00000000c426a5c8) 
thrown [s\src\hotspot\share\interpreter\linkResolver.cpp, line 759]
Event: 8.378 Thread 0x0000017e2f865660 Exception <a 'java/lang/NoSuchMethodError'{0x00000000c3e05800}: 'java.lang.Object java.lang.invoke.DirectMethodHandle$Holder.invokeStaticInit(java.lang.Object, int, int, int, int)'> (0x00000000c3e05800) 
thrown [s\src\hotspot\share\interpreter\linkResolver.cpp, line 759]
Event: 8.561 Thread 0x0000017e2f865660 Exception <a 'java/lang/NoSuchMethodError'{0x00000000c3e47008}: 'java.lang.Object java.lang.invoke.DirectMethodHandle$Holder.invokeStaticInit(java.lang.Object, java.lang.Object, int, int, int, int)'> (0x00000000c3e47008) 
thrown [s\src\hotspot\share\interpreter\linkResolver.cpp, line 759]
Event: 9.095 Thread 0x0000017e2f865660 Exception <a 'java/lang/NoSuchMethodError'{0x00000000c37e0fb0}: 'void java.lang.invoke.DirectMethodHandle$Holder.invokeSpecialIFC(java.lang.Object, java.lang.Object, java.lang.Object)'> (0x00000000c37e0fb0) 
thrown [s\src\hotspot\share\interpreter\linkResolver.cpp, line 759]
Event: 9.663 Thread 0x0000017e2f865660 Exception <a 'java/lang/NoSuchMethodError'{0x00000000c4105278}: 'int java.lang.invoke.DirectMethodHandle$Holder.invokeSpecial(java.lang.Object, java.lang.Object, java.lang.Object, java.lang.Object, java.lang.Object)'> (0x00000000c4105278) 
thrown [s\src\hotspot\share\interpreter\linkResolver.cpp, line 759]
Event: 9.744 Thread 0x0000017e2f865660 Exception <a 'java/lang/NoSuchMethodError'{0x00000000c3e92a00}: 'void java.lang.invoke.DirectMethodHandle$Holder.invokeVirtual(java.lang.Object, java.lang.Object)'> (0x00000000c3e92a00) 
thrown [s\src\hotspot\share\interpreter\linkResolver.cpp, line 759]
Event: 9.764 Thread 0x0000017e2f865660 Exception <a 'java/lang/NoSuchMethodError'{0x00000000c3ee9418}: 'int java.lang.invoke.DirectMethodHandle$Holder.invokeStaticInit(java.lang.Object, java.lang.Object, int, java.lang.Object)'> (0x00000000c3ee9418) 
thrown [s\src\hotspot\share\interpreter\linkResolver.cpp, line 759]
Event: 9.823 Thread 0x0000017e2f865660 Exception <a 'java/lang/NoSuchMethodError'{0x00000000c3c3df98}: 'void java.lang.invoke.DirectMethodHandle$Holder.invokeSpecial(java.lang.Object, java.lang.Object, java.lang.Object, java.lang.Object, java.lang.Object, java.lang.Object, java.lang.Object)'> (0x00000000c3c3df98) 
thrown [s\src\hotspot\share\interpreter\linkResolver.cpp, line 759]
Event: 10.204 Thread 0x0000017e2f865660 Exception <a 'java/lang/NoSuchMethodError'{0x00000000c36aa820}: 'java.lang.Object java.lang.invoke.DirectMethodHandle$Holder.invokeInterface(java.lang.Object, java.lang.Object, int)'> (0x00000000c36aa820) 
thrown [s\src\hotspot\share\interpreter\linkResolver.cpp, line 759]
Event: 10.210 Thread 0x0000017e2f865660 Exception <a 'java/lang/IncompatibleClassChangeError'{0x00000000c36beaf0}: Found class java.lang.Object, but interface was expected> (0x00000000c36beaf0) 
thrown [s\src\hotspot\share\interpreter\linkResolver.cpp, line 826]
Event: 10.474 Thread 0x0000017e2f865660 Exception <a 'java/lang/NoSuchMethodError'{0x00000000c5c5bfc0}: 'java.lang.Object java.lang.invoke.DirectMethodHandle$Holder.newInvokeSpecial(java.lang.Object, java.lang.Object, int, java.lang.Object, java.lang.Object)'> (0x00000000c5c5bfc0) 
thrown [s\src\hotspot\share\interpreter\linkResolver.cpp, line 759]
Event: 10.478 Thread 0x0000017e2f865660 Exception <a 'java/lang/NoSuchMethodError'{0x00000000c5c6fe08}: 'java.lang.Object java.lang.invoke.DirectMethodHandle$Holder.newInvokeSpecial(java.lang.Object, java.lang.Object, java.lang.Object, int)'> (0x00000000c5c6fe08) 
thrown [s\src\hotspot\share\interpreter\linkResolver.cpp, line 759]
Event: 10.478 Thread 0x0000017e2f865660 Exception <a 'java/lang/NoSuchMethodError'{0x00000000c5c740f0}: 'java.lang.Object java.lang.invoke.DirectMethodHandle$Holder.invokeSpecial(java.lang.Object, java.lang.Object, java.lang.Object, java.lang.Object, int)'> (0x00000000c5c740f0) 
thrown [s\src\hotspot\share\interpreter\linkResolver.cpp, line 759]
Event: 10.479 Thread 0x0000017e2f865660 Exception <a 'java/lang/NoSuchMethodError'{0x00000000c5c77cb8}: 'java.lang.Object java.lang.invoke.Invokers$Holder.linkToTargetMethod(java.lang.Object, java.lang.Object, int, java.lang.Object)'> (0x00000000c5c77cb8) 
thrown [s\src\hotspot\share\interpreter\linkResolver.cpp, line 759]
Event: 50.719 Thread 0x0000017e403e2340 Exception <a 'java/lang/NoSuchMethodError'{0x00000000c5df9ac8}: 'void java.lang.invoke.DirectMethodHandle$Holder.invokeStatic(java.lang.Object, long)'> (0x00000000c5df9ac8) 
thrown [s\src\hotspot\share\interpreter\linkResolver.cpp, line 759]
Event: 50.733 Thread 0x0000017e403e2340 Exception <a 'java/lang/NoSuchMethodError'{0x00000000c5dfee70}: 'java.lang.Object java.lang.invoke.DirectMethodHandle$Holder.newInvokeSpecial(java.lang.Object, long)'> (0x00000000c5dfee70) 
thrown [s\src\hotspot\share\interpreter\linkResolver.cpp, line 759]

VM Operations (20 events):
Event: 1099.344 Executing VM operation: G1CollectFull done
Event: 1109.604 Executing VM operation: G1CollectFull
Event: 1109.624 Executing VM operation: G1CollectFull done
Event: 1119.880 Executing VM operation: G1CollectFull
Event: 1119.898 Executing VM operation: G1CollectFull done
Event: 1130.190 Executing VM operation: G1CollectFull
Event: 1130.208 Executing VM operation: G1CollectFull done
Event: 1140.512 Executing VM operation: G1CollectFull
Event: 1140.535 Executing VM operation: G1CollectFull done
Event: 1150.800 Executing VM operation: G1CollectFull
Event: 1150.818 Executing VM operation: G1CollectFull done
Event: 1161.081 Executing VM operation: G1CollectFull
Event: 1161.100 Executing VM operation: G1CollectFull done
Event: 1171.460 Executing VM operation: G1CollectFull
Event: 1171.486 Executing VM operation: G1CollectFull done
Event: 1181.770 Executing VM operation: G1CollectFull
Event: 1181.788 Executing VM operation: G1CollectFull done
Event: 1192.141 Executing VM operation: G1CollectFull
Event: 1192.161 Executing VM operation: G1CollectFull done
Event: 1202.233 Executing VM operation: G1CollectFull

Events (20 events):
Event: 6.791 Thread 0x0000017e3fbf7860 Thread exited: 0x0000017e3fbf7860
Event: 7.057 Thread 0x0000017e3fe79740 Thread added: 0x0000017e3fe79740
Event: 7.059 Thread 0x0000017e3fe79c20 Thread added: 0x0000017e3fe79c20
Event: 7.059 Thread 0x0000017e3fe90e00 Thread added: 0x0000017e3fe90e00
Event: 7.059 Thread 0x0000017e3fe912e0 Thread added: 0x0000017e3fe912e0
Event: 7.562 Thread 0x0000017e3f5b5340 Thread added: 0x0000017e3f5b5340
Event: 7.563 Thread 0x0000017e3f5b5340 Thread exited: 0x0000017e3f5b5340
Event: 10.328 Thread 0x0000017e40327c80 Thread added: 0x0000017e40327c80
Event: 10.448 Thread 0x0000017e403e2340 Thread added: 0x0000017e403e2340
Event: 10.524 Thread 0x0000017e405ebf90 Thread added: 0x0000017e405ebf90
Event: 10.525 Thread 0x0000017e2f865660 Thread exited: 0x0000017e2f865660
Event: 10.525 Thread 0x0000017e405eddf0 Thread added: 0x0000017e405eddf0
Event: 10.658 Thread 0x0000017e405ed3d0 Thread added: 0x0000017e405ed3d0
Event: 10.991 Thread 0x0000017e405ec4a0 Thread added: 0x0000017e405ec4a0
Event: 11.594 Thread 0x0000017e405ee300 Thread added: 0x0000017e405ee300
Event: 11.610 Thread 0x0000017e3fd17460 Thread exited: 0x0000017e3fd17460
Event: 67.090 Thread 0x0000017e3fe912e0 Thread exited: 0x0000017e3fe912e0
Event: 127.099 Thread 0x0000017e3fe79740 Thread exited: 0x0000017e3fe79740
Event: 187.113 Thread 0x0000017e3fe90e00 Thread exited: 0x0000017e3fe90e00
Event: 247.129 Thread 0x0000017e3fe79c20 Thread exited: 0x0000017e3fe79c20


Dynamic libraries:
0x00007ff639cb0000 - 0x00007ff639cbe000 	c:\Users\hawad\.vscode\extensions\redhat.java-1.35.1-win32-x64\jre\17.0.12-win32-x86_64\bin\java.exe
0x00007ff8e5730000 - 0x00007ff8e5947000 	C:\Windows\SYSTEM32\ntdll.dll
0x00007ff8e4a90000 - 0x00007ff8e4b54000 	C:\Windows\System32\KERNEL32.DLL
0x00007ff8e3050000 - 0x00007ff8e33fd000 	C:\Windows\System32\KERNELBASE.dll
0x00007ff8e2bc0000 - 0x00007ff8e2cd1000 	C:\Windows\System32\ucrtbase.dll
0x00007ff8bcec0000 - 0x00007ff8bced7000 	c:\Users\hawad\.vscode\extensions\redhat.java-1.35.1-win32-x64\jre\17.0.12-win32-x86_64\bin\jli.dll
0x00007ff8bce70000 - 0x00007ff8bce8b000 	c:\Users\hawad\.vscode\extensions\redhat.java-1.35.1-win32-x64\jre\17.0.12-win32-x86_64\bin\VCRUNTIME140.dll
0x00007ff8e4e90000 - 0x00007ff8e503e000 	C:\Windows\System32\USER32.dll
0x00007ff8e3400000 - 0x00007ff8e3426000 	C:\Windows\System32\win32u.dll
0x00007ff8e46b0000 - 0x00007ff8e46d9000 	C:\Windows\System32\GDI32.dll
0x00007ff8e2f30000 - 0x00007ff8e3049000 	C:\Windows\System32\gdi32full.dll
0x00007ff8e2ce0000 - 0x00007ff8e2d7a000 	C:\Windows\System32\msvcp_win.dll
0x00007ff8c05f0000 - 0x00007ff8c0883000 	C:\Windows\WinSxS\amd64_microsoft.windows.common-controls_6595b64144ccf1df_6.0.22621.3672_none_2713b9d173822955\COMCTL32.dll
0x00007ff8e3460000 - 0x00007ff8e3507000 	C:\Windows\System32\msvcrt.dll
0x00007ff8e52a0000 - 0x00007ff8e52d1000 	C:\Windows\System32\IMM32.DLL
0x00007ff8bdca0000 - 0x00007ff8bdcac000 	c:\Users\hawad\.vscode\extensions\redhat.java-1.35.1-win32-x64\jre\17.0.12-win32-x86_64\bin\vcruntime140_1.dll
0x00007ff8a62f0000 - 0x00007ff8a637d000 	c:\Users\hawad\.vscode\extensions\redhat.java-1.35.1-win32-x64\jre\17.0.12-win32-x86_64\bin\msvcp140.dll
0x00007ff8673a0000 - 0x00007ff86800a000 	c:\Users\hawad\.vscode\extensions\redhat.java-1.35.1-win32-x64\jre\17.0.12-win32-x86_64\bin\server\jvm.dll
0x00007ff8e46e0000 - 0x00007ff8e4792000 	C:\Windows\System32\ADVAPI32.dll
0x00007ff8e5040000 - 0x00007ff8e50e9000 	C:\Windows\System32\sechost.dll
0x00007ff8e3430000 - 0x00007ff8e3458000 	C:\Windows\System32\bcrypt.dll
0x00007ff8e47a0000 - 0x00007ff8e48b4000 	C:\Windows\System32\RPCRT4.dll
0x00007ff8e3990000 - 0x00007ff8e3a01000 	C:\Windows\System32\WS2_32.dll
0x00007ff8e24e0000 - 0x00007ff8e252d000 	C:\Windows\SYSTEM32\POWRPROF.dll
0x00007ff8d96f0000 - 0x00007ff8d96fa000 	C:\Windows\SYSTEM32\VERSION.dll
0x00007ff8dcce0000 - 0x00007ff8dcd14000 	C:\Windows\SYSTEM32\WINMM.dll
0x00007ff8e23d0000 - 0x00007ff8e23e3000 	C:\Windows\SYSTEM32\UMPDC.dll
0x00007ff8e1aa0000 - 0x00007ff8e1ab8000 	C:\Windows\SYSTEM32\kernel.appcore.dll
0x00007ff8bd5d0000 - 0x00007ff8bd5da000 	c:\Users\hawad\.vscode\extensions\redhat.java-1.35.1-win32-x64\jre\17.0.12-win32-x86_64\bin\jimage.dll
0x00007ff8e0460000 - 0x00007ff8e0692000 	C:\Windows\SYSTEM32\DBGHELP.DLL
0x00007ff8e52e0000 - 0x00007ff8e566e000 	C:\Windows\System32\combase.dll
0x00007ff8e3a70000 - 0x00007ff8e3b47000 	C:\Windows\System32\OLEAUT32.dll
0x00007ff8d3d30000 - 0x00007ff8d3d62000 	C:\Windows\SYSTEM32\dbgcore.DLL
0x00007ff8e2eb0000 - 0x00007ff8e2f2b000 	C:\Windows\System32\bcryptPrimitives.dll
0x00007ff8bcd40000 - 0x00007ff8bcd65000 	c:\Users\hawad\.vscode\extensions\redhat.java-1.35.1-win32-x64\jre\17.0.12-win32-x86_64\bin\java.dll
0x00007ff8bce00000 - 0x00007ff8bce18000 	c:\Users\hawad\.vscode\extensions\redhat.java-1.35.1-win32-x64\jre\17.0.12-win32-x86_64\bin\zip.dll
0x00007ff8e3e40000 - 0x00007ff8e46a7000 	C:\Windows\System32\SHELL32.dll
0x00007ff8e0990000 - 0x00007ff8e128f000 	C:\Windows\SYSTEM32\windows.storage.dll
0x00007ff8e0850000 - 0x00007ff8e098f000 	C:\Windows\SYSTEM32\wintypes.dll
0x00007ff8e3d40000 - 0x00007ff8e3e39000 	C:\Windows\System32\SHCORE.dll
0x00007ff8e4ca0000 - 0x00007ff8e4cfe000 	C:\Windows\System32\shlwapi.dll
0x00007ff8e2980000 - 0x00007ff8e29a7000 	C:\Windows\SYSTEM32\profapi.dll
0x00007ff8b8530000 - 0x00007ff8b8549000 	C:\Users\hawad\.vscode\extensions\redhat.java-1.35.1-win32-x64\jre\17.0.12-win32-x86_64\bin\net.dll
0x00007ff8de180000 - 0x00007ff8de2b6000 	C:\Windows\SYSTEM32\WINHTTP.dll
0x00007ff8e1f10000 - 0x00007ff8e1f79000 	C:\Windows\system32\mswsock.dll
0x00007ff8bb7b0000 - 0x00007ff8bb7c6000 	C:\Users\hawad\.vscode\extensions\redhat.java-1.35.1-win32-x64\jre\17.0.12-win32-x86_64\bin\nio.dll
0x00007ff8bbbe0000 - 0x00007ff8bbbf0000 	c:\Users\hawad\.vscode\extensions\redhat.java-1.35.1-win32-x64\jre\17.0.12-win32-x86_64\bin\verify.dll
0x00007ff8e2160000 - 0x00007ff8e217b000 	C:\Windows\SYSTEM32\CRYPTSP.dll
0x00007ff8e1a00000 - 0x00007ff8e1a35000 	C:\Windows\system32\rsaenh.dll
0x00007ff8e2000000 - 0x00007ff8e2028000 	C:\Windows\SYSTEM32\USERENV.dll
0x00007ff8e2180000 - 0x00007ff8e218c000 	C:\Windows\SYSTEM32\CRYPTBASE.dll
0x00007ff8e1500000 - 0x00007ff8e152d000 	C:\Windows\SYSTEM32\IPHLPAPI.DLL
0x00007ff8e4b60000 - 0x00007ff8e4b69000 	C:\Windows\System32\NSI.dll
0x00007ff8ddd80000 - 0x00007ff8ddd99000 	C:\Windows\SYSTEM32\dhcpcsvc6.DLL
0x00007ff8ddd60000 - 0x00007ff8ddd7f000 	C:\Windows\SYSTEM32\dhcpcsvc.DLL
0x00007ff8e1530000 - 0x00007ff8e1628000 	C:\Windows\SYSTEM32\DNSAPI.dll
0x00007ff8bcd30000 - 0x00007ff8bcd39000 	C:\Users\hawad\.vscode\extensions\redhat.java-1.35.1-win32-x64\jre\17.0.12-win32-x86_64\bin\management.dll
0x00007ff8bcc30000 - 0x00007ff8bcc3b000 	C:\Users\hawad\.vscode\extensions\redhat.java-1.35.1-win32-x64\jre\17.0.12-win32-x86_64\bin\management_ext.dll
0x00007ff8e4d00000 - 0x00007ff8e4d08000 	C:\Windows\System32\PSAPI.DLL

dbghelp: loaded successfully - version: 4.0.5 - missing functions: none
symbol engine: initialized successfully - sym options: 0x614 - pdb path: .;c:\Users\hawad\.vscode\extensions\redhat.java-1.35.1-win32-x64\jre\17.0.12-win32-x86_64\bin;C:\Windows\SYSTEM32;C:\Windows\WinSxS\amd64_microsoft.windows.common-controls_6595b64144ccf1df_6.0.22621.3672_none_2713b9d173822955;c:\Users\hawad\.vscode\extensions\redhat.java-1.35.1-win32-x64\jre\17.0.12-win32-x86_64\bin\server

VM Arguments:
jvm_args: -Xmx1024m -Dsts.lsp.client=vscode -Dsts.log.file=/dev/null -XX:TieredStopAtLevel=1 -Xlog:jni+resolve=off 
java_command: c:\Users\hawad\.vscode\extensions\vmware.vscode-spring-boot-1.57.0\language-server\spring-boot-language-server-1.57.0-SNAPSHOT-exec.jar
java_class_path (initial): c:\Users\hawad\.vscode\extensions\vmware.vscode-spring-boot-1.57.0\language-server\spring-boot-language-server-1.57.0-SNAPSHOT-exec.jar
Launcher Type: SUN_STANDARD

[Global flags]
     intx CICompilerCount                          = 4                                         {product} {ergonomic}
     uint ConcGCThreads                            = 2                                         {product} {ergonomic}
     uint G1ConcRefinementThreads                  = 8                                         {product} {ergonomic}
   size_t G1HeapRegionSize                         = 1048576                                   {product} {ergonomic}
    uintx GCDrainStackTargetSize                   = 64                                        {product} {ergonomic}
   size_t InitialHeapSize                          = 98566144                                  {product} {ergonomic}
   size_t MarkStackSize                            = 4194304                                   {product} {ergonomic}
   size_t MaxHeapSize                              = 1073741824                                {product} {command line}
   size_t MaxNewSize                               = 643825664                                 {product} {ergonomic}
   size_t MinHeapDeltaBytes                        = 1048576                                   {product} {ergonomic}
   size_t MinHeapSize                              = 8388608                                   {product} {ergonomic}
    uintx NonProfiledCodeHeapSize                  = 0                                      {pd product} {ergonomic}
     bool ProfileInterpreter                       = false                                  {pd product} {command line}
    uintx ProfiledCodeHeapSize                     = 0                                      {pd product} {ergonomic}
   size_t SoftMaxHeapSize                          = 1073741824                             {manageable} {ergonomic}
     intx TieredStopAtLevel                        = 1                                         {product} {command line}
     bool UseCompressedClassPointers               = true                           {product lp64_product} {ergonomic}
     bool UseCompressedOops                        = true                           {product lp64_product} {ergonomic}
     bool UseG1GC                                  = true                                      {product} {ergonomic}
     bool UseLargePagesIndividualAllocation        = false                                  {pd product} {ergonomic}

Logging:
Log output configuration:
 #0: stdout all=warning,jni+resolve=off uptime,level,tags
 #1: stderr all=off uptime,level,tags

Environment Variables:
PATH=C:\Program Files\Common Files\Oracle\Java\javapath;C:\Windows\system32;C:\Windows;C:\Windows\System32\Wbem;C:\Windows\System32\WindowsPowerShell\v1.0\;C:\Windows\System32\OpenSSH\;C:\Program Files (x86)\sbt\bin;C:\Program Files\Git\cmd;C:\Users\hawad\Downloads\gradle-8.8-all\gradle-8.8\bin;C:\Users\hawad\AppData\Local\Programs\Eclipse Adoptium\jdk-21.0.4.7-hotspot\bin;C:\Users\hawad\AppData\Local\Microsoft\WindowsApps;C:\Users\hawad\AppData\Local\Programs\Microsoft VS Code\bin;C:\Program Files\JetBrains\IntelliJ IDEA Community Edition 2024.2.2\bin;C:\Program Files\Java\jdk-21\bin;;C:\Users\hawad\AppData\Local\Coursier\data\bin
USERNAME=hawad
OS=Windows_NT
PROCESSOR_IDENTIFIER=AMD64 Family 23 Model 160 Stepping 0, AuthenticAMD
TMP=C:\Users\hawad\AppData\Local\Temp
TEMP=C:\Users\hawad\AppData\Local\Temp



Periodic native trim disabled


---------------  S Y S T E M  ---------------

OS:
 Windows 11 , 64 bit Build 22621 (10.0.22621.3958)
OS uptime: 13 days 9:46 hours
Hyper-V role detected

CPU: total 8 (initial active 8) (8 cores per cpu, 2 threads per core) family 23 model 160 stepping 0 microcode 0x0, cx8, cmov, fxsr, ht, mmx, 3dnowpref, sse, sse2, sse3, ssse3, sse4a, sse4.1, sse4.2, popcnt, lzcnt, tsc, tscinvbit, avx, avx2, aes, clmul, bmi1, bmi2, adx, sha, fma, vzeroupper, clflush, clflushopt, hv
Processor Information for all 8 processors :
  Max Mhz: 2401, Current Mhz: 2401, Mhz Limit: 2401

Memory: 4k page, system-wide physical 5965M (324M free)
TotalPageFile size 24397M (AvailPageFile size 0M)
current process WorkingSet (physical memory assigned to process): 43M, peak: 159M
current process commit charge ("private bytes"): 213M, peak: 219M

vm_info: OpenJDK 64-Bit Server VM (17.0.12+7) for windows-amd64 JRE (17.0.12+7), built on Jul 16 2024 22:08:24 by "admin" with MS VC++ 16.10 / 16.11 (VS2019)

END.
