#
# There is insufficient memory for the Java Runtime Environment to continue.
# Native memory allocation (malloc) failed to allocate 2308960 bytes. Error detail: Chunk::new
# Possible reasons:
#   The system is out of physical RAM or swap space
#   This process is running with CompressedOops enabled, and the Java Heap may be blocking the growth of the native heap
# Possible solutions:
#   Reduce memory load on the system
#   Increase physical memory or swap space
#   Check if swap backing store is full
#   Decrease Java heap size (-Xmx/-Xms)
#   Decrease number of Java threads
#   Decrease Java thread stack sizes (-Xss)
#   Set larger code cache with -XX:ReservedCodeCacheSize=
#   JVM is running with Unscaled Compressed Oops mode in which the Java heap is
#     placed in the first 4GB address space. The Java Heap base address is the
#     maximum limit for the native heap growth. Please use -XX:HeapBaseMinAddress
#     to set the Java Heap base and to place the Java Heap above 4GB virtual address.
# This output file may be truncated or incomplete.
#
#  Out of Memory Error (arena.cpp:168), pid=2848, tid=21972
#
# JRE version: OpenJDK Runtime Environment Temurin-21.0.4+7 (21.0.4+7) (build 21.0.4+7-LTS)
# Java VM: OpenJDK 64-Bit Server VM Temurin-21.0.4+7 (21.0.4+7-LTS, mixed mode, sharing, tiered, compressed oops, compressed class ptrs, g1 gc, windows-amd64)
# No core dump will be written. Minidumps are not enabled by default on client versions of Windows
#

---------------  S U M M A R Y ------------

Command Line: --add-exports=jdk.compiler/com.sun.tools.javac.util=ALL-UNNAMED --add-opens=java.base/java.util.concurrent.atomic=ALL-UNNAMED -XX:MaxMetaspaceSize=384m -XX:+HeapDumpOnOutOfMemoryError --add-opens=java.base/java.util=ALL-UNNAMED --add-opens=java.base/java.lang=ALL-UNNAMED --add-opens=java.base/java.lang.invoke=ALL-UNNAMED --add-opens=java.prefs/java.util.prefs=ALL-UNNAMED --add-exports=jdk.compiler/com.sun.tools.javac.api=ALL-UNNAMED --add-exports=jdk.compiler/com.sun.tools.javac.util=ALL-UNNAMED --add-opens=java.base/java.nio.charset=ALL-UNNAMED --add-opens=java.base/java.net=ALL-UNNAMED --add-opens=java.base/java.util.concurrent.atomic=ALL-UNNAMED -Xms256m -Xmx512m -Dfile.encoding=UTF-8 -Duser.country=FR -Duser.language=fr -Duser.variant -javaagent:C:\Users\hawad\.gradle\wrapper\dists\gradle-8.10.2-bin\a04bxjujx95o3nb99gddekhwo\gradle-8.10.2\lib\agents\gradle-instrumentation-agent-8.10.2.jar org.gradle.launcher.daemon.bootstrap.GradleDaemon 8.10.2

Host: AMD Ryzen 3 7320U with Radeon Graphics         , 8 cores, 5G,  Windows 11 , 64 bit Build 22621 (10.0.22621.4391)
Time: Wed Jan 29 15:19:24 2025 Paris, Madrid elapsed time: 40.469274 seconds (0d 0h 0m 40s)

---------------  T H R E A D  ---------------

Current thread (0x0000019e4c939ca0):  JavaThread "C2 CompilerThread0" daemon [_thread_in_native, id=21972, stack(0x0000009d2d100000,0x0000009d2d200000) (1024K)]


Current CompileTask:
C2:  40469 6227       4       java.net.URLClassLoader$1::run (5 bytes)

Stack: [0x0000009d2d100000,0x0000009d2d200000]
Native frames: (J=compiled Java code, j=interpreted, Vv=VM code, C=native code)
V  [jvm.dll+0x6cbcf9]
V  [jvm.dll+0x8a5551]
V  [jvm.dll+0x8a7a7e]
V  [jvm.dll+0x8a8153]
V  [jvm.dll+0x27eca6]
V  [jvm.dll+0xc4aad]
V  [jvm.dll+0xc4fe3]
V  [jvm.dll+0x3b513c]
V  [jvm.dll+0x1df999]
V  [jvm.dll+0x247262]
V  [jvm.dll+0x2466ef]
V  [jvm.dll+0x1c6f7e]
V  [jvm.dll+0x255e7a]
V  [jvm.dll+0x25441a]
V  [jvm.dll+0x3eeef6]
V  [jvm.dll+0x84f17b]
V  [jvm.dll+0x6ca3fd]
C  [ucrtbase.dll+0x29333]
C  [KERNEL32.DLL+0x1259d]
C  [ntdll.dll+0x5af38]


---------------  P R O C E S S  ---------------

Threads class SMR info:
_java_thread_list=0x0000019e69baf530, length=60, elements={
0x0000019e31a7e580, 0x0000019e4c921fa0, 0x0000019e4c922c60, 0x0000019e4c926620,
0x0000019e4c92a1a0, 0x0000019e4c934c20, 0x0000019e4c938de0, 0x0000019e4c939ca0,
0x0000019e4c93a870, 0x0000019e4c9e8110, 0x0000019e4cc070b0, 0x0000019e66799860,
0x0000019e4ca7a730, 0x0000019e6615dd30, 0x0000019e66beae00, 0x0000019e66beb470,
0x0000019e667d6330, 0x0000019e6786d040, 0x0000019e6786af70, 0x0000019e6786b600,
0x0000019e6786bc90, 0x0000019e6786c9b0, 0x0000019e6786dd60, 0x0000019e6786d6d0,
0x0000019e6786c320, 0x0000019e67ad1280, 0x0000019e67acc3c0, 0x0000019e67acd0e0,
0x0000019e67ad0560, 0x0000019e67acca50, 0x0000019e67ad0bf0, 0x0000019e67ad2630,
0x0000019e67acf1b0, 0x0000019e67ad2cc0, 0x0000019e67acbd30, 0x0000019e67acd770,
0x0000019e67ad1910, 0x0000019e67ad3350, 0x0000019e67acde00, 0x0000019e67ace490,
0x0000019e67acfed0, 0x0000019e67ad1fa0, 0x0000019e681fe120, 0x0000019e68200f10,
0x0000019e681fd400, 0x0000019e681fda90, 0x0000019e68201c30, 0x0000019e681ffb60,
0x0000019e68203d00, 0x0000019e681fe7b0, 0x0000019e68204390, 0x0000019e682015a0,
0x0000019e68204a20, 0x0000019e682022c0, 0x0000019e68202950, 0x0000019e681fee40,
0x0000019e681ff4d0, 0x0000019e682001f0, 0x0000019e68202fe0, 0x0000019e68200880
}

Java Threads: ( => current thread )
  0x0000019e31a7e580 JavaThread "main"                              [_thread_blocked, id=25112, stack(0x0000009d2c300000,0x0000009d2c400000) (1024K)]
  0x0000019e4c921fa0 JavaThread "Reference Handler"          daemon [_thread_blocked, id=21252, stack(0x0000009d2cb00000,0x0000009d2cc00000) (1024K)]
  0x0000019e4c922c60 JavaThread "Finalizer"                  daemon [_thread_blocked, id=24916, stack(0x0000009d2cc00000,0x0000009d2cd00000) (1024K)]
  0x0000019e4c926620 JavaThread "Signal Dispatcher"          daemon [_thread_blocked, id=17700, stack(0x0000009d2cd00000,0x0000009d2ce00000) (1024K)]
  0x0000019e4c92a1a0 JavaThread "Attach Listener"            daemon [_thread_blocked, id=10964, stack(0x0000009d2ce00000,0x0000009d2cf00000) (1024K)]
  0x0000019e4c934c20 JavaThread "Service Thread"             daemon [_thread_blocked, id=25952, stack(0x0000009d2cf00000,0x0000009d2d000000) (1024K)]
  0x0000019e4c938de0 JavaThread "Monitor Deflation Thread"   daemon [_thread_blocked, id=13832, stack(0x0000009d2d000000,0x0000009d2d100000) (1024K)]
=>0x0000019e4c939ca0 JavaThread "C2 CompilerThread0"         daemon [_thread_in_native, id=21972, stack(0x0000009d2d100000,0x0000009d2d200000) (1024K)]
  0x0000019e4c93a870 JavaThread "C1 CompilerThread0"         daemon [_thread_blocked, id=24308, stack(0x0000009d2d200000,0x0000009d2d300000) (1024K)]
  0x0000019e4c9e8110 JavaThread "Common-Cleaner"             daemon [_thread_blocked, id=29192, stack(0x0000009d2d300000,0x0000009d2d400000) (1024K)]
  0x0000019e4cc070b0 JavaThread "Notification Thread"        daemon [_thread_blocked, id=24532, stack(0x0000009d2d400000,0x0000009d2d500000) (1024K)]
  0x0000019e66799860 JavaThread "Daemon health stats"               [_thread_blocked, id=9220, stack(0x0000009d2dc00000,0x0000009d2dd00000) (1024K)]
  0x0000019e4ca7a730 JavaThread "Incoming local TCP Connector on port 56961"        [_thread_in_native, id=5548, stack(0x0000009d2dd00000,0x0000009d2de00000) (1024K)]
  0x0000019e6615dd30 JavaThread "Daemon periodic checks"            [_thread_blocked, id=4952, stack(0x0000009d2de00000,0x0000009d2df00000) (1024K)]
  0x0000019e66beae00 JavaThread "Daemon"                            [_thread_blocked, id=21496, stack(0x0000009d2df00000,0x0000009d2e000000) (1024K)]
  0x0000019e66beb470 JavaThread "Handler for socket connection from /127.0.0.1:56961 to /127.0.0.1:56962"        [_thread_in_native, id=26124, stack(0x0000009d2e000000,0x0000009d2e100000) (1024K)]
  0x0000019e667d6330 JavaThread "Cancel handler"                    [_thread_blocked, id=15056, stack(0x0000009d2e100000,0x0000009d2e200000) (1024K)]
  0x0000019e6786d040 JavaThread "Daemon worker"                     [_thread_blocked, id=24528, stack(0x0000009d2e200000,0x0000009d2e300000) (1024K)]
  0x0000019e6786af70 JavaThread "Asynchronous log dispatcher for DefaultDaemonConnection: socket connection from /127.0.0.1:56961 to /127.0.0.1:56962"        [_thread_blocked, id=22924, stack(0x0000009d2e300000,0x0000009d2e400000) (1024K)]
  0x0000019e6786b600 JavaThread "Stdin handler"                     [_thread_blocked, id=27352, stack(0x0000009d2e400000,0x0000009d2e500000) (1024K)]
  0x0000019e6786bc90 JavaThread "Daemon client event forwarder"        [_thread_blocked, id=12588, stack(0x0000009d2e500000,0x0000009d2e600000) (1024K)]
  0x0000019e6786c9b0 JavaThread "Cache worker for journal cache (C:\Users\hawad\.gradle\caches\journal-1)"        [_thread_blocked, id=20688, stack(0x0000009d2e600000,0x0000009d2e700000) (1024K)]
  0x0000019e6786dd60 JavaThread "File lock request listener"        [_thread_in_native, id=21560, stack(0x0000009d2e700000,0x0000009d2e800000) (1024K)]
  0x0000019e6786d6d0 JavaThread "Cache worker for file hash cache (C:\Users\hawad\.gradle\caches\8.10.2\fileHashes)"        [_thread_blocked, id=10248, stack(0x0000009d2e800000,0x0000009d2e900000) (1024K)]
  0x0000019e6786c320 JavaThread "Cache worker for file hash cache (C:\Users\hawad\Documents\devops-noah\Backend\.gradle\8.10.2\fileHashes)"        [_thread_blocked, id=21660, stack(0x0000009d2ea00000,0x0000009d2eb00000) (1024K)]
  0x0000019e67ad1280 JavaThread "Cache worker for Build Output Cleanup Cache (C:\Users\hawad\Documents\devops-noah\Backend\.gradle\buildOutputCleanup)"        [_thread_blocked, id=28052, stack(0x0000009d2eb00000,0x0000009d2ec00000) (1024K)]
  0x0000019e67acc3c0 JavaThread "File watcher server"        daemon [_thread_in_native, id=18884, stack(0x0000009d2ec00000,0x0000009d2ed00000) (1024K)]
  0x0000019e67acd0e0 JavaThread "File watcher consumer"      daemon [_thread_blocked, id=19688, stack(0x0000009d2ed00000,0x0000009d2ee00000) (1024K)]
  0x0000019e67ad0560 JavaThread "jar transforms"                    [_thread_blocked, id=8808, stack(0x0000009d2ee00000,0x0000009d2ef00000) (1024K)]
  0x0000019e67acca50 JavaThread "jar transforms Thread 2"           [_thread_blocked, id=2812, stack(0x0000009d2ef00000,0x0000009d2f000000) (1024K)]
  0x0000019e67ad0bf0 JavaThread "jar transforms Thread 3"           [_thread_blocked, id=18364, stack(0x0000009d2f000000,0x0000009d2f100000) (1024K)]
  0x0000019e67ad2630 JavaThread "jar transforms Thread 4"           [_thread_blocked, id=9084, stack(0x0000009d2f100000,0x0000009d2f200000) (1024K)]
  0x0000019e67acf1b0 JavaThread "jar transforms Thread 5"           [_thread_blocked, id=26892, stack(0x0000009d2f200000,0x0000009d2f300000) (1024K)]
  0x0000019e67ad2cc0 JavaThread "jar transforms Thread 6"           [_thread_blocked, id=29568, stack(0x0000009d2f300000,0x0000009d2f400000) (1024K)]
  0x0000019e67acbd30 JavaThread "jar transforms Thread 7"           [_thread_blocked, id=21456, stack(0x0000009d2f400000,0x0000009d2f500000) (1024K)]
  0x0000019e67acd770 JavaThread "jar transforms Thread 8"           [_thread_blocked, id=15452, stack(0x0000009d2f500000,0x0000009d2f600000) (1024K)]
  0x0000019e67ad1910 JavaThread "Cache worker for checksums cache (C:\Users\hawad\Documents\devops-noah\Backend\.gradle\8.10.2\checksums)"        [_thread_blocked, id=20120, stack(0x0000009d2f600000,0x0000009d2f700000) (1024K)]
  0x0000019e67ad3350 JavaThread "Cache worker for file content cache (C:\Users\hawad\.gradle\caches\8.10.2\fileContent)"        [_thread_blocked, id=27476, stack(0x0000009d2f700000,0x0000009d2f800000) (1024K)]
  0x0000019e67acde00 JavaThread "Cache worker for cache directory md-rule (C:\Users\hawad\.gradle\caches\8.10.2\md-rule)"        [_thread_blocked, id=29324, stack(0x0000009d2f800000,0x0000009d2f900000) (1024K)]
  0x0000019e67ace490 JavaThread "Cache worker for cache directory md-supplier (C:\Users\hawad\.gradle\caches\8.10.2\md-supplier)"        [_thread_blocked, id=17540, stack(0x0000009d2f900000,0x0000009d2fa00000) (1024K)]
  0x0000019e67acfed0 JavaThread "Unconstrained build operations"        [_thread_blocked, id=21528, stack(0x0000009d2fa00000,0x0000009d2fb00000) (1024K)]
  0x0000019e67ad1fa0 JavaThread "Unconstrained build operations Thread 2"        [_thread_blocked, id=20328, stack(0x0000009d2fb00000,0x0000009d2fc00000) (1024K)]
  0x0000019e681fe120 JavaThread "Unconstrained build operations Thread 3"        [_thread_blocked, id=28440, stack(0x0000009d2fc00000,0x0000009d2fd00000) (1024K)]
  0x0000019e68200f10 JavaThread "Unconstrained build operations Thread 4"        [_thread_blocked, id=29360, stack(0x0000009d2fd00000,0x0000009d2fe00000) (1024K)]
  0x0000019e681fd400 JavaThread "Unconstrained build operations Thread 5"        [_thread_blocked, id=20072, stack(0x0000009d2fe00000,0x0000009d2ff00000) (1024K)]
  0x0000019e681fda90 JavaThread "Unconstrained build operations Thread 6"        [_thread_blocked, id=25360, stack(0x0000009d2ff00000,0x0000009d30000000) (1024K)]
  0x0000019e68201c30 JavaThread "Unconstrained build operations Thread 7"        [_thread_blocked, id=2252, stack(0x0000009d30000000,0x0000009d30100000) (1024K)]
  0x0000019e681ffb60 JavaThread "Unconstrained build operations Thread 8"        [_thread_blocked, id=4624, stack(0x0000009d30100000,0x0000009d30200000) (1024K)]
  0x0000019e68203d00 JavaThread "Unconstrained build operations Thread 9"        [_thread_blocked, id=26816, stack(0x0000009d30200000,0x0000009d30300000) (1024K)]
  0x0000019e681fe7b0 JavaThread "Unconstrained build operations Thread 10"        [_thread_blocked, id=7184, stack(0x0000009d30300000,0x0000009d30400000) (1024K)]
  0x0000019e68204390 JavaThread "Unconstrained build operations Thread 11"        [_thread_blocked, id=18932, stack(0x0000009d30400000,0x0000009d30500000) (1024K)]
  0x0000019e682015a0 JavaThread "Unconstrained build operations Thread 12"        [_thread_blocked, id=15216, stack(0x0000009d30500000,0x0000009d30600000) (1024K)]
  0x0000019e68204a20 JavaThread "Unconstrained build operations Thread 13"        [_thread_blocked, id=5740, stack(0x0000009d30600000,0x0000009d30700000) (1024K)]
  0x0000019e682022c0 JavaThread "Unconstrained build operations Thread 14"        [_thread_blocked, id=24204, stack(0x0000009d30700000,0x0000009d30800000) (1024K)]
  0x0000019e68202950 JavaThread "Unconstrained build operations Thread 15"        [_thread_blocked, id=12872, stack(0x0000009d30900000,0x0000009d30a00000) (1024K)]
  0x0000019e681fee40 JavaThread "Unconstrained build operations Thread 16"        [_thread_blocked, id=25948, stack(0x0000009d30a00000,0x0000009d30b00000) (1024K)]
  0x0000019e681ff4d0 JavaThread "Unconstrained build operations Thread 17"        [_thread_blocked, id=26224, stack(0x0000009d30b00000,0x0000009d30c00000) (1024K)]
  0x0000019e682001f0 JavaThread "Unconstrained build operations Thread 18"        [_thread_blocked, id=28384, stack(0x0000009d30c00000,0x0000009d30d00000) (1024K)]
  0x0000019e68202fe0 JavaThread "Unconstrained build operations Thread 19"        [_thread_in_native, id=23612, stack(0x0000009d30d00000,0x0000009d30e00000) (1024K)]
  0x0000019e68200880 JavaThread "Unconstrained build operations Thread 20"        [_thread_blocked, id=22000, stack(0x0000009d30e00000,0x0000009d30f00000) (1024K)]
Total: 60

Other Threads:
  0x0000019e4c8fea50 VMThread "VM Thread"                           [id=28876, stack(0x0000009d2ca00000,0x0000009d2cb00000) (1024K)]
  0x0000019e4c8ed310 WatcherThread "VM Periodic Task Thread"        [id=23292, stack(0x0000009d2c900000,0x0000009d2ca00000) (1024K)]
  0x0000019e31aaa040 WorkerThread "GC Thread#0"                     [id=14396, stack(0x0000009d2c400000,0x0000009d2c500000) (1024K)]
  0x0000019e66260580 WorkerThread "GC Thread#1"                     [id=5228, stack(0x0000009d2d500000,0x0000009d2d600000) (1024K)]
  0x0000019e66219fe0 WorkerThread "GC Thread#2"                     [id=18480, stack(0x0000009d2d600000,0x0000009d2d700000) (1024K)]
  0x0000019e661c1d30 WorkerThread "GC Thread#3"                     [id=28372, stack(0x0000009d2d700000,0x0000009d2d800000) (1024K)]
  0x0000019e661c20d0 WorkerThread "GC Thread#4"                     [id=27764, stack(0x0000009d2d800000,0x0000009d2d900000) (1024K)]
  0x0000019e661c2470 WorkerThread "GC Thread#5"                     [id=10364, stack(0x0000009d2d900000,0x0000009d2da00000) (1024K)]
  0x0000019e676d1af0 WorkerThread "GC Thread#6"                     [id=19784, stack(0x0000009d2da00000,0x0000009d2db00000) (1024K)]
  0x0000019e66efce30 WorkerThread "GC Thread#7"                     [id=28284, stack(0x0000009d2db00000,0x0000009d2dc00000) (1024K)]
  0x0000019e31aaf020 ConcurrentGCThread "G1 Main Marker"            [id=28588, stack(0x0000009d2c500000,0x0000009d2c600000) (1024K)]
  0x0000019e31ab0b30 WorkerThread "G1 Conc#0"                       [id=19772, stack(0x0000009d2c600000,0x0000009d2c700000) (1024K)]
  0x0000019e66e58b00 WorkerThread "G1 Conc#1"                       [id=19368, stack(0x0000009d2e900000,0x0000009d2ea00000) (1024K)]
  0x0000019e31b3e870 ConcurrentGCThread "G1 Refine#0"               [id=9960, stack(0x0000009d2c700000,0x0000009d2c800000) (1024K)]
  0x0000019e4c7c07c0 ConcurrentGCThread "G1 Service"                [id=8012, stack(0x0000009d2c800000,0x0000009d2c900000) (1024K)]
Total: 15

Threads with active compile tasks:
C2 CompilerThread0    40533 6227       4       java.net.URLClassLoader$1::run (5 bytes)
Total: 1

VM state: not at safepoint (normal execution)

VM Mutex/Monitor currently owned by a thread: None

Heap address: 0x00000000e0000000, size: 512 MB, Compressed Oops mode: 32-bit

CDS archive(s) mapped at: [0x0000019e4d000000-0x0000019e4dc90000-0x0000019e4dc90000), size 13172736, SharedBaseAddress: 0x0000019e4d000000, ArchiveRelocationMode: 1.
Compressed class space mapped at: 0x0000019e4e000000-0x0000019e62000000, reserved size: 335544320
Narrow klass base: 0x0000019e4d000000, Narrow klass shift: 0, Narrow klass range: 0x100000000

GC Precious Log:
 CardTable entry size: 512
 Card Set container configuration: InlinePtr #cards 5 size 8 Array Of Cards #cards 12 size 40 Howl #buckets 4 coarsen threshold 1843 Howl Bitmap #cards 512 size 80 coarsen threshold 460 Card regions per heap region 1 cards per card region 2048
 CPUs: 8 total, 8 available
 Memory: 5965M
 Large Page Support: Disabled
 NUMA Support: Disabled
 Compressed Oops: Enabled (32-bit)
 Heap Region Size: 1M
 Heap Min Capacity: 256M
 Heap Initial Capacity: 256M
 Heap Max Capacity: 512M
 Pre-touch: Disabled
 Parallel Workers: 8
 Concurrent Workers: 2
 Concurrent Refinement Workers: 8
 Periodic GC: Disabled

Heap:
 garbage-first heap   total 262144K, used 91608K [0x00000000e0000000, 0x0000000100000000)
  region size 1024K, 39 young (39936K), 20 survivors (20480K)
 Metaspace       used 55580K, committed 57216K, reserved 393216K
  class space    used 7740K, committed 8512K, reserved 327680K

Heap Regions: E=young(eden), S=young(survivor), O=old, HS=humongous(starts), HC=humongous(continues), CS=collection set, F=free, TAMS=top-at-mark-start, PB=parsable bottom
|   0|0x00000000e0000000, 0x00000000e0100000, 0x00000000e0100000|100%| O|  |TAMS 0x00000000e0000000| PB 0x00000000e0000000| Untracked 
|   1|0x00000000e0100000, 0x00000000e0200000, 0x00000000e0200000|100%| O|  |TAMS 0x00000000e0100000| PB 0x00000000e0100000| Untracked 
|   2|0x00000000e0200000, 0x00000000e0300000, 0x00000000e0300000|100%|HS|  |TAMS 0x00000000e0200000| PB 0x00000000e0200000| Complete 
|   3|0x00000000e0300000, 0x00000000e0400000, 0x00000000e0400000|100%|HC|  |TAMS 0x00000000e0300000| PB 0x00000000e0300000| Complete 
|   4|0x00000000e0400000, 0x00000000e0500000, 0x00000000e0500000|100%|HC|  |TAMS 0x00000000e0400000| PB 0x00000000e0400000| Complete 
|   5|0x00000000e0500000, 0x00000000e0600000, 0x00000000e0600000|100%|HC|  |TAMS 0x00000000e0500000| PB 0x00000000e0500000| Complete 
|   6|0x00000000e0600000, 0x00000000e0600000, 0x00000000e0700000|  0%| F|  |TAMS 0x00000000e0600000| PB 0x00000000e0600000| Untracked 
|   7|0x00000000e0700000, 0x00000000e0800000, 0x00000000e0800000|100%| O|  |TAMS 0x00000000e0700000| PB 0x00000000e0700000| Untracked 
|   8|0x00000000e0800000, 0x00000000e0900000, 0x00000000e0900000|100%| O|  |TAMS 0x00000000e0800000| PB 0x00000000e0800000| Untracked 
|   9|0x00000000e0900000, 0x00000000e0a00000, 0x00000000e0a00000|100%|HS|  |TAMS 0x00000000e0900000| PB 0x00000000e0900000| Complete 
|  10|0x00000000e0a00000, 0x00000000e0b00000, 0x00000000e0b00000|100%|HS|  |TAMS 0x00000000e0a00000| PB 0x00000000e0a00000| Complete 
|  11|0x00000000e0b00000, 0x00000000e0c00000, 0x00000000e0c00000|100%| O|  |TAMS 0x00000000e0b00000| PB 0x00000000e0b00000| Untracked 
|  12|0x00000000e0c00000, 0x00000000e0d00000, 0x00000000e0d00000|100%| O|  |TAMS 0x00000000e0c00000| PB 0x00000000e0c00000| Untracked 
|  13|0x00000000e0d00000, 0x00000000e0e00000, 0x00000000e0e00000|100%|HS|  |TAMS 0x00000000e0d00000| PB 0x00000000e0d00000| Complete 
|  14|0x00000000e0e00000, 0x00000000e0f00000, 0x00000000e0f00000|100%|HC|  |TAMS 0x00000000e0e00000| PB 0x00000000e0e00000| Complete 
|  15|0x00000000e0f00000, 0x00000000e1000000, 0x00000000e1000000|100%|HC|  |TAMS 0x00000000e0f00000| PB 0x00000000e0f00000| Complete 
|  16|0x00000000e1000000, 0x00000000e1100000, 0x00000000e1100000|100%|HC|  |TAMS 0x00000000e1000000| PB 0x00000000e1000000| Complete 
|  17|0x00000000e1100000, 0x00000000e1200000, 0x00000000e1200000|100%|HC|  |TAMS 0x00000000e1100000| PB 0x00000000e1100000| Complete 
|  18|0x00000000e1200000, 0x00000000e1300000, 0x00000000e1300000|100%|HC|  |TAMS 0x00000000e1200000| PB 0x00000000e1200000| Complete 
|  19|0x00000000e1300000, 0x00000000e1400000, 0x00000000e1400000|100%|HS|  |TAMS 0x00000000e1300000| PB 0x00000000e1300000| Complete 
|  20|0x00000000e1400000, 0x00000000e1500000, 0x00000000e1500000|100%|HC|  |TAMS 0x00000000e1400000| PB 0x00000000e1400000| Complete 
|  21|0x00000000e1500000, 0x00000000e1600000, 0x00000000e1600000|100%|HC|  |TAMS 0x00000000e1500000| PB 0x00000000e1500000| Complete 
|  22|0x00000000e1600000, 0x00000000e1700000, 0x00000000e1700000|100%|HS|  |TAMS 0x00000000e1600000| PB 0x00000000e1600000| Complete 
|  23|0x00000000e1700000, 0x00000000e1800000, 0x00000000e1800000|100%|HC|  |TAMS 0x00000000e1700000| PB 0x00000000e1700000| Complete 
|  24|0x00000000e1800000, 0x00000000e1900000, 0x00000000e1900000|100%| O|  |TAMS 0x00000000e1800000| PB 0x00000000e1800000| Untracked 
|  25|0x00000000e1900000, 0x00000000e1a00000, 0x00000000e1a00000|100%| O|  |TAMS 0x00000000e1900000| PB 0x00000000e1900000| Untracked 
|  26|0x00000000e1a00000, 0x00000000e1b00000, 0x00000000e1b00000|100%| O|  |TAMS 0x00000000e1a00000| PB 0x00000000e1a00000| Untracked 
|  27|0x00000000e1b00000, 0x00000000e1c00000, 0x00000000e1c00000|100%| O|  |TAMS 0x00000000e1b00000| PB 0x00000000e1b00000| Untracked 
|  28|0x00000000e1c00000, 0x00000000e1d00000, 0x00000000e1d00000|100%| O|Cm|TAMS 0x00000000e1c00000| PB 0x00000000e1c00000| Complete 
|  29|0x00000000e1d00000, 0x00000000e1e00000, 0x00000000e1e00000|100%| O|  |TAMS 0x00000000e1d00000| PB 0x00000000e1d00000| Untracked 
|  30|0x00000000e1e00000, 0x00000000e1f00000, 0x00000000e1f00000|100%| O|  |TAMS 0x00000000e1e00000| PB 0x00000000e1e00000| Untracked 
|  31|0x00000000e1f00000, 0x00000000e2000000, 0x00000000e2000000|100%| O|  |TAMS 0x00000000e1f00000| PB 0x00000000e1f00000| Untracked 
|  32|0x00000000e2000000, 0x00000000e2100000, 0x00000000e2100000|100%| O|  |TAMS 0x00000000e2000000| PB 0x00000000e2000000| Untracked 
|  33|0x00000000e2100000, 0x00000000e2200000, 0x00000000e2200000|100%| O|  |TAMS 0x00000000e2100000| PB 0x00000000e2100000| Untracked 
|  34|0x00000000e2200000, 0x00000000e2300000, 0x00000000e2300000|100%| O|  |TAMS 0x00000000e2200000| PB 0x00000000e2200000| Untracked 
|  35|0x00000000e2300000, 0x00000000e2400000, 0x00000000e2400000|100%| O|  |TAMS 0x00000000e2300000| PB 0x00000000e2300000| Untracked 
|  36|0x00000000e2400000, 0x00000000e2500000, 0x00000000e2500000|100%| O|  |TAMS 0x00000000e2400000| PB 0x00000000e2400000| Untracked 
|  37|0x00000000e2500000, 0x00000000e2500000, 0x00000000e2600000|  0%| F|  |TAMS 0x00000000e2500000| PB 0x00000000e2500000| Untracked 
|  38|0x00000000e2600000, 0x00000000e2600000, 0x00000000e2700000|  0%| F|  |TAMS 0x00000000e2600000| PB 0x00000000e2600000| Untracked 
|  39|0x00000000e2700000, 0x00000000e2700000, 0x00000000e2800000|  0%| F|  |TAMS 0x00000000e2700000| PB 0x00000000e2700000| Untracked 
|  40|0x00000000e2800000, 0x00000000e2800000, 0x00000000e2900000|  0%| F|  |TAMS 0x00000000e2800000| PB 0x00000000e2800000| Untracked 
|  41|0x00000000e2900000, 0x00000000e2a00000, 0x00000000e2a00000|100%|HS|  |TAMS 0x00000000e2900000| PB 0x00000000e2900000| Complete 
|  42|0x00000000e2a00000, 0x00000000e2b00000, 0x00000000e2b00000|100%|HC|  |TAMS 0x00000000e2a00000| PB 0x00000000e2a00000| Complete 
|  43|0x00000000e2b00000, 0x00000000e2c00000, 0x00000000e2c00000|100%|HC|  |TAMS 0x00000000e2b00000| PB 0x00000000e2b00000| Complete 
|  44|0x00000000e2c00000, 0x00000000e2d00000, 0x00000000e2d00000|100%|HC|  |TAMS 0x00000000e2c00000| PB 0x00000000e2c00000| Complete 
|  45|0x00000000e2d00000, 0x00000000e2e00000, 0x00000000e2e00000|100%|HC|  |TAMS 0x00000000e2d00000| PB 0x00000000e2d00000| Complete 
|  46|0x00000000e2e00000, 0x00000000e2f00000, 0x00000000e2f00000|100%|HC|  |TAMS 0x00000000e2e00000| PB 0x00000000e2e00000| Complete 
|  47|0x00000000e2f00000, 0x00000000e3000000, 0x00000000e3000000|100%|HS|  |TAMS 0x00000000e2f00000| PB 0x00000000e2f00000| Complete 
|  48|0x00000000e3000000, 0x00000000e3100000, 0x00000000e3100000|100%|HC|  |TAMS 0x00000000e3000000| PB 0x00000000e3000000| Complete 
|  49|0x00000000e3100000, 0x00000000e3200000, 0x00000000e3200000|100%|HS|  |TAMS 0x00000000e3100000| PB 0x00000000e3100000| Complete 
|  50|0x00000000e3200000, 0x00000000e3300000, 0x00000000e3300000|100%|HC|  |TAMS 0x00000000e3200000| PB 0x00000000e3200000| Complete 
|  51|0x00000000e3300000, 0x00000000e3400000, 0x00000000e3400000|100%|HC|  |TAMS 0x00000000e3300000| PB 0x00000000e3300000| Complete 
|  52|0x00000000e3400000, 0x00000000e3500000, 0x00000000e3500000|100%|HC|  |TAMS 0x00000000e3400000| PB 0x00000000e3400000| Complete 
|  53|0x00000000e3500000, 0x00000000e3600000, 0x00000000e3600000|100%|HC|  |TAMS 0x00000000e3500000| PB 0x00000000e3500000| Complete 
|  54|0x00000000e3600000, 0x00000000e3700000, 0x00000000e3700000|100%|HC|  |TAMS 0x00000000e3600000| PB 0x00000000e3600000| Complete 
|  55|0x00000000e3700000, 0x00000000e3700000, 0x00000000e3800000|  0%| F|  |TAMS 0x00000000e3700000| PB 0x00000000e3700000| Untracked 
|  56|0x00000000e3800000, 0x00000000e3800000, 0x00000000e3900000|  0%| F|  |TAMS 0x00000000e3800000| PB 0x00000000e3800000| Untracked 
|  57|0x00000000e3900000, 0x00000000e3a00000, 0x00000000e3a00000|100%| O|  |TAMS 0x00000000e3900000| PB 0x00000000e3900000| Untracked 
|  58|0x00000000e3a00000, 0x00000000e3a76190, 0x00000000e3b00000| 46%| O|  |TAMS 0x00000000e3a00000| PB 0x00000000e3a00000| Untracked 
|  59|0x00000000e3b00000, 0x00000000e3b00000, 0x00000000e3c00000|  0%| F|  |TAMS 0x00000000e3b00000| PB 0x00000000e3b00000| Untracked 
|  60|0x00000000e3c00000, 0x00000000e3c00000, 0x00000000e3d00000|  0%| F|  |TAMS 0x00000000e3c00000| PB 0x00000000e3c00000| Untracked 
|  61|0x00000000e3d00000, 0x00000000e3d00000, 0x00000000e3e00000|  0%| F|  |TAMS 0x00000000e3d00000| PB 0x00000000e3d00000| Untracked 
|  62|0x00000000e3e00000, 0x00000000e3e00000, 0x00000000e3f00000|  0%| F|  |TAMS 0x00000000e3e00000| PB 0x00000000e3e00000| Untracked 
|  63|0x00000000e3f00000, 0x00000000e3f00000, 0x00000000e4000000|  0%| F|  |TAMS 0x00000000e3f00000| PB 0x00000000e3f00000| Untracked 
|  64|0x00000000e4000000, 0x00000000e4000000, 0x00000000e4100000|  0%| F|  |TAMS 0x00000000e4000000| PB 0x00000000e4000000| Untracked 
|  65|0x00000000e4100000, 0x00000000e4100000, 0x00000000e4200000|  0%| F|  |TAMS 0x00000000e4100000| PB 0x00000000e4100000| Untracked 
|  66|0x00000000e4200000, 0x00000000e4200000, 0x00000000e4300000|  0%| F|  |TAMS 0x00000000e4200000| PB 0x00000000e4200000| Untracked 
|  67|0x00000000e4300000, 0x00000000e4300000, 0x00000000e4400000|  0%| F|  |TAMS 0x00000000e4300000| PB 0x00000000e4300000| Untracked 
|  68|0x00000000e4400000, 0x00000000e4400000, 0x00000000e4500000|  0%| F|  |TAMS 0x00000000e4400000| PB 0x00000000e4400000| Untracked 
|  69|0x00000000e4500000, 0x00000000e4500000, 0x00000000e4600000|  0%| F|  |TAMS 0x00000000e4500000| PB 0x00000000e4500000| Untracked 
|  70|0x00000000e4600000, 0x00000000e4600000, 0x00000000e4700000|  0%| F|  |TAMS 0x00000000e4600000| PB 0x00000000e4600000| Untracked 
|  71|0x00000000e4700000, 0x00000000e4700000, 0x00000000e4800000|  0%| F|  |TAMS 0x00000000e4700000| PB 0x00000000e4700000| Untracked 
|  72|0x00000000e4800000, 0x00000000e4800000, 0x00000000e4900000|  0%| F|  |TAMS 0x00000000e4800000| PB 0x00000000e4800000| Untracked 
|  73|0x00000000e4900000, 0x00000000e4900000, 0x00000000e4a00000|  0%| F|  |TAMS 0x00000000e4900000| PB 0x00000000e4900000| Untracked 
|  74|0x00000000e4a00000, 0x00000000e4a00000, 0x00000000e4b00000|  0%| F|  |TAMS 0x00000000e4a00000| PB 0x00000000e4a00000| Untracked 
|  75|0x00000000e4b00000, 0x00000000e4b00000, 0x00000000e4c00000|  0%| F|  |TAMS 0x00000000e4b00000| PB 0x00000000e4b00000| Untracked 
|  76|0x00000000e4c00000, 0x00000000e4c00000, 0x00000000e4d00000|  0%| F|  |TAMS 0x00000000e4c00000| PB 0x00000000e4c00000| Untracked 
|  77|0x00000000e4d00000, 0x00000000e4d00000, 0x00000000e4e00000|  0%| F|  |TAMS 0x00000000e4d00000| PB 0x00000000e4d00000| Untracked 
|  78|0x00000000e4e00000, 0x00000000e4e00000, 0x00000000e4f00000|  0%| F|  |TAMS 0x00000000e4e00000| PB 0x00000000e4e00000| Untracked 
|  79|0x00000000e4f00000, 0x00000000e4f00000, 0x00000000e5000000|  0%| F|  |TAMS 0x00000000e4f00000| PB 0x00000000e4f00000| Untracked 
|  80|0x00000000e5000000, 0x00000000e5000000, 0x00000000e5100000|  0%| F|  |TAMS 0x00000000e5000000| PB 0x00000000e5000000| Untracked 
|  81|0x00000000e5100000, 0x00000000e5100000, 0x00000000e5200000|  0%| F|  |TAMS 0x00000000e5100000| PB 0x00000000e5100000| Untracked 
|  82|0x00000000e5200000, 0x00000000e5200000, 0x00000000e5300000|  0%| F|  |TAMS 0x00000000e5200000| PB 0x00000000e5200000| Untracked 
|  83|0x00000000e5300000, 0x00000000e5400000, 0x00000000e5400000|100%| S|CS|TAMS 0x00000000e5300000| PB 0x00000000e5300000| Complete 
|  84|0x00000000e5400000, 0x00000000e5500000, 0x00000000e5500000|100%| S|CS|TAMS 0x00000000e5400000| PB 0x00000000e5400000| Complete 
|  85|0x00000000e5500000, 0x00000000e5600000, 0x00000000e5600000|100%| S|CS|TAMS 0x00000000e5500000| PB 0x00000000e5500000| Complete 
|  86|0x00000000e5600000, 0x00000000e5700000, 0x00000000e5700000|100%| S|CS|TAMS 0x00000000e5600000| PB 0x00000000e5600000| Complete 
|  87|0x00000000e5700000, 0x00000000e5800000, 0x00000000e5800000|100%| S|CS|TAMS 0x00000000e5700000| PB 0x00000000e5700000| Complete 
|  88|0x00000000e5800000, 0x00000000e5900000, 0x00000000e5900000|100%| S|CS|TAMS 0x00000000e5800000| PB 0x00000000e5800000| Complete 
|  89|0x00000000e5900000, 0x00000000e5a00000, 0x00000000e5a00000|100%| S|CS|TAMS 0x00000000e5900000| PB 0x00000000e5900000| Complete 
|  90|0x00000000e5a00000, 0x00000000e5b00000, 0x00000000e5b00000|100%| S|CS|TAMS 0x00000000e5a00000| PB 0x00000000e5a00000| Complete 
|  91|0x00000000e5b00000, 0x00000000e5c00000, 0x00000000e5c00000|100%| S|CS|TAMS 0x00000000e5b00000| PB 0x00000000e5b00000| Complete 
|  92|0x00000000e5c00000, 0x00000000e5d00000, 0x00000000e5d00000|100%| S|CS|TAMS 0x00000000e5c00000| PB 0x00000000e5c00000| Complete 
|  93|0x00000000e5d00000, 0x00000000e5e00000, 0x00000000e5e00000|100%| S|CS|TAMS 0x00000000e5d00000| PB 0x00000000e5d00000| Complete 
|  94|0x00000000e5e00000, 0x00000000e5f00000, 0x00000000e5f00000|100%| S|CS|TAMS 0x00000000e5e00000| PB 0x00000000e5e00000| Complete 
|  95|0x00000000e5f00000, 0x00000000e6000000, 0x00000000e6000000|100%| S|CS|TAMS 0x00000000e5f00000| PB 0x00000000e5f00000| Complete 
|  96|0x00000000e6000000, 0x00000000e6100000, 0x00000000e6100000|100%| S|CS|TAMS 0x00000000e6000000| PB 0x00000000e6000000| Complete 
|  97|0x00000000e6100000, 0x00000000e6200000, 0x00000000e6200000|100%| S|CS|TAMS 0x00000000e6100000| PB 0x00000000e6100000| Complete 
|  98|0x00000000e6200000, 0x00000000e6300000, 0x00000000e6300000|100%| S|CS|TAMS 0x00000000e6200000| PB 0x00000000e6200000| Complete 
|  99|0x00000000e6300000, 0x00000000e6400000, 0x00000000e6400000|100%| S|CS|TAMS 0x00000000e6300000| PB 0x00000000e6300000| Complete 
| 100|0x00000000e6400000, 0x00000000e6500000, 0x00000000e6500000|100%| S|CS|TAMS 0x00000000e6400000| PB 0x00000000e6400000| Complete 
| 101|0x00000000e6500000, 0x00000000e6600000, 0x00000000e6600000|100%| S|CS|TAMS 0x00000000e6500000| PB 0x00000000e6500000| Complete 
| 102|0x00000000e6600000, 0x00000000e6700000, 0x00000000e6700000|100%| S|CS|TAMS 0x00000000e6600000| PB 0x00000000e6600000| Complete 
| 103|0x00000000e6700000, 0x00000000e6700000, 0x00000000e6800000|  0%| F|  |TAMS 0x00000000e6700000| PB 0x00000000e6700000| Untracked 
| 104|0x00000000e6800000, 0x00000000e6800000, 0x00000000e6900000|  0%| F|  |TAMS 0x00000000e6800000| PB 0x00000000e6800000| Untracked 
| 105|0x00000000e6900000, 0x00000000e6900000, 0x00000000e6a00000|  0%| F|  |TAMS 0x00000000e6900000| PB 0x00000000e6900000| Untracked 
| 106|0x00000000e6a00000, 0x00000000e6a00000, 0x00000000e6b00000|  0%| F|  |TAMS 0x00000000e6a00000| PB 0x00000000e6a00000| Untracked 
| 107|0x00000000e6b00000, 0x00000000e6b00000, 0x00000000e6c00000|  0%| F|  |TAMS 0x00000000e6b00000| PB 0x00000000e6b00000| Untracked 
| 108|0x00000000e6c00000, 0x00000000e6c00000, 0x00000000e6d00000|  0%| F|  |TAMS 0x00000000e6c00000| PB 0x00000000e6c00000| Untracked 
| 109|0x00000000e6d00000, 0x00000000e6d00000, 0x00000000e6e00000|  0%| F|  |TAMS 0x00000000e6d00000| PB 0x00000000e6d00000| Untracked 
| 110|0x00000000e6e00000, 0x00000000e6e00000, 0x00000000e6f00000|  0%| F|  |TAMS 0x00000000e6e00000| PB 0x00000000e6e00000| Untracked 
| 111|0x00000000e6f00000, 0x00000000e6f00000, 0x00000000e7000000|  0%| F|  |TAMS 0x00000000e6f00000| PB 0x00000000e6f00000| Untracked 
| 112|0x00000000e7000000, 0x00000000e7000000, 0x00000000e7100000|  0%| F|  |TAMS 0x00000000e7000000| PB 0x00000000e7000000| Untracked 
| 113|0x00000000e7100000, 0x00000000e7100000, 0x00000000e7200000|  0%| F|  |TAMS 0x00000000e7100000| PB 0x00000000e7100000| Untracked 
| 114|0x00000000e7200000, 0x00000000e7200000, 0x00000000e7300000|  0%| F|  |TAMS 0x00000000e7200000| PB 0x00000000e7200000| Untracked 
| 115|0x00000000e7300000, 0x00000000e7300000, 0x00000000e7400000|  0%| F|  |TAMS 0x00000000e7300000| PB 0x00000000e7300000| Untracked 
| 116|0x00000000e7400000, 0x00000000e7400000, 0x00000000e7500000|  0%| F|  |TAMS 0x00000000e7400000| PB 0x00000000e7400000| Untracked 
| 117|0x00000000e7500000, 0x00000000e7500000, 0x00000000e7600000|  0%| F|  |TAMS 0x00000000e7500000| PB 0x00000000e7500000| Untracked 
| 118|0x00000000e7600000, 0x00000000e7600000, 0x00000000e7700000|  0%| F|  |TAMS 0x00000000e7600000| PB 0x00000000e7600000| Untracked 
| 119|0x00000000e7700000, 0x00000000e7700000, 0x00000000e7800000|  0%| F|  |TAMS 0x00000000e7700000| PB 0x00000000e7700000| Untracked 
| 120|0x00000000e7800000, 0x00000000e7800000, 0x00000000e7900000|  0%| F|  |TAMS 0x00000000e7800000| PB 0x00000000e7800000| Untracked 
| 121|0x00000000e7900000, 0x00000000e7900000, 0x00000000e7a00000|  0%| F|  |TAMS 0x00000000e7900000| PB 0x00000000e7900000| Untracked 
| 122|0x00000000e7a00000, 0x00000000e7a00000, 0x00000000e7b00000|  0%| F|  |TAMS 0x00000000e7a00000| PB 0x00000000e7a00000| Untracked 
| 123|0x00000000e7b00000, 0x00000000e7b00000, 0x00000000e7c00000|  0%| F|  |TAMS 0x00000000e7b00000| PB 0x00000000e7b00000| Untracked 
| 124|0x00000000e7c00000, 0x00000000e7c00000, 0x00000000e7d00000|  0%| F|  |TAMS 0x00000000e7c00000| PB 0x00000000e7c00000| Untracked 
| 125|0x00000000e7d00000, 0x00000000e7d00000, 0x00000000e7e00000|  0%| F|  |TAMS 0x00000000e7d00000| PB 0x00000000e7d00000| Untracked 
| 126|0x00000000e7e00000, 0x00000000e7e00000, 0x00000000e7f00000|  0%| F|  |TAMS 0x00000000e7e00000| PB 0x00000000e7e00000| Untracked 
| 127|0x00000000e7f00000, 0x00000000e7f00000, 0x00000000e8000000|  0%| F|  |TAMS 0x00000000e7f00000| PB 0x00000000e7f00000| Untracked 
| 128|0x00000000e8000000, 0x00000000e8000000, 0x00000000e8100000|  0%| F|  |TAMS 0x00000000e8000000| PB 0x00000000e8000000| Untracked 
| 129|0x00000000e8100000, 0x00000000e8100000, 0x00000000e8200000|  0%| F|  |TAMS 0x00000000e8100000| PB 0x00000000e8100000| Untracked 
| 130|0x00000000e8200000, 0x00000000e8200000, 0x00000000e8300000|  0%| F|  |TAMS 0x00000000e8200000| PB 0x00000000e8200000| Untracked 
| 131|0x00000000e8300000, 0x00000000e8300000, 0x00000000e8400000|  0%| F|  |TAMS 0x00000000e8300000| PB 0x00000000e8300000| Untracked 
| 132|0x00000000e8400000, 0x00000000e8400000, 0x00000000e8500000|  0%| F|  |TAMS 0x00000000e8400000| PB 0x00000000e8400000| Untracked 
| 133|0x00000000e8500000, 0x00000000e8500000, 0x00000000e8600000|  0%| F|  |TAMS 0x00000000e8500000| PB 0x00000000e8500000| Untracked 
| 134|0x00000000e8600000, 0x00000000e8600000, 0x00000000e8700000|  0%| F|  |TAMS 0x00000000e8600000| PB 0x00000000e8600000| Untracked 
| 135|0x00000000e8700000, 0x00000000e8700000, 0x00000000e8800000|  0%| F|  |TAMS 0x00000000e8700000| PB 0x00000000e8700000| Untracked 
| 136|0x00000000e8800000, 0x00000000e8800000, 0x00000000e8900000|  0%| F|  |TAMS 0x00000000e8800000| PB 0x00000000e8800000| Untracked 
| 137|0x00000000e8900000, 0x00000000e8900000, 0x00000000e8a00000|  0%| F|  |TAMS 0x00000000e8900000| PB 0x00000000e8900000| Untracked 
| 138|0x00000000e8a00000, 0x00000000e8a00000, 0x00000000e8b00000|  0%| F|  |TAMS 0x00000000e8a00000| PB 0x00000000e8a00000| Untracked 
| 139|0x00000000e8b00000, 0x00000000e8b00000, 0x00000000e8c00000|  0%| F|  |TAMS 0x00000000e8b00000| PB 0x00000000e8b00000| Untracked 
| 140|0x00000000e8c00000, 0x00000000e8c00000, 0x00000000e8d00000|  0%| F|  |TAMS 0x00000000e8c00000| PB 0x00000000e8c00000| Untracked 
| 141|0x00000000e8d00000, 0x00000000e8d00000, 0x00000000e8e00000|  0%| F|  |TAMS 0x00000000e8d00000| PB 0x00000000e8d00000| Untracked 
| 142|0x00000000e8e00000, 0x00000000e8e00000, 0x00000000e8f00000|  0%| F|  |TAMS 0x00000000e8e00000| PB 0x00000000e8e00000| Untracked 
| 143|0x00000000e8f00000, 0x00000000e8f00000, 0x00000000e9000000|  0%| F|  |TAMS 0x00000000e8f00000| PB 0x00000000e8f00000| Untracked 
| 144|0x00000000e9000000, 0x00000000e9000000, 0x00000000e9100000|  0%| F|  |TAMS 0x00000000e9000000| PB 0x00000000e9000000| Untracked 
| 145|0x00000000e9100000, 0x00000000e9100000, 0x00000000e9200000|  0%| F|  |TAMS 0x00000000e9100000| PB 0x00000000e9100000| Untracked 
| 146|0x00000000e9200000, 0x00000000e9200000, 0x00000000e9300000|  0%| F|  |TAMS 0x00000000e9200000| PB 0x00000000e9200000| Untracked 
| 147|0x00000000e9300000, 0x00000000e9300000, 0x00000000e9400000|  0%| F|  |TAMS 0x00000000e9300000| PB 0x00000000e9300000| Untracked 
| 148|0x00000000e9400000, 0x00000000e9400000, 0x00000000e9500000|  0%| F|  |TAMS 0x00000000e9400000| PB 0x00000000e9400000| Untracked 
| 149|0x00000000e9500000, 0x00000000e9500000, 0x00000000e9600000|  0%| F|  |TAMS 0x00000000e9500000| PB 0x00000000e9500000| Untracked 
| 150|0x00000000e9600000, 0x00000000e9600000, 0x00000000e9700000|  0%| F|  |TAMS 0x00000000e9600000| PB 0x00000000e9600000| Untracked 
| 151|0x00000000e9700000, 0x00000000e9700000, 0x00000000e9800000|  0%| F|  |TAMS 0x00000000e9700000| PB 0x00000000e9700000| Untracked 
| 152|0x00000000e9800000, 0x00000000e9800000, 0x00000000e9900000|  0%| F|  |TAMS 0x00000000e9800000| PB 0x00000000e9800000| Untracked 
| 153|0x00000000e9900000, 0x00000000e9900000, 0x00000000e9a00000|  0%| F|  |TAMS 0x00000000e9900000| PB 0x00000000e9900000| Untracked 
| 154|0x00000000e9a00000, 0x00000000e9a00000, 0x00000000e9b00000|  0%| F|  |TAMS 0x00000000e9a00000| PB 0x00000000e9a00000| Untracked 
| 155|0x00000000e9b00000, 0x00000000e9b00000, 0x00000000e9c00000|  0%| F|  |TAMS 0x00000000e9b00000| PB 0x00000000e9b00000| Untracked 
| 156|0x00000000e9c00000, 0x00000000e9c00000, 0x00000000e9d00000|  0%| F|  |TAMS 0x00000000e9c00000| PB 0x00000000e9c00000| Untracked 
| 157|0x00000000e9d00000, 0x00000000e9d00000, 0x00000000e9e00000|  0%| F|  |TAMS 0x00000000e9d00000| PB 0x00000000e9d00000| Untracked 
| 158|0x00000000e9e00000, 0x00000000e9e00000, 0x00000000e9f00000|  0%| F|  |TAMS 0x00000000e9e00000| PB 0x00000000e9e00000| Untracked 
| 159|0x00000000e9f00000, 0x00000000e9f00000, 0x00000000ea000000|  0%| F|  |TAMS 0x00000000e9f00000| PB 0x00000000e9f00000| Untracked 
| 160|0x00000000ea000000, 0x00000000ea000000, 0x00000000ea100000|  0%| F|  |TAMS 0x00000000ea000000| PB 0x00000000ea000000| Untracked 
| 161|0x00000000ea100000, 0x00000000ea100000, 0x00000000ea200000|  0%| F|  |TAMS 0x00000000ea100000| PB 0x00000000ea100000| Untracked 
| 162|0x00000000ea200000, 0x00000000ea200000, 0x00000000ea300000|  0%| F|  |TAMS 0x00000000ea200000| PB 0x00000000ea200000| Untracked 
| 163|0x00000000ea300000, 0x00000000ea300000, 0x00000000ea400000|  0%| F|  |TAMS 0x00000000ea300000| PB 0x00000000ea300000| Untracked 
| 164|0x00000000ea400000, 0x00000000ea400000, 0x00000000ea500000|  0%| F|  |TAMS 0x00000000ea400000| PB 0x00000000ea400000| Untracked 
| 165|0x00000000ea500000, 0x00000000ea500000, 0x00000000ea600000|  0%| F|  |TAMS 0x00000000ea500000| PB 0x00000000ea500000| Untracked 
| 166|0x00000000ea600000, 0x00000000ea600000, 0x00000000ea700000|  0%| F|  |TAMS 0x00000000ea600000| PB 0x00000000ea600000| Untracked 
| 167|0x00000000ea700000, 0x00000000ea700000, 0x00000000ea800000|  0%| F|  |TAMS 0x00000000ea700000| PB 0x00000000ea700000| Untracked 
| 168|0x00000000ea800000, 0x00000000ea800000, 0x00000000ea900000|  0%| F|  |TAMS 0x00000000ea800000| PB 0x00000000ea800000| Untracked 
| 169|0x00000000ea900000, 0x00000000ea900000, 0x00000000eaa00000|  0%| F|  |TAMS 0x00000000ea900000| PB 0x00000000ea900000| Untracked 
| 170|0x00000000eaa00000, 0x00000000eaa00000, 0x00000000eab00000|  0%| F|  |TAMS 0x00000000eaa00000| PB 0x00000000eaa00000| Untracked 
| 171|0x00000000eab00000, 0x00000000eab00000, 0x00000000eac00000|  0%| F|  |TAMS 0x00000000eab00000| PB 0x00000000eab00000| Untracked 
| 172|0x00000000eac00000, 0x00000000eac00000, 0x00000000ead00000|  0%| F|  |TAMS 0x00000000eac00000| PB 0x00000000eac00000| Untracked 
| 173|0x00000000ead00000, 0x00000000ead00000, 0x00000000eae00000|  0%| F|  |TAMS 0x00000000ead00000| PB 0x00000000ead00000| Untracked 
| 174|0x00000000eae00000, 0x00000000eae00000, 0x00000000eaf00000|  0%| F|  |TAMS 0x00000000eae00000| PB 0x00000000eae00000| Untracked 
| 175|0x00000000eaf00000, 0x00000000eaf00000, 0x00000000eb000000|  0%| F|  |TAMS 0x00000000eaf00000| PB 0x00000000eaf00000| Untracked 
| 176|0x00000000eb000000, 0x00000000eb000000, 0x00000000eb100000|  0%| F|  |TAMS 0x00000000eb000000| PB 0x00000000eb000000| Untracked 
| 177|0x00000000eb100000, 0x00000000eb100000, 0x00000000eb200000|  0%| F|  |TAMS 0x00000000eb100000| PB 0x00000000eb100000| Untracked 
| 178|0x00000000eb200000, 0x00000000eb200000, 0x00000000eb300000|  0%| F|  |TAMS 0x00000000eb200000| PB 0x00000000eb200000| Untracked 
| 179|0x00000000eb300000, 0x00000000eb300000, 0x00000000eb400000|  0%| F|  |TAMS 0x00000000eb300000| PB 0x00000000eb300000| Untracked 
| 180|0x00000000eb400000, 0x00000000eb400000, 0x00000000eb500000|  0%| F|  |TAMS 0x00000000eb400000| PB 0x00000000eb400000| Untracked 
| 181|0x00000000eb500000, 0x00000000eb500000, 0x00000000eb600000|  0%| F|  |TAMS 0x00000000eb500000| PB 0x00000000eb500000| Untracked 
| 182|0x00000000eb600000, 0x00000000eb600000, 0x00000000eb700000|  0%| F|  |TAMS 0x00000000eb600000| PB 0x00000000eb600000| Untracked 
| 183|0x00000000eb700000, 0x00000000eb700000, 0x00000000eb800000|  0%| F|  |TAMS 0x00000000eb700000| PB 0x00000000eb700000| Untracked 
| 184|0x00000000eb800000, 0x00000000eb800000, 0x00000000eb900000|  0%| F|  |TAMS 0x00000000eb800000| PB 0x00000000eb800000| Untracked 
| 185|0x00000000eb900000, 0x00000000eb900000, 0x00000000eba00000|  0%| F|  |TAMS 0x00000000eb900000| PB 0x00000000eb900000| Untracked 
| 186|0x00000000eba00000, 0x00000000eba00000, 0x00000000ebb00000|  0%| F|  |TAMS 0x00000000eba00000| PB 0x00000000eba00000| Untracked 
| 187|0x00000000ebb00000, 0x00000000ebb00000, 0x00000000ebc00000|  0%| F|  |TAMS 0x00000000ebb00000| PB 0x00000000ebb00000| Untracked 
| 188|0x00000000ebc00000, 0x00000000ebc00000, 0x00000000ebd00000|  0%| F|  |TAMS 0x00000000ebc00000| PB 0x00000000ebc00000| Untracked 
| 189|0x00000000ebd00000, 0x00000000ebd00000, 0x00000000ebe00000|  0%| F|  |TAMS 0x00000000ebd00000| PB 0x00000000ebd00000| Untracked 
| 190|0x00000000ebe00000, 0x00000000ebe00000, 0x00000000ebf00000|  0%| F|  |TAMS 0x00000000ebe00000| PB 0x00000000ebe00000| Untracked 
| 191|0x00000000ebf00000, 0x00000000ebf00000, 0x00000000ec000000|  0%| F|  |TAMS 0x00000000ebf00000| PB 0x00000000ebf00000| Untracked 
| 192|0x00000000ec000000, 0x00000000ec000000, 0x00000000ec100000|  0%| F|  |TAMS 0x00000000ec000000| PB 0x00000000ec000000| Untracked 
| 193|0x00000000ec100000, 0x00000000ec100000, 0x00000000ec200000|  0%| F|  |TAMS 0x00000000ec100000| PB 0x00000000ec100000| Untracked 
| 194|0x00000000ec200000, 0x00000000ec200000, 0x00000000ec300000|  0%| F|  |TAMS 0x00000000ec200000| PB 0x00000000ec200000| Untracked 
| 195|0x00000000ec300000, 0x00000000ec300000, 0x00000000ec400000|  0%| F|  |TAMS 0x00000000ec300000| PB 0x00000000ec300000| Untracked 
| 196|0x00000000ec400000, 0x00000000ec400000, 0x00000000ec500000|  0%| F|  |TAMS 0x00000000ec400000| PB 0x00000000ec400000| Untracked 
| 197|0x00000000ec500000, 0x00000000ec500000, 0x00000000ec600000|  0%| F|  |TAMS 0x00000000ec500000| PB 0x00000000ec500000| Untracked 
| 198|0x00000000ec600000, 0x00000000ec600000, 0x00000000ec700000|  0%| F|  |TAMS 0x00000000ec600000| PB 0x00000000ec600000| Untracked 
| 199|0x00000000ec700000, 0x00000000ec700000, 0x00000000ec800000|  0%| F|  |TAMS 0x00000000ec700000| PB 0x00000000ec700000| Untracked 
| 200|0x00000000ec800000, 0x00000000ec800000, 0x00000000ec900000|  0%| F|  |TAMS 0x00000000ec800000| PB 0x00000000ec800000| Untracked 
| 201|0x00000000ec900000, 0x00000000ec900000, 0x00000000eca00000|  0%| F|  |TAMS 0x00000000ec900000| PB 0x00000000ec900000| Untracked 
| 202|0x00000000eca00000, 0x00000000eca00000, 0x00000000ecb00000|  0%| F|  |TAMS 0x00000000eca00000| PB 0x00000000eca00000| Untracked 
| 203|0x00000000ecb00000, 0x00000000ecb00000, 0x00000000ecc00000|  0%| F|  |TAMS 0x00000000ecb00000| PB 0x00000000ecb00000| Untracked 
| 204|0x00000000ecc00000, 0x00000000ecc00000, 0x00000000ecd00000|  0%| F|  |TAMS 0x00000000ecc00000| PB 0x00000000ecc00000| Untracked 
| 205|0x00000000ecd00000, 0x00000000ecd00000, 0x00000000ece00000|  0%| F|  |TAMS 0x00000000ecd00000| PB 0x00000000ecd00000| Untracked 
| 206|0x00000000ece00000, 0x00000000ece00000, 0x00000000ecf00000|  0%| F|  |TAMS 0x00000000ece00000| PB 0x00000000ece00000| Untracked 
| 207|0x00000000ecf00000, 0x00000000ecf00000, 0x00000000ed000000|  0%| F|  |TAMS 0x00000000ecf00000| PB 0x00000000ecf00000| Untracked 
| 208|0x00000000ed000000, 0x00000000ed000000, 0x00000000ed100000|  0%| F|  |TAMS 0x00000000ed000000| PB 0x00000000ed000000| Untracked 
| 209|0x00000000ed100000, 0x00000000ed100000, 0x00000000ed200000|  0%| F|  |TAMS 0x00000000ed100000| PB 0x00000000ed100000| Untracked 
| 210|0x00000000ed200000, 0x00000000ed200000, 0x00000000ed300000|  0%| F|  |TAMS 0x00000000ed200000| PB 0x00000000ed200000| Untracked 
| 211|0x00000000ed300000, 0x00000000ed300000, 0x00000000ed400000|  0%| F|  |TAMS 0x00000000ed300000| PB 0x00000000ed300000| Untracked 
| 212|0x00000000ed400000, 0x00000000ed400000, 0x00000000ed500000|  0%| F|  |TAMS 0x00000000ed400000| PB 0x00000000ed400000| Untracked 
| 213|0x00000000ed500000, 0x00000000ed500000, 0x00000000ed600000|  0%| F|  |TAMS 0x00000000ed500000| PB 0x00000000ed500000| Untracked 
| 214|0x00000000ed600000, 0x00000000ed600000, 0x00000000ed700000|  0%| F|  |TAMS 0x00000000ed600000| PB 0x00000000ed600000| Untracked 
| 215|0x00000000ed700000, 0x00000000ed700000, 0x00000000ed800000|  0%| F|  |TAMS 0x00000000ed700000| PB 0x00000000ed700000| Untracked 
| 216|0x00000000ed800000, 0x00000000ed800000, 0x00000000ed900000|  0%| F|  |TAMS 0x00000000ed800000| PB 0x00000000ed800000| Untracked 
| 217|0x00000000ed900000, 0x00000000ed900000, 0x00000000eda00000|  0%| F|  |TAMS 0x00000000ed900000| PB 0x00000000ed900000| Untracked 
| 218|0x00000000eda00000, 0x00000000eda00000, 0x00000000edb00000|  0%| F|  |TAMS 0x00000000eda00000| PB 0x00000000eda00000| Untracked 
| 219|0x00000000edb00000, 0x00000000edb00000, 0x00000000edc00000|  0%| F|  |TAMS 0x00000000edb00000| PB 0x00000000edb00000| Untracked 
| 220|0x00000000edc00000, 0x00000000edc00000, 0x00000000edd00000|  0%| F|  |TAMS 0x00000000edc00000| PB 0x00000000edc00000| Untracked 
| 221|0x00000000edd00000, 0x00000000edd00000, 0x00000000ede00000|  0%| F|  |TAMS 0x00000000edd00000| PB 0x00000000edd00000| Untracked 
| 222|0x00000000ede00000, 0x00000000ede00000, 0x00000000edf00000|  0%| F|  |TAMS 0x00000000ede00000| PB 0x00000000ede00000| Untracked 
| 223|0x00000000edf00000, 0x00000000edf00000, 0x00000000ee000000|  0%| F|  |TAMS 0x00000000edf00000| PB 0x00000000edf00000| Untracked 
| 224|0x00000000ee000000, 0x00000000ee000000, 0x00000000ee100000|  0%| F|  |TAMS 0x00000000ee000000| PB 0x00000000ee000000| Untracked 
| 225|0x00000000ee100000, 0x00000000ee100000, 0x00000000ee200000|  0%| F|  |TAMS 0x00000000ee100000| PB 0x00000000ee100000| Untracked 
| 226|0x00000000ee200000, 0x00000000ee200000, 0x00000000ee300000|  0%| F|  |TAMS 0x00000000ee200000| PB 0x00000000ee200000| Untracked 
| 227|0x00000000ee300000, 0x00000000ee300000, 0x00000000ee400000|  0%| F|  |TAMS 0x00000000ee300000| PB 0x00000000ee300000| Untracked 
| 228|0x00000000ee400000, 0x00000000ee400000, 0x00000000ee500000|  0%| F|  |TAMS 0x00000000ee400000| PB 0x00000000ee400000| Untracked 
| 229|0x00000000ee500000, 0x00000000ee500000, 0x00000000ee600000|  0%| F|  |TAMS 0x00000000ee500000| PB 0x00000000ee500000| Untracked 
| 230|0x00000000ee600000, 0x00000000ee600000, 0x00000000ee700000|  0%| F|  |TAMS 0x00000000ee600000| PB 0x00000000ee600000| Untracked 
| 231|0x00000000ee700000, 0x00000000ee700000, 0x00000000ee800000|  0%| F|  |TAMS 0x00000000ee700000| PB 0x00000000ee700000| Untracked 
| 232|0x00000000ee800000, 0x00000000ee800000, 0x00000000ee900000|  0%| F|  |TAMS 0x00000000ee800000| PB 0x00000000ee800000| Untracked 
| 233|0x00000000ee900000, 0x00000000ee900000, 0x00000000eea00000|  0%| F|  |TAMS 0x00000000ee900000| PB 0x00000000ee900000| Untracked 
| 234|0x00000000eea00000, 0x00000000eea00000, 0x00000000eeb00000|  0%| F|  |TAMS 0x00000000eea00000| PB 0x00000000eea00000| Untracked 
| 235|0x00000000eeb00000, 0x00000000eeb00000, 0x00000000eec00000|  0%| F|  |TAMS 0x00000000eeb00000| PB 0x00000000eeb00000| Untracked 
| 236|0x00000000eec00000, 0x00000000eec00000, 0x00000000eed00000|  0%| F|  |TAMS 0x00000000eec00000| PB 0x00000000eec00000| Untracked 
| 237|0x00000000eed00000, 0x00000000eed810e8, 0x00000000eee00000| 50%| E|  |TAMS 0x00000000eed00000| PB 0x00000000eed00000| Complete 
| 238|0x00000000eee00000, 0x00000000eef00000, 0x00000000eef00000|100%| E|CS|TAMS 0x00000000eee00000| PB 0x00000000eee00000| Complete 
| 239|0x00000000eef00000, 0x00000000ef000000, 0x00000000ef000000|100%| E|CS|TAMS 0x00000000eef00000| PB 0x00000000eef00000| Complete 
| 240|0x00000000ef000000, 0x00000000ef100000, 0x00000000ef100000|100%| E|CS|TAMS 0x00000000ef000000| PB 0x00000000ef000000| Complete 
| 241|0x00000000ef100000, 0x00000000ef200000, 0x00000000ef200000|100%| E|CS|TAMS 0x00000000ef100000| PB 0x00000000ef100000| Complete 
| 242|0x00000000ef200000, 0x00000000ef300000, 0x00000000ef300000|100%| E|CS|TAMS 0x00000000ef200000| PB 0x00000000ef200000| Complete 
| 243|0x00000000ef300000, 0x00000000ef400000, 0x00000000ef400000|100%| E|CS|TAMS 0x00000000ef300000| PB 0x00000000ef300000| Complete 
| 244|0x00000000ef400000, 0x00000000ef500000, 0x00000000ef500000|100%| E|CS|TAMS 0x00000000ef400000| PB 0x00000000ef400000| Complete 
| 245|0x00000000ef500000, 0x00000000ef600000, 0x00000000ef600000|100%| E|CS|TAMS 0x00000000ef500000| PB 0x00000000ef500000| Complete 
| 246|0x00000000ef600000, 0x00000000ef700000, 0x00000000ef700000|100%| E|CS|TAMS 0x00000000ef600000| PB 0x00000000ef600000| Complete 
| 247|0x00000000ef700000, 0x00000000ef800000, 0x00000000ef800000|100%| E|CS|TAMS 0x00000000ef700000| PB 0x00000000ef700000| Complete 
| 248|0x00000000ef800000, 0x00000000ef900000, 0x00000000ef900000|100%| E|CS|TAMS 0x00000000ef800000| PB 0x00000000ef800000| Complete 
| 249|0x00000000ef900000, 0x00000000efa00000, 0x00000000efa00000|100%| E|CS|TAMS 0x00000000ef900000| PB 0x00000000ef900000| Complete 
| 250|0x00000000efa00000, 0x00000000efb00000, 0x00000000efb00000|100%| E|CS|TAMS 0x00000000efa00000| PB 0x00000000efa00000| Complete 
| 251|0x00000000efb00000, 0x00000000efc00000, 0x00000000efc00000|100%| E|CS|TAMS 0x00000000efb00000| PB 0x00000000efb00000| Complete 
| 252|0x00000000efc00000, 0x00000000efd00000, 0x00000000efd00000|100%| E|CS|TAMS 0x00000000efc00000| PB 0x00000000efc00000| Complete 
| 253|0x00000000efd00000, 0x00000000efe00000, 0x00000000efe00000|100%| E|CS|TAMS 0x00000000efd00000| PB 0x00000000efd00000| Complete 
| 254|0x00000000efe00000, 0x00000000eff00000, 0x00000000eff00000|100%| E|CS|TAMS 0x00000000efe00000| PB 0x00000000efe00000| Complete 
| 255|0x00000000eff00000, 0x00000000f0000000, 0x00000000f0000000|100%| E|CS|TAMS 0x00000000eff00000| PB 0x00000000eff00000| Complete 

Card table byte_map: [0x0000019e49580000,0x0000019e49680000] _byte_map_base: 0x0000019e48e80000

Marking Bits: (CMBitMap*) 0x0000019e31aaa740
 Bits: [0x0000019e49680000, 0x0000019e49e80000)

Polling page: 0x0000019e31240000

Metaspace:

Usage:
  Non-class:     46.72 MB used.
      Class:      7.56 MB used.
       Both:     54.28 MB used.

Virtual space:
  Non-class space:       64.00 MB reserved,      47.56 MB ( 74%) committed,  1 nodes.
      Class space:      320.00 MB reserved,       8.31 MB (  3%) committed,  1 nodes.
             Both:      384.00 MB reserved,      55.88 MB ( 15%) committed. 

Chunk freelists:
   Non-Class:  127.00 KB
       Class:  7.69 MB
        Both:  7.81 MB

MaxMetaspaceSize: 384.00 MB
CompressedClassSpaceSize: 320.00 MB
Initial GC threshold: 21.00 MB
Current GC threshold: 59.81 MB
CDS: on
 - commit_granule_bytes: 65536.
 - commit_granule_words: 8192.
 - virtual_space_node_default_size: 8388608.
 - enlarge_chunks_in_place: 1.
 - use_allocation_guard: 0.


Internal statistics:

num_allocs_failed_limit: 12.
num_arena_births: 2832.
num_arena_deaths: 0.
num_vsnodes_births: 2.
num_vsnodes_deaths: 0.
num_space_committed: 894.
num_space_uncommitted: 0.
num_chunks_returned_to_freelist: 12.
num_chunks_taken_from_freelist: 5233.
num_chunk_merges: 6.
num_chunk_splits: 3357.
num_chunks_enlarged: 2029.
num_inconsistent_stats: 0.

CodeHeap 'non-profiled nmethods': size=120000Kb used=3065Kb max_used=3065Kb free=116934Kb
 bounds [0x0000019e41c20000, 0x0000019e41f20000, 0x0000019e49150000]
CodeHeap 'profiled nmethods': size=120000Kb used=11833Kb max_used=11833Kb free=108166Kb
 bounds [0x0000019e3a150000, 0x0000019e3ace0000, 0x0000019e41680000]
CodeHeap 'non-nmethods': size=5760Kb used=2812Kb max_used=2861Kb free=2947Kb
 bounds [0x0000019e41680000, 0x0000019e41950000, 0x0000019e41c20000]
 total_blobs=6979 nmethods=6057 adapters=826
 compilation: enabled
              stopped_count=0, restarted_count=0
 full_count=0

Compilation events (20 events):
Event: 40.439 Thread 0x0000019e4c93a870 6541       2       org.gradle.internal.snapshot.impl.AbstractScalarValueSnapshot::equals (41 bytes)
Event: 40.440 Thread 0x0000019e4c93a870 nmethod 6541 0x0000019e3acd3290 code [0x0000019e3acd3440, 0x0000019e3acd3668]
Event: 40.443 Thread 0x0000019e4c93a870 6542       2       org.gradle.api.internal.attributes.DefaultImmutableAttributes::isPresent (13 bytes)
Event: 40.444 Thread 0x0000019e4c93a870 nmethod 6542 0x0000019e3acd3790 code [0x0000019e3acd3920, 0x0000019e3acd3a38]
Event: 40.450 Thread 0x0000019e4c93a870 6543       1       org.gradle.api.internal.artifacts.transform.BoundTransformStep::getTransformStep (5 bytes)
Event: 40.450 Thread 0x0000019e4c93a870 nmethod 6543 0x0000019e41f1dd90 code [0x0000019e41f1df20, 0x0000019e41f1dfe8]
Event: 40.451 Thread 0x0000019e4c93a870 6544       2       com.google.common.collect.ImmutableMap$Builder::buildOrThrow (6 bytes)
Event: 40.452 Thread 0x0000019e4c93a870 nmethod 6544 0x0000019e3acd3b10 code [0x0000019e3acd3ca0, 0x0000019e3acd3dc8]
Event: 40.455 Thread 0x0000019e4c93a870 6545       2       java.lang.Long::hashCode (8 bytes)
Event: 40.455 Thread 0x0000019e4c93a870 nmethod 6545 0x0000019e3acd3e90 code [0x0000019e3acd4020, 0x0000019e3acd4148]
Event: 40.456 Thread 0x0000019e4c93a870 6546       1       org.gradle.api.internal.artifacts.transform.TransformWorkspaceIdentity::getUniqueId (5 bytes)
Event: 40.456 Thread 0x0000019e4c93a870 nmethod 6546 0x0000019e41f1e090 code [0x0000019e41f1e220, 0x0000019e41f1e2e8]
Event: 40.456 Thread 0x0000019e4c93a870 6547       2       org.gradle.cache.internal.filelock.LockStateAccess::writeState (90 bytes)
Event: 40.457 Thread 0x0000019e4c93a870 nmethod 6547 0x0000019e3acd4210 code [0x0000019e3acd4460, 0x0000019e3acd4cb0]
Event: 40.458 Thread 0x0000019e4c93a870 6548       2       org.gradle.cache.internal.filelock.DefaultLockStateSerializer::write (26 bytes)
Event: 40.458 Thread 0x0000019e4c93a870 nmethod 6548 0x0000019e3acd5190 code [0x0000019e3acd5340, 0x0000019e3acd5508]
Event: 40.458 Thread 0x0000019e4c93a870 6549       2       java.io.RandomAccessFile::write (9 bytes)
Event: 40.458 Thread 0x0000019e4c93a870 nmethod 6549 0x0000019e3acd5690 code [0x0000019e3acd5840, 0x0000019e3acd5970]
Event: 40.463 Thread 0x0000019e4c93a870 6550       2       org.gradle.internal.serialize.HashCodeSerializer::read (23 bytes)
Event: 40.464 Thread 0x0000019e4c93a870 nmethod 6550 0x0000019e3acd5a90 code [0x0000019e3acd5c60, 0x0000019e3acd5e90]

GC Heap History (16 events):
Event: 2.392 GC heap before
{Heap before GC invocations=0 (full 0):
 garbage-first heap   total 262144K, used 22528K [0x00000000e0000000, 0x0000000100000000)
  region size 1024K, 23 young (23552K), 0 survivors (0K)
 Metaspace       used 1108K, committed 1216K, reserved 393216K
  class space    used 77K, committed 128K, reserved 327680K
}
Event: 2.400 GC heap after
{Heap after GC invocations=1 (full 0):
 garbage-first heap   total 262144K, used 4980K [0x00000000e0000000, 0x0000000100000000)
  region size 1024K, 3 young (3072K), 3 survivors (3072K)
 Metaspace       used 1108K, committed 1216K, reserved 393216K
  class space    used 77K, committed 128K, reserved 327680K
}
Event: 4.041 GC heap before
{Heap before GC invocations=1 (full 0):
 garbage-first heap   total 262144K, used 41844K [0x00000000e0000000, 0x0000000100000000)
  region size 1024K, 35 young (35840K), 3 survivors (3072K)
 Metaspace       used 4412K, committed 4608K, reserved 393216K
  class space    used 543K, committed 640K, reserved 327680K
}
Event: 4.045 GC heap after
{Heap after GC invocations=2 (full 0):
 garbage-first heap   total 262144K, used 12284K [0x00000000e0000000, 0x0000000100000000)
  region size 1024K, 4 young (4096K), 4 survivors (4096K)
 Metaspace       used 4412K, committed 4608K, reserved 393216K
  class space    used 543K, committed 640K, reserved 327680K
}
Event: 5.681 GC heap before
{Heap before GC invocations=2 (full 0):
 garbage-first heap   total 262144K, used 61436K [0x00000000e0000000, 0x0000000100000000)
  region size 1024K, 50 young (51200K), 4 survivors (4096K)
 Metaspace       used 6075K, committed 6336K, reserved 393216K
  class space    used 782K, committed 896K, reserved 327680K
}
Event: 5.687 GC heap after
{Heap after GC invocations=3 (full 0):
 garbage-first heap   total 262144K, used 19164K [0x00000000e0000000, 0x0000000100000000)
  region size 1024K, 7 young (7168K), 7 survivors (7168K)
 Metaspace       used 6075K, committed 6336K, reserved 393216K
  class space    used 782K, committed 896K, reserved 327680K
}
Event: 18.012 GC heap before
{Heap before GC invocations=3 (full 0):
 garbage-first heap   total 262144K, used 100060K [0x00000000e0000000, 0x0000000100000000)
  region size 1024K, 87 young (89088K), 7 survivors (7168K)
 Metaspace       used 20862K, committed 21504K, reserved 393216K
  class space    used 2989K, committed 3328K, reserved 327680K
}
Event: 18.024 GC heap after
{Heap after GC invocations=4 (full 0):
 garbage-first heap   total 262144K, used 25541K [0x00000000e0000000, 0x0000000100000000)
  region size 1024K, 14 young (14336K), 14 survivors (14336K)
 Metaspace       used 20862K, committed 21504K, reserved 393216K
  class space    used 2989K, committed 3328K, reserved 327680K
}
Event: 23.650 GC heap before
{Heap before GC invocations=5 (full 0):
 garbage-first heap   total 262144K, used 143301K [0x00000000e0000000, 0x0000000100000000)
  region size 1024K, 119 young (121856K), 14 survivors (14336K)
 Metaspace       used 34686K, committed 35968K, reserved 393216K
  class space    used 5156K, committed 5824K, reserved 327680K
}
Event: 23.666 GC heap after
{Heap after GC invocations=6 (full 0):
 garbage-first heap   total 262144K, used 46607K [0x00000000e0000000, 0x0000000100000000)
  region size 1024K, 20 young (20480K), 20 survivors (20480K)
 Metaspace       used 34686K, committed 35968K, reserved 393216K
  class space    used 5156K, committed 5824K, reserved 327680K
}
Event: 23.700 GC heap before
{Heap before GC invocations=6 (full 0):
 garbage-first heap   total 262144K, used 47631K [0x00000000e0000000, 0x0000000100000000)
  region size 1024K, 22 young (22528K), 20 survivors (20480K)
 Metaspace       used 35041K, committed 36288K, reserved 393216K
  class space    used 5190K, committed 5824K, reserved 327680K
}
Event: 23.712 GC heap after
{Heap after GC invocations=7 (full 0):
 garbage-first heap   total 262144K, used 46869K [0x00000000e0000000, 0x0000000100000000)
  region size 1024K, 10 young (10240K), 10 survivors (10240K)
 Metaspace       used 35041K, committed 36288K, reserved 393216K
  class space    used 5190K, committed 5824K, reserved 327680K
}
Event: 23.741 GC heap before
{Heap before GC invocations=7 (full 0):
 garbage-first heap   total 262144K, used 46869K [0x00000000e0000000, 0x0000000100000000)
  region size 1024K, 11 young (11264K), 10 survivors (10240K)
 Metaspace       used 35353K, committed 36608K, reserved 393216K
  class space    used 5229K, committed 5888K, reserved 327680K
}
Event: 23.747 GC heap after
{Heap after GC invocations=8 (full 0):
 garbage-first heap   total 262144K, used 46063K [0x00000000e0000000, 0x0000000100000000)
  region size 1024K, 10 young (10240K), 10 survivors (10240K)
 Metaspace       used 35353K, committed 36608K, reserved 393216K
  class space    used 5229K, committed 5888K, reserved 327680K
}
Event: 38.880 GC heap before
{Heap before GC invocations=9 (full 0):
 garbage-first heap   total 262144K, used 212975K [0x00000000e0000000, 0x0000000100000000)
  region size 1024K, 153 young (156672K), 10 survivors (10240K)
 Metaspace       used 52006K, committed 53696K, reserved 393216K
  class space    used 7260K, committed 8064K, reserved 327680K
}
Event: 38.909 GC heap after
{Heap after GC invocations=10 (full 0):
 garbage-first heap   total 262144K, used 73176K [0x00000000e0000000, 0x0000000100000000)
  region size 1024K, 20 young (20480K), 20 survivors (20480K)
 Metaspace       used 52006K, committed 53696K, reserved 393216K
  class space    used 7260K, committed 8064K, reserved 327680K
}

Dll operation events (15 events):
Event: 0.119 Loaded shared library C:\Users\hawad\AppData\Local\Programs\Eclipse Adoptium\jdk-21.0.4.7-hotspot\bin\java.dll
Event: 0.405 Loaded shared library C:\Users\hawad\AppData\Local\Programs\Eclipse Adoptium\jdk-21.0.4.7-hotspot\bin\jsvml.dll
Event: 0.546 Loaded shared library C:\Users\hawad\AppData\Local\Programs\Eclipse Adoptium\jdk-21.0.4.7-hotspot\bin\zip.dll
Event: 0.556 Loaded shared library C:\Users\hawad\AppData\Local\Programs\Eclipse Adoptium\jdk-21.0.4.7-hotspot\bin\instrument.dll
Event: 0.567 Loaded shared library C:\Users\hawad\AppData\Local\Programs\Eclipse Adoptium\jdk-21.0.4.7-hotspot\bin\net.dll
Event: 0.573 Loaded shared library C:\Users\hawad\AppData\Local\Programs\Eclipse Adoptium\jdk-21.0.4.7-hotspot\bin\nio.dll
Event: 0.581 Loaded shared library C:\Users\hawad\AppData\Local\Programs\Eclipse Adoptium\jdk-21.0.4.7-hotspot\bin\zip.dll
Event: 1.629 Loaded shared library C:\Users\hawad\AppData\Local\Programs\Eclipse Adoptium\jdk-21.0.4.7-hotspot\bin\jimage.dll
Event: 2.494 Loaded shared library C:\Users\hawad\AppData\Local\Programs\Eclipse Adoptium\jdk-21.0.4.7-hotspot\bin\verify.dll
Event: 2.930 Loaded shared library C:\Users\hawad\.gradle\native\c067742578af261105cb4f569cf0c3c89f3d7b1fecec35dd04571415982c5e48\windows-amd64\native-platform.dll
Event: 2.949 Loaded shared library C:\Users\hawad\.gradle\native\100fb08df4bc3b14c8652ba06237920a3bd2aa13389f12d3474272988ae205f9\windows-amd64\native-platform-file-events.dll
Event: 5.744 Loaded shared library C:\Users\hawad\AppData\Local\Programs\Eclipse Adoptium\jdk-21.0.4.7-hotspot\bin\management.dll
Event: 5.757 Loaded shared library C:\Users\hawad\AppData\Local\Programs\Eclipse Adoptium\jdk-21.0.4.7-hotspot\bin\management_ext.dll
Event: 6.535 Loaded shared library C:\Users\hawad\AppData\Local\Programs\Eclipse Adoptium\jdk-21.0.4.7-hotspot\bin\extnet.dll
Event: 13.935 Loaded shared library C:\Users\hawad\AppData\Local\Programs\Eclipse Adoptium\jdk-21.0.4.7-hotspot\bin\sunmscapi.dll

Deoptimization events (20 events):
Event: 39.858 Thread 0x0000019e6786d040 Uncommon trap: trap_request=0xffffff45 fr.pc=0x0000019e41cb1238 relative=0x00000000000004f8
Event: 39.858 Thread 0x0000019e6786d040 Uncommon trap: reason=unstable_if action=reinterpret pc=0x0000019e41cb1238 method=java.lang.AbstractStringBuilder.isLatin1()Z @ 10 c2
Event: 39.858 Thread 0x0000019e6786d040 DEOPT PACKING pc=0x0000019e41cb1238 sp=0x0000009d2e2f5f50
Event: 39.858 Thread 0x0000019e6786d040 DEOPT UNPACKING pc=0x0000019e416d46a2 sp=0x0000009d2e2f5de8 mode 2
Event: 39.858 Thread 0x0000019e6786d040 Uncommon trap: trap_request=0xffffff45 fr.pc=0x0000019e41cbefb4 relative=0x00000000000004d4
Event: 39.858 Thread 0x0000019e6786d040 Uncommon trap: reason=unstable_if action=reinterpret pc=0x0000019e41cbefb4 method=java.lang.CharacterDataLatin1.toLowerCase(I)I @ 23 c2
Event: 39.858 Thread 0x0000019e6786d040 DEOPT PACKING pc=0x0000019e41cbefb4 sp=0x0000009d2e2f5fd0
Event: 39.858 Thread 0x0000019e6786d040 DEOPT UNPACKING pc=0x0000019e416d46a2 sp=0x0000009d2e2f5f00 mode 2
Event: 39.859 Thread 0x0000019e6786d040 Uncommon trap: trap_request=0xffffff45 fr.pc=0x0000019e41c6b30c relative=0x00000000000000ec
Event: 39.859 Thread 0x0000019e6786d040 Uncommon trap: reason=unstable_if action=reinterpret pc=0x0000019e41c6b30c method=java.lang.String.getBytes([BIB)V @ 5 c2
Event: 39.859 Thread 0x0000019e6786d040 DEOPT PACKING pc=0x0000019e41c6b30c sp=0x0000009d2e2f6140
Event: 39.859 Thread 0x0000019e6786d040 DEOPT UNPACKING pc=0x0000019e416d46a2 sp=0x0000009d2e2f60e8 mode 2
Event: 39.987 Thread 0x0000019e6786d040 DEOPT PACKING pc=0x0000019e3a179f79 sp=0x0000009d2e2f52a0
Event: 39.987 Thread 0x0000019e6786d040 DEOPT UNPACKING pc=0x0000019e416d4e42 sp=0x0000009d2e2f4790 mode 0
Event: 40.322 Thread 0x0000019e6786d040 Uncommon trap: trap_request=0xffffffc6 fr.pc=0x0000019e41e8d7c8 relative=0x0000000000000d68
Event: 40.322 Thread 0x0000019e6786d040 Uncommon trap: reason=bimorphic_or_optimized_type_check action=maybe_recompile pc=0x0000019e41e8d7c8 method=java.util.HashMap.computeIfAbsent(Ljava/lang/Object;Ljava/util/function/Function;)Ljava/lang/Object; @ 142 c2
Event: 40.322 Thread 0x0000019e6786d040 DEOPT PACKING pc=0x0000019e41e8d7c8 sp=0x0000009d2e2f7750
Event: 40.322 Thread 0x0000019e6786d040 DEOPT UNPACKING pc=0x0000019e416d46a2 sp=0x0000009d2e2f7718 mode 2
Event: 40.427 Thread 0x0000019e68202950 DEOPT PACKING pc=0x0000019e3a694ede sp=0x0000009d309fd9b0
Event: 40.427 Thread 0x0000019e68202950 DEOPT UNPACKING pc=0x0000019e416d4e42 sp=0x0000009d309fcf30 mode 0

Classes loaded (20 events):
Event: 40.167 Loading class com/sun/crypto/provider/GaloisCounterMode$EncryptOp
Event: 40.168 Loading class com/sun/crypto/provider/GaloisCounterMode$GCMOperation
Event: 40.168 Loading class com/sun/crypto/provider/GaloisCounterMode$GCMOperation done
Event: 40.168 Loading class com/sun/crypto/provider/GaloisCounterMode$EncryptOp done
Event: 40.211 Loading class sun/security/ssl/NewSessionTicket$T12NewSessionTicketMessage
Event: 40.211 Loading class sun/security/ssl/NewSessionTicket$NewSessionTicketMessage
Event: 40.211 Loading class sun/security/ssl/NewSessionTicket$NewSessionTicketMessage done
Event: 40.211 Loading class sun/security/ssl/NewSessionTicket$T12NewSessionTicketMessage done
Event: 40.212 Loading class sun/security/ssl/SSLCipher$T12GcmReadCipherGenerator$GcmReadCipher
Event: 40.212 Loading class sun/security/ssl/SSLCipher$T12GcmReadCipherGenerator$GcmReadCipher done
Event: 40.213 Loading class com/sun/crypto/provider/GaloisCounterMode$GCMDecrypt
Event: 40.214 Loading class com/sun/crypto/provider/GaloisCounterMode$GCMDecrypt done
Event: 40.214 Loading class com/sun/crypto/provider/GaloisCounterMode$DecryptOp
Event: 40.214 Loading class com/sun/crypto/provider/GaloisCounterMode$DecryptOp done
Event: 40.215 Loading class jdk/internal/event/TLSHandshakeEvent
Event: 40.215 Loading class jdk/internal/event/TLSHandshakeEvent done
Event: 40.215 Loading class javax/net/ssl/SSLEngineResult$HandshakeStatus
Event: 40.216 Loading class javax/net/ssl/SSLEngineResult$HandshakeStatus done
Event: 40.285 Loading class java/nio/charset/UnsupportedCharsetException
Event: 40.285 Loading class java/nio/charset/UnsupportedCharsetException done

Classes unloaded (0 events):
No events

Classes redefined (0 events):
No events

Internal exceptions (20 events):
Event: 37.049 Thread 0x0000019e6786d040 Exception <a 'java/lang/ClassNotFoundException'{0x00000000e83bc578}: org/gradle/plugin/use/internal/PluginsAwareScriptBeanInfo> (0x00000000e83bc578) 
thrown [s\src\hotspot\share\classfile\systemDictionary.cpp, line 312]
Event: 37.050 Thread 0x0000019e6786d040 Exception <a 'java/lang/ClassNotFoundException'{0x00000000e83c6e48}: org/gradle/plugin/use/internal/PluginsAwareScriptCustomizer> (0x00000000e83c6e48) 
thrown [s\src\hotspot\share\classfile\systemDictionary.cpp, line 312]
Event: 37.054 Thread 0x0000019e6786d040 Exception <a 'java/lang/ClassNotFoundException'{0x00000000e83d88d8}: org/gradle/initialization/SettingsScriptCustomizer> (0x00000000e83d88d8) 
thrown [s\src\hotspot\share\classfile\systemDictionary.cpp, line 312]
Event: 37.067 Thread 0x0000019e6786d040 Exception <a 'java/lang/ClassNotFoundException'{0x00000000e83e6880}: settings_6ja2ge12fvb6nzqmis9x5qr69Customizer> (0x00000000e83e6880) 
thrown [s\src\hotspot\share\classfile\systemDictionary.cpp, line 312]
Event: 37.113 Thread 0x0000019e6786d040 Exception <a 'java/lang/ClassNotFoundException'{0x00000000e823f080}: org/gradle/plugin/use/internal/PluginRequestCollector$PluginDependenciesSpecImplBeanInfo> (0x00000000e823f080) 
thrown [s\src\hotspot\share\classfile\systemDictionary.cpp, line 312]
Event: 37.130 Thread 0x0000019e6786d040 Exception <a 'java/lang/ClassNotFoundException'{0x00000000e8250680}: org/gradle/plugin/use/internal/PluginRequestCollector$PluginDependenciesSpecImplCustomizer> (0x00000000e8250680) 
thrown [s\src\hotspot\share\classfile\systemDictionary.cpp, line 312]
Event: 37.143 Thread 0x0000019e6786d040 Exception <a 'java/lang/NoSuchMethodError'{0x00000000e825f240}: 'java.lang.Object java.lang.invoke.DirectMethodHandle$Holder.invokeVirtual(java.lang.Object, java.lang.Object, java.lang.Object, int)'> (0x00000000e825f240) 
thrown [s\src\hotspot\share\interpreter\linkResolver.cpp, line 773]
Event: 37.171 Thread 0x0000019e6786d040 Exception <a 'java/lang/ClassNotFoundException'{0x00000000e82ba280}: org/gradle/plugin/use/internal/PluginRequestCollector$PluginDependencySpecImplBeanInfo> (0x00000000e82ba280) 
thrown [s\src\hotspot\share\classfile\systemDictionary.cpp, line 312]
Event: 37.173 Thread 0x0000019e6786d040 Exception <a 'java/lang/ClassNotFoundException'{0x00000000e82cb828}: org/gradle/plugin/use/internal/PluginRequestCollector$PluginDependencySpecImplCustomizer> (0x00000000e82cb828) 
thrown [s\src\hotspot\share\classfile\systemDictionary.cpp, line 312]
Event: 37.194 Thread 0x0000019e6786d040 Exception <a 'java/lang/NoSuchMethodError'{0x00000000e82ed890}: 'void java.lang.invoke.DirectMethodHandle$Holder.invokeStatic(java.lang.Object, java.lang.Object, java.lang.Object, java.lang.Object, java.lang.Object, java.lang.Object)'> (0x00000000e82ed890) 
thrown [s\src\hotspot\share\interpreter\linkResolver.cpp, line 773]
Event: 37.198 Thread 0x0000019e6786d040 Exception <a 'java/lang/NoSuchMethodError'{0x00000000e82ff470}: 'java.lang.Object java.lang.invoke.DirectMethodHandle$Holder.invokeVirtual(java.lang.Object, java.lang.Object, java.lang.Object, java.lang.Object, java.lang.Object, java.lang.Object, java.lang.Object, java.lang.Object, java.lang.Object, java.lang.Object, java.lang.Object, java.lang.Object, java.lang.Object)'> (0x00000000e82ff470) 
thrown [s\src\hotspot\share\interpreter\linkResolver.cpp, line 773]
Event: 37.210 Thread 0x0000019e6786d040 Exception <a 'java/lang/IncompatibleClassChangeError'{0x00000000e8157ad0}: Found class java.lang.Object, but interface was expected> (0x00000000e8157ad0) 
thrown [s\src\hotspot\share\interpreter\linkResolver.cpp, line 840]
Event: 37.351 Thread 0x0000019e6786d040 Exception <a 'java/lang/NoSuchMethodError'{0x00000000e7e27f18}: 'java.lang.Object java.lang.invoke.DirectMethodHandle$Holder.newInvokeSpecial(java.lang.Object, java.lang.Object, java.lang.Object, java.lang.Object, java.lang.Object, java.lang.Object, java.lang.Object, java.lang.Object, java.lang.Object, java.lang.Object, java.lang.Object, java.lang.Object, java.lang.Object, java.lang.Object, java.lang.Object, java.lang.Object, java.lang.Object, java.lang.Object, java.lang.Object)'> (0x00000000e7e27f18) 
thr
Event: 37.353 Thread 0x0000019e6786d040 Exception <a 'java/lang/NoSuchMethodError'{0x00000000e7e2eb40}: 'java.lang.Object java.lang.invoke.DirectMethodHandle$Holder.invokeSpecial(java.lang.Object, java.lang.Object, java.lang.Object, java.lang.Object, java.lang.Object, java.lang.Object, java.lang.Object, java.lang.Object, java.lang.Object, java.lang.Object, java.lang.Object, java.lang.Object, java.lang.Object, java.lang.Object, java.lang.Object, java.lang.Object, java.lang.Object, java.lang.Object, java.lang.Object, java.lang.Object)'> (0x0000000
Event: 37.354 Thread 0x0000019e6786d040 Exception <a 'java/lang/NoSuchMethodError'{0x00000000e7e34380}: 'java.lang.Object java.lang.invoke.DelegatingMethodHandle$Holder.reinvoke_L(java.lang.Object, java.lang.Object, java.lang.Object, java.lang.Object, java.lang.Object, java.lang.Object, java.lang.Object, java.lang.Object, java.lang.Object, java.lang.Object, java.lang.Object, java.lang.Object, java.lang.Object, java.lang.Object, java.lang.Object, java.lang.Object, java.lang.Object, java.lang.Object, java.lang.Object)'> (0x00000000e7e34380) 
throw
Event: 37.797 Thread 0x0000019e6786d040 Exception <a 'java/lang/NoSuchMethodError'{0x00000000e7780550}: 'int java.lang.invoke.DirectMethodHandle$Holder.invokeSpecialIFC(java.lang.Object, java.lang.Object, java.lang.Object)'> (0x00000000e7780550) 
thrown [s\src\hotspot\share\interpreter\linkResolver.cpp, line 773]
Event: 37.963 Thread 0x0000019e6786d040 Exception <a 'java/lang/NoSuchMethodError'{0x00000000e7318868}: 'java.lang.Object java.lang.invoke.DirectMethodHandle$Holder.invokeSpecial(java.lang.Object, java.lang.Object, java.lang.Object, java.lang.Object, java.lang.Object, long)'> (0x00000000e7318868) 
thrown [s\src\hotspot\share\interpreter\linkResolver.cpp, line 773]
Event: 37.968 Thread 0x0000019e6786d040 Exception <a 'java/lang/NoSuchMethodError'{0x00000000e73380f0}: 'void java.lang.invoke.DirectMethodHandle$Holder.invokeStatic(java.lang.Object, java.lang.Object, java.lang.Object, int, java.lang.Object)'> (0x00000000e73380f0) 
thrown [s\src\hotspot\share\interpreter\linkResolver.cpp, line 773]
Event: 38.151 Thread 0x0000019e6786d040 Exception <a 'sun/nio/fs/WindowsException'{0x00000000e70073a8}> (0x00000000e70073a8) 
thrown [s\src\hotspot\share\prims\jni.cpp, line 520]
Event: 38.563 Thread 0x0000019e6786d040 Exception <a 'java/lang/NoSuchMethodError'{0x00000000e6d55588}: 'void java.lang.invoke.DirectMethodHandle$Holder.invokeVirtual(java.lang.Object, java.lang.Object)'> (0x00000000e6d55588) 
thrown [s\src\hotspot\share\interpreter\linkResolver.cpp, line 773]

ZGC Phase Switch (0 events):
No events

VM Operations (20 events):
Event: 38.156 Executing VM operation: HandshakeAllThreads (Deoptimize)
Event: 38.156 Executing VM operation: HandshakeAllThreads (Deoptimize) done
Event: 38.402 Executing VM operation: HandshakeAllThreads (Deoptimize)
Event: 38.402 Executing VM operation: HandshakeAllThreads (Deoptimize) done
Event: 38.407 Executing VM operation: HandshakeAllThreads (Deoptimize)
Event: 38.407 Executing VM operation: HandshakeAllThreads (Deoptimize) done
Event: 38.549 Executing VM operation: HandshakeAllThreads (Deoptimize)
Event: 38.549 Executing VM operation: HandshakeAllThreads (Deoptimize) done
Event: 38.592 Executing VM operation: HandshakeAllThreads (Deoptimize)
Event: 38.593 Executing VM operation: HandshakeAllThreads (Deoptimize) done
Event: 38.830 Executing VM operation: HandshakeAllThreads (Deoptimize)
Event: 38.830 Executing VM operation: HandshakeAllThreads (Deoptimize) done
Event: 38.838 Executing VM operation: HandshakeAllThreads (Deoptimize)
Event: 38.838 Executing VM operation: HandshakeAllThreads (Deoptimize) done
Event: 38.878 Executing VM operation: G1CollectForAllocation (G1 Evacuation Pause)
Event: 38.909 Executing VM operation: G1CollectForAllocation (G1 Evacuation Pause) done
Event: 39.058 Executing VM operation: HandshakeAllThreads (Deoptimize)
Event: 39.058 Executing VM operation: HandshakeAllThreads (Deoptimize) done
Event: 39.496 Executing VM operation: HandshakeAllThreads (Deoptimize)
Event: 39.496 Executing VM operation: HandshakeAllThreads (Deoptimize) done

Memory protections (0 events):
No events

Nmethod flushes (20 events):
Event: 23.773 Thread 0x0000019e4c8fea50 flushing  nmethod 0x0000019e3a283910
Event: 23.773 Thread 0x0000019e4c8fea50 flushing  nmethod 0x0000019e3a287010
Event: 23.773 Thread 0x0000019e4c8fea50 flushing  nmethod 0x0000019e3a39b490
Event: 23.773 Thread 0x0000019e4c8fea50 flushing  nmethod 0x0000019e3a39d190
Event: 23.773 Thread 0x0000019e4c8fea50 flushing  nmethod 0x0000019e3a44b590
Event: 23.773 Thread 0x0000019e4c8fea50 flushing  nmethod 0x0000019e3a44bf10
Event: 23.773 Thread 0x0000019e4c8fea50 flushing  nmethod 0x0000019e3a482990
Event: 23.773 Thread 0x0000019e4c8fea50 flushing  nmethod 0x0000019e3a492490
Event: 23.773 Thread 0x0000019e4c8fea50 flushing  nmethod 0x0000019e3a495c90
Event: 23.773 Thread 0x0000019e4c8fea50 flushing  nmethod 0x0000019e3a496890
Event: 23.773 Thread 0x0000019e4c8fea50 flushing  nmethod 0x0000019e3a497510
Event: 23.773 Thread 0x0000019e4c8fea50 flushing  nmethod 0x0000019e3a498890
Event: 23.773 Thread 0x0000019e4c8fea50 flushing  nmethod 0x0000019e3a499690
Event: 23.773 Thread 0x0000019e4c8fea50 flushing  nmethod 0x0000019e3a499c90
Event: 23.773 Thread 0x0000019e4c8fea50 flushing  nmethod 0x0000019e3a509210
Event: 23.773 Thread 0x0000019e4c8fea50 flushing  nmethod 0x0000019e3a54ac10
Event: 23.773 Thread 0x0000019e4c8fea50 flushing  nmethod 0x0000019e3a54b190
Event: 23.773 Thread 0x0000019e4c8fea50 flushing  nmethod 0x0000019e3a554710
Event: 23.773 Thread 0x0000019e4c8fea50 flushing  nmethod 0x0000019e3a554a10
Event: 23.773 Thread 0x0000019e4c8fea50 flushing  nmethod 0x0000019e3a555690

Events (20 events):
Event: 21.522 Thread 0x0000019e6786d040 Thread added: 0x0000019e67acde00
Event: 21.778 Thread 0x0000019e6786d040 Thread added: 0x0000019e67ace490
Event: 27.271 Thread 0x0000019e6786d040 Thread added: 0x0000019e67acfed0
Event: 27.276 Thread 0x0000019e6786d040 Thread added: 0x0000019e67ad1fa0
Event: 27.278 Thread 0x0000019e6786d040 Thread added: 0x0000019e681fe120
Event: 27.280 Thread 0x0000019e6786d040 Thread added: 0x0000019e68200f10
Event: 27.281 Thread 0x0000019e6786d040 Thread added: 0x0000019e681fd400
Event: 27.282 Thread 0x0000019e6786d040 Thread added: 0x0000019e681fda90
Event: 27.284 Thread 0x0000019e6786d040 Thread added: 0x0000019e68201c30
Event: 27.450 Thread 0x0000019e6786d040 Thread added: 0x0000019e681ffb60
Event: 27.452 Thread 0x0000019e6786d040 Thread added: 0x0000019e68203d00
Event: 27.453 Thread 0x0000019e6786d040 Thread added: 0x0000019e681fe7b0
Event: 27.455 Thread 0x0000019e6786d040 Thread added: 0x0000019e68204390
Event: 27.456 Thread 0x0000019e6786d040 Thread added: 0x0000019e682015a0
Event: 27.460 Thread 0x0000019e6786d040 Thread added: 0x0000019e68204a20
Event: 27.461 Thread 0x0000019e6786d040 Thread added: 0x0000019e682022c0
Event: 40.382 Thread 0x0000019e6786d040 Thread added: 0x0000019e68202950
Event: 40.387 Thread 0x0000019e6786d040 Thread added: 0x0000019e681fee40
Event: 40.450 Thread 0x0000019e6786d040 Thread added: 0x0000019e681ff4d0
Event: 40.454 Thread 0x0000019e6786d040 Thread added: 0x0000019e682001f0


Dynamic libraries:
0x00007ff61dbe0000 - 0x00007ff61dbee000 	C:\Users\hawad\AppData\Local\Programs\Eclipse Adoptium\jdk-21.0.4.7-hotspot\bin\java.exe
0x00007ffed4ad0000 - 0x00007ffed4ce7000 	C:\Windows\SYSTEM32\ntdll.dll
0x00007ffed3700000 - 0x00007ffed37c4000 	C:\Windows\System32\KERNEL32.DLL
0x00007ffed2140000 - 0x00007ffed24fa000 	C:\Windows\System32\KERNELBASE.dll
0x00007ffed2020000 - 0x00007ffed2131000 	C:\Windows\System32\ucrtbase.dll
0x00007ffec8f10000 - 0x00007ffec8f2b000 	C:\Users\hawad\AppData\Local\Programs\Eclipse Adoptium\jdk-21.0.4.7-hotspot\bin\VCRUNTIME140.dll
0x00007ffec0ca0000 - 0x00007ffec0cb8000 	C:\Users\hawad\AppData\Local\Programs\Eclipse Adoptium\jdk-21.0.4.7-hotspot\bin\jli.dll
0x00007ffed4830000 - 0x00007ffed49de000 	C:\Windows\System32\USER32.dll
0x00007ffed2530000 - 0x00007ffed2556000 	C:\Windows\System32\win32u.dll
0x00007ffed3460000 - 0x00007ffed3489000 	C:\Windows\System32\GDI32.dll
0x00007ffeae940000 - 0x00007ffeaebd2000 	C:\Windows\WinSxS\amd64_microsoft.windows.common-controls_6595b64144ccf1df_6.0.22621.4541_none_2710d1c57384c085\COMCTL32.dll
0x00007ffed2560000 - 0x00007ffed267b000 	C:\Windows\System32\gdi32full.dll
0x00007ffed34a0000 - 0x00007ffed3547000 	C:\Windows\System32\msvcrt.dll
0x00007ffed1d90000 - 0x00007ffed1e2a000 	C:\Windows\System32\msvcp_win.dll
0x00007ffed3600000 - 0x00007ffed3631000 	C:\Windows\System32\IMM32.DLL
0x00007ffecd1d0000 - 0x00007ffecd1dc000 	C:\Users\hawad\AppData\Local\Programs\Eclipse Adoptium\jdk-21.0.4.7-hotspot\bin\vcruntime140_1.dll
0x00007ffea8a80000 - 0x00007ffea8b0e000 	C:\Users\hawad\AppData\Local\Programs\Eclipse Adoptium\jdk-21.0.4.7-hotspot\bin\msvcp140.dll
0x00007ffe64f60000 - 0x00007ffe65ce8000 	C:\Users\hawad\AppData\Local\Programs\Eclipse Adoptium\jdk-21.0.4.7-hotspot\bin\server\jvm.dll
0x00007ffed3640000 - 0x00007ffed36f2000 	C:\Windows\System32\ADVAPI32.dll
0x00007ffed2bc0000 - 0x00007ffed2c67000 	C:\Windows\System32\sechost.dll
0x00007ffed2500000 - 0x00007ffed2528000 	C:\Windows\System32\bcrypt.dll
0x00007ffed37d0000 - 0x00007ffed38e4000 	C:\Windows\System32\RPCRT4.dll
0x00007ffed28b0000 - 0x00007ffed2921000 	C:\Windows\System32\WS2_32.dll
0x00007ffed1a00000 - 0x00007ffed1a4d000 	C:\Windows\SYSTEM32\POWRPROF.dll
0x00007ffec7560000 - 0x00007ffec756a000 	C:\Windows\SYSTEM32\VERSION.dll
0x00007ffecbce0000 - 0x00007ffecbd14000 	C:\Windows\SYSTEM32\WINMM.dll
0x00007ffed1800000 - 0x00007ffed1813000 	C:\Windows\SYSTEM32\UMPDC.dll
0x00007ffed0dd0000 - 0x00007ffed0de8000 	C:\Windows\SYSTEM32\kernel.appcore.dll
0x00007ffec8eb0000 - 0x00007ffec8eba000 	C:\Users\hawad\AppData\Local\Programs\Eclipse Adoptium\jdk-21.0.4.7-hotspot\bin\jimage.dll
0x00007ffecf8c0000 - 0x00007ffecfaf2000 	C:\Windows\SYSTEM32\DBGHELP.DLL
0x00007ffed2f90000 - 0x00007ffed3321000 	C:\Windows\System32\combase.dll
0x00007ffed27c0000 - 0x00007ffed2897000 	C:\Windows\System32\OLEAUT32.dll
0x00007ffeb9840000 - 0x00007ffeb9872000 	C:\Windows\SYSTEM32\dbgcore.DLL
0x00007ffed1e30000 - 0x00007ffed1eab000 	C:\Windows\System32\bcryptPrimitives.dll
0x00007ffec8dc0000 - 0x00007ffec8dcf000 	C:\Users\hawad\AppData\Local\Programs\Eclipse Adoptium\jdk-21.0.4.7-hotspot\bin\instrument.dll
0x00007ffec0c80000 - 0x00007ffec0c9f000 	C:\Users\hawad\AppData\Local\Programs\Eclipse Adoptium\jdk-21.0.4.7-hotspot\bin\java.dll
0x00007ffed38f0000 - 0x00007ffed4169000 	C:\Windows\System32\SHELL32.dll
0x00007ffecfc90000 - 0x00007ffed0599000 	C:\Windows\SYSTEM32\windows.storage.dll
0x00007ffecfb50000 - 0x00007ffecfc8f000 	C:\Windows\SYSTEM32\wintypes.dll
0x00007ffed2d00000 - 0x00007ffed2dfa000 	C:\Windows\System32\SHCORE.dll
0x00007ffed4a30000 - 0x00007ffed4a8e000 	C:\Windows\System32\shlwapi.dll
0x00007ffed1cc0000 - 0x00007ffed1ceb000 	C:\Windows\SYSTEM32\profapi.dll
0x00007ffe84390000 - 0x00007ffe84467000 	C:\Users\hawad\AppData\Local\Programs\Eclipse Adoptium\jdk-21.0.4.7-hotspot\bin\jsvml.dll
0x00007ffebd670000 - 0x00007ffebd688000 	C:\Users\hawad\AppData\Local\Programs\Eclipse Adoptium\jdk-21.0.4.7-hotspot\bin\zip.dll
0x00007ffec0ba0000 - 0x00007ffec0bb0000 	C:\Users\hawad\AppData\Local\Programs\Eclipse Adoptium\jdk-21.0.4.7-hotspot\bin\net.dll
0x00007ffecd720000 - 0x00007ffecd856000 	C:\Windows\SYSTEM32\WINHTTP.dll
0x00007ffed1250000 - 0x00007ffed12b9000 	C:\Windows\system32\mswsock.dll
0x00007ffeafdf0000 - 0x00007ffeafe06000 	C:\Users\hawad\AppData\Local\Programs\Eclipse Adoptium\jdk-21.0.4.7-hotspot\bin\nio.dll
0x00007ffebe270000 - 0x00007ffebe280000 	C:\Users\hawad\AppData\Local\Programs\Eclipse Adoptium\jdk-21.0.4.7-hotspot\bin\verify.dll
0x00007ffecd1f0000 - 0x00007ffecd217000 	C:\Users\hawad\.gradle\native\c067742578af261105cb4f569cf0c3c89f3d7b1fecec35dd04571415982c5e48\windows-amd64\native-platform.dll
0x00007ffe83e00000 - 0x00007ffe83f44000 	C:\Users\hawad\.gradle\native\100fb08df4bc3b14c8652ba06237920a3bd2aa13389f12d3474272988ae205f9\windows-amd64\native-platform-file-events.dll
0x00007ffeba1b0000 - 0x00007ffeba1ba000 	C:\Users\hawad\AppData\Local\Programs\Eclipse Adoptium\jdk-21.0.4.7-hotspot\bin\management.dll
0x00007ffeba180000 - 0x00007ffeba18b000 	C:\Users\hawad\AppData\Local\Programs\Eclipse Adoptium\jdk-21.0.4.7-hotspot\bin\management_ext.dll
0x00007ffed2c70000 - 0x00007ffed2c78000 	C:\Windows\System32\PSAPI.DLL
0x00007ffed14a0000 - 0x00007ffed14bb000 	C:\Windows\SYSTEM32\CRYPTSP.dll
0x00007ffed0d30000 - 0x00007ffed0d65000 	C:\Windows\system32\rsaenh.dll
0x00007ffed1340000 - 0x00007ffed1368000 	C:\Windows\SYSTEM32\USERENV.dll
0x00007ffed14c0000 - 0x00007ffed14cc000 	C:\Windows\SYSTEM32\CRYPTBASE.dll
0x00007ffed0840000 - 0x00007ffed086d000 	C:\Windows\SYSTEM32\IPHLPAPI.DLL
0x00007ffed3450000 - 0x00007ffed3459000 	C:\Windows\System32\NSI.dll
0x00007ffeb24a0000 - 0x00007ffeb24a9000 	C:\Users\hawad\AppData\Local\Programs\Eclipse Adoptium\jdk-21.0.4.7-hotspot\bin\extnet.dll
0x00007ffeadac0000 - 0x00007ffeadace000 	C:\Users\hawad\AppData\Local\Programs\Eclipse Adoptium\jdk-21.0.4.7-hotspot\bin\sunmscapi.dll
0x00007ffed1eb0000 - 0x00007ffed2016000 	C:\Windows\System32\CRYPT32.dll
0x00007ffed16d0000 - 0x00007ffed16fd000 	C:\Windows\SYSTEM32\ncrypt.dll
0x00007ffed1690000 - 0x00007ffed16c7000 	C:\Windows\SYSTEM32\NTASN1.dll
0x00007ffea8de0000 - 0x00007ffea8de8000 	C:\Windows\system32\wshunix.dll
0x00007ffed08c0000 - 0x00007ffed09c2000 	C:\Windows\SYSTEM32\DNSAPI.dll
0x00007ffecc180000 - 0x00007ffecc18a000 	C:\Windows\System32\rasadhlp.dll
0x00007ffecb950000 - 0x00007ffecb9d3000 	C:\Windows\System32\fwpuclnt.dll

dbghelp: loaded successfully - version: 4.0.5 - missing functions: none
symbol engine: initialized successfully - sym options: 0x614 - pdb path: .;C:\Users\hawad\AppData\Local\Programs\Eclipse Adoptium\jdk-21.0.4.7-hotspot\bin;C:\Windows\SYSTEM32;C:\Windows\WinSxS\amd64_microsoft.windows.common-controls_6595b64144ccf1df_6.0.22621.4541_none_2710d1c57384c085;C:\Users\hawad\AppData\Local\Programs\Eclipse Adoptium\jdk-21.0.4.7-hotspot\bin\server;C:\Users\hawad\.gradle\native\c067742578af261105cb4f569cf0c3c89f3d7b1fecec35dd04571415982c5e48\windows-amd64;C:\Users\hawad\.gradle\native\100fb08df4bc3b14c8652ba06237920a3bd2aa13389f12d3474272988ae205f9\windows-amd64

VM Arguments:
jvm_args: --add-exports=jdk.compiler/com.sun.tools.javac.util=ALL-UNNAMED --add-opens=java.base/java.util.concurrent.atomic=ALL-UNNAMED -XX:MaxMetaspaceSize=384m -XX:+HeapDumpOnOutOfMemoryError --add-opens=java.base/java.util=ALL-UNNAMED --add-opens=java.base/java.lang=ALL-UNNAMED --add-opens=java.base/java.lang.invoke=ALL-UNNAMED --add-opens=java.prefs/java.util.prefs=ALL-UNNAMED --add-exports=jdk.compiler/com.sun.tools.javac.api=ALL-UNNAMED --add-exports=jdk.compiler/com.sun.tools.javac.util=ALL-UNNAMED --add-opens=java.base/java.nio.charset=ALL-UNNAMED --add-opens=java.base/java.net=ALL-UNNAMED --add-opens=java.base/java.util.concurrent.atomic=ALL-UNNAMED -Xms256m -Xmx512m -Dfile.encoding=UTF-8 -Duser.country=FR -Duser.language=fr -Duser.variant -javaagent:C:\Users\hawad\.gradle\wrapper\dists\gradle-8.10.2-bin\a04bxjujx95o3nb99gddekhwo\gradle-8.10.2\lib\agents\gradle-instrumentation-agent-8.10.2.jar 
java_command: org.gradle.launcher.daemon.bootstrap.GradleDaemon 8.10.2
java_class_path (initial): C:\Users\hawad\.gradle\wrapper\dists\gradle-8.10.2-bin\a04bxjujx95o3nb99gddekhwo\gradle-8.10.2\lib\gradle-daemon-main-8.10.2.jar
Launcher Type: SUN_STANDARD

[Global flags]
     intx CICompilerCount                          = 4                                         {product} {ergonomic}
   size_t CompressedClassSpaceSize                 = 335544320                                 {product} {ergonomic}
     uint ConcGCThreads                            = 2                                         {product} {ergonomic}
     uint G1ConcRefinementThreads                  = 8                                         {product} {ergonomic}
   size_t G1HeapRegionSize                         = 1048576                                   {product} {ergonomic}
    uintx GCDrainStackTargetSize                   = 64                                        {product} {ergonomic}
     bool HeapDumpOnOutOfMemoryError               = true                                   {manageable} {command line}
   size_t InitialHeapSize                          = 268435456                                 {product} {command line}
   size_t MarkStackSize                            = 4194304                                   {product} {ergonomic}
   size_t MaxHeapSize                              = 536870912                                 {product} {command line}
   size_t MaxMetaspaceSize                         = 402653184                                 {product} {command line}
   size_t MaxNewSize                               = 321912832                                 {product} {ergonomic}
   size_t MinHeapDeltaBytes                        = 1048576                                   {product} {ergonomic}
   size_t MinHeapSize                              = 268435456                                 {product} {command line}
    uintx NonNMethodCodeHeapSize                   = 5839372                                {pd product} {ergonomic}
    uintx NonProfiledCodeHeapSize                  = 122909434                              {pd product} {ergonomic}
    uintx ProfiledCodeHeapSize                     = 122909434                              {pd product} {ergonomic}
    uintx ReservedCodeCacheSize                    = 251658240                              {pd product} {ergonomic}
     bool SegmentedCodeCache                       = true                                      {product} {ergonomic}
   size_t SoftMaxHeapSize                          = 536870912                              {manageable} {ergonomic}
     bool UseCompressedOops                        = true                           {product lp64_product} {ergonomic}
     bool UseG1GC                                  = true                                      {product} {ergonomic}
     bool UseLargePagesIndividualAllocation        = false                                  {pd product} {ergonomic}

Logging:
Log output configuration:
 #0: stdout all=warning uptime,level,tags foldmultilines=false
 #1: stderr all=off uptime,level,tags foldmultilines=false

Environment Variables:
PATH=C:\Program Files\Common Files\Oracle\Java\javapath;C:\Windows\system32;C:\Windows;C:\Windows\System32\Wbem;C:\Windows\System32\WindowsPowerShell\v1.0\;C:\Windows\System32\OpenSSH\;C:\Program Files (x86)\sbt\bin;C:\Program Files\Git\cmd;C:\Users\hawad\Downloads\gradle-8.8-all\gradle-8.8\bin;C:\Program Files\nodejs\;C:\Program Files\Docker\Docker\resources\bin;C:\Program Files\Graphviz\bin;C:\MinGW\bin;C:\Program Files\PostgreSQL\17\bin;C:\Ruby33-x64\bin;C:\Program Files\MySQL\MySQL Workbench 8.0 CE;C:\Ruby33-x64\bin;C:\Users\hawad\AppData\Local\Programs\Eclipse Adoptium\jdk-21.0.4.7-hotspot\bin;C:\Users\hawad\AppData\Local\Microsoft\WindowsApps;C:\Users\hawad\AppData\Local\Programs\Microsoft VS Code\bin;C:\Program Files\JetBrains\IntelliJ IDEA Community Edition 2024.2.2\bin;C:\Program Files\Java\jdk-21\bin;C:\Users\hawad\AppData\Local\Coursier\data\bin;C:\Users\hawad\AppData\Roaming\npm;C:\Users\hawad\AppData\Local\gitkraken\bin;C:\Program Files\JetBrains\IntelliJ IDEA 2024.3\bin;
USERNAME=hawad
OS=Windows_NT
PROCESSOR_IDENTIFIER=AMD64 Family 23 Model 160 Stepping 0, AuthenticAMD
TMP=C:\Users\hawad\AppData\Local\Temp
TEMP=C:\Users\hawad\AppData\Local\Temp




Periodic native trim disabled

---------------  S Y S T E M  ---------------

OS:
 Windows 11 , 64 bit Build 22621 (10.0.22621.4391)
OS uptime: 2 days 5:59 hours
Hyper-V role detected

CPU: total 8 (initial active 8) (8 cores per cpu, 2 threads per core) family 23 model 160 stepping 0 microcode 0x0, cx8, cmov, fxsr, ht, mmx, 3dnowpref, sse, sse2, sse3, ssse3, sse4a, sse4.1, sse4.2, popcnt, lzcnt, tsc, tscinvbit, avx, avx2, aes, clmul, bmi1, bmi2, adx, sha, fma, vzeroupper, clflush, clflushopt, hv, rdtscp, rdpid, f16c
Processor Information for all 8 processors :
  Max Mhz: 2401, Current Mhz: 2401, Mhz Limit: 2401

Memory: 4k page, system-wide physical 5965M (39M free)
TotalPageFile size 24397M (AvailPageFile size 2M)
current process WorkingSet (physical memory assigned to process): 296M, peak: 299M
current process commit charge ("private bytes"): 496M, peak: 498M

vm_info: OpenJDK 64-Bit Server VM (21.0.4+7-LTS) for windows-amd64 JRE (21.0.4+7-LTS), built on 2024-07-16T00:00:00Z by "admin" with MS VC++ 17.7 (VS2022)

END.
