#
# There is insufficient memory for the Java Runtime Environment to continue.
# Native memory allocation (malloc) failed to allocate 1048576 bytes. Error detail: AllocateHeap
# Possible reasons:
#   The system is out of physical RAM or swap space
#   This process is running with CompressedOops enabled, and the Java Heap may be blocking the growth of the native heap
# Possible solutions:
#   Reduce memory load on the system
#   Increase physical memory or swap space
#   Check if swap backing store is full
#   Decrease Java heap size (-Xmx/-Xms)
#   Decrease number of Java threads
#   Decrease Java thread stack sizes (-Xss)
#   Set larger code cache with -XX:ReservedCodeCacheSize=
#   JVM is running with Unscaled Compressed Oops mode in which the Java heap is
#     placed in the first 4GB address space. The Java Heap base address is the
#     maximum limit for the native heap growth. Please use -XX:HeapBaseMinAddress
#     to set the Java Heap base and to place the Java Heap above 4GB virtual address.
# This output file may be truncated or incomplete.
#
#  Out of Memory Error (allocation.cpp:44), pid=5592, tid=13596
#
# JRE version: OpenJDK Runtime Environment Temurin-17.0.12+7 (17.0.12+7) (build 17.0.12+7)
# Java VM: OpenJDK 64-Bit Server VM Temurin-17.0.12+7 (17.0.12+7, mixed mode, emulated-client, tiered, compressed oops, compressed class ptrs, g1 gc, windows-amd64)
# No core dump will be written. Minidumps are not enabled by default on client versions of Windows
#

---------------  S U M M A R Y ------------

Command Line: -Xmx1024m -Dsts.lsp.client=vscode -Dsts.log.file=/dev/null -XX:TieredStopAtLevel=1 -Xlog:jni+resolve=off c:\Users\hawad\.vscode\extensions\vmware.vscode-spring-boot-1.57.0\language-server\spring-boot-language-server-1.57.0-SNAPSHOT-exec.jar

Host: AMD Ryzen 3 7320U with Radeon Graphics         , 8 cores, 5G,  Windows 11 , 64 bit Build 22621 (10.0.22621.3958)
Time: Tue Oct 15 12:20:16 2024 Paris, Madrid (heure duild 22621 (10.0.22621.3958) elapsed time: 2284.502640 seconds (0d 0h 38m 4s)

---------------  T H R E A D  ---------------

Current thread (0x000001d7e9248f20):  VMThread "VM Thread" [stack: 0x000000cf6bd00000,0x000000cf6be00000] [id=13596]

Stack: [0x000000cf6bd00000,0x000000cf6be00000]
Native frames: (J=compiled Java code, j=interpreted, Vv=VM code, C=native code)
V  [jvm.dll+0x67f929]
V  [jvm.dll+0x8371ba]
V  [jvm.dll+0x838c7e]
V  [jvm.dll+0x8392e3]
V  [jvm.dll+0x24834f]
V  [jvm.dll+0xa70d3]
V  [jvm.dll+0x2f9073]
V  [jvm.dll+0x2f4d00]
V  [jvm.dll+0x2dd82f]
V  [jvm.dll+0x3201f7]
V  [jvm.dll+0x83d7dd]
V  [jvm.dll+0x83e522]
V  [jvm.dll+0x83ea4f]
V  [jvm.dll+0x83ee34]
V  [jvm.dll+0x83ef00]
V  [jvm.dll+0x7e65dc]
V  [jvm.dll+0x67e7f7]
C  [ucrtbase.dll+0x29333]
C  [KERNEL32.DLL+0x1257d]
C  [ntdll.dll+0x5af28]

VM_Operation (0x000000cf6d9ff100): G1CollectFull, mode: safepoint, requested by thread 0x000001d7ee4a8ed0


---------------  P R O C E S S  ---------------

Threads class SMR info:
_java_thread_list=0x000001d7ef58bc10, length=19, elements={
0x000001d7e9260390, 0x000001d7e92619b0, 0x000001d7e93ec4a0, 0x000001d7e93eed80,
0x000001d7e93ef650, 0x000001d7e9289a30, 0x000001d7e928a300, 0x000001d7e928d040,
0x000001d7e95285b0, 0x000001d7e9530f10, 0x000001d7e9d75e50, 0x000001d7ee4a8ed0,
0x000001d7ee4a7580, 0x000001d7ee4a7070, 0x000001d7ee4a7fa0, 0x000001d7ee4a89c0,
0x000001d7ee4aa820, 0x000001d7ee4a7a90, 0x000001d7ee4a98f0
}

Java Threads: ( => current thread )
  0x000001d7e9260390 JavaThread "Reference Handler" daemon [_thread_blocked, id=4068, stack(0x000000cf6be00000,0x000000cf6bf00000)]
  0x000001d7e92619b0 JavaThread "Finalizer" daemon [_thread_blocked, id=18196, stack(0x000000cf6bf00000,0x000000cf6c000000)]
  0x000001d7e93ec4a0 JavaThread "Signal Dispatcher" daemon [_thread_blocked, id=27792, stack(0x000000cf6c000000,0x000000cf6c100000)]
  0x000001d7e93eed80 JavaThread "Attach Listener" daemon [_thread_blocked, id=18988, stack(0x000000cf6c100000,0x000000cf6c200000)]
  0x000001d7e93ef650 JavaThread "Service Thread" daemon [_thread_blocked, id=10432, stack(0x000000cf6c200000,0x000000cf6c300000)]
  0x000001d7e9289a30 JavaThread "Monitor Deflation Thread" daemon [_thread_blocked, id=18336, stack(0x000000cf6c300000,0x000000cf6c400000)]
  0x000001d7e928a300 JavaThread "C1 CompilerThread0" daemon [_thread_blocked, id=7956, stack(0x000000cf6c400000,0x000000cf6c500000)]
  0x000001d7e928d040 JavaThread "Sweeper thread" daemon [_thread_blocked, id=23200, stack(0x000000cf6c500000,0x000000cf6c600000)]
  0x000001d7e95285b0 JavaThread "Notification Thread" daemon [_thread_blocked, id=8672, stack(0x000000cf6c700000,0x000000cf6c800000)]
  0x000001d7e9530f10 JavaThread "Common-Cleaner" daemon [_thread_blocked, id=6148, stack(0x000000cf6c900000,0x000000cf6ca00000)]
  0x000001d7e9d75e50 JavaThread "boundedElastic-evictor-1" daemon [_thread_blocked, id=19624, stack(0x000000cf6d800000,0x000000cf6d900000)]
  0x000001d7ee4a8ed0 JavaThread "pool-13-thread-1" [_thread_blocked, id=4144, stack(0x000000cf6d900000,0x000000cf6da00000)]
  0x000001d7ee4a7580 JavaThread "LanguageServerApp-lifecycle" [_thread_blocked, id=7656, stack(0x000000cf6da00000,0x000000cf6db00000)]
  0x000001d7ee4a7070 JavaThread "DestroyJavaVM" [_thread_blocked, id=25108, stack(0x000000cf6b700000,0x000000cf6b800000)]
  0x000001d7ee4a7fa0 JavaThread "pool-14-thread-1" [_thread_in_native, id=12960, stack(0x000000cf6db00000,0x000000cf6dc00000)]
  0x000001d7ee4a89c0 JavaThread "Simple-Language-Server main thread" daemon [_thread_blocked, id=7292, stack(0x000000cf6dc00000,0x000000cf6dd00000)]
  0x000001d7ee4aa820 JavaThread "pool-6-thread-1" [_thread_blocked, id=11632, stack(0x000000cf6df00000,0x000000cf6e000000)]
  0x000001d7ee4a7a90 JavaThread "parallel-1" daemon [_thread_blocked, id=20272, stack(0x000000cf6e000000,0x000000cf6e100000)]
  0x000001d7ee4a98f0 JavaThread "parallel-2" daemon [_thread_blocked, id=20252, stack(0x000000cf6e100000,0x000000cf6e200000)]

Other Threads:
=>0x000001d7e9248f20 VMThread "VM Thread" [stack: 0x000000cf6bd00000,0x000000cf6be00000] [id=13596]
  0x000001d7e952aaa0 WatcherThread [stack: 0x000000cf6c800000,0x000000cf6c900000] [id=18216]
  0x000001d7de4c9900 GCTaskThread "GC Thread#0" [stack: 0x000000cf6b800000,0x000000cf6b900000] [id=27312]
  0x000001d7e9ef0610 GCTaskThread "GC Thread#1" [stack: 0x000000cf6ca00000,0x000000cf6cb00000] [id=680]
  0x000001d7e9f39df0 GCTaskThread "GC Thread#2" [stack: 0x000000cf6cb00000,0x000000cf6cc00000] [id=18416]
  0x000001d7e9f3a4c0 GCTaskThread "GC Thread#3" [stack: 0x000000cf6cc00000,0x000000cf6cd00000] [id=19332]
  0x000001d7ee5c3e90 GCTaskThread "GC Thread#4" [stack: 0x000000cf6cf00000,0x000000cf6d000000] [id=21572]
  0x000001d7ee5c4150 GCTaskThread "GC Thread#5" [stack: 0x000000cf6d000000,0x000000cf6d100000] [id=1704]
  0x000001d7ee5c4410 GCTaskThread "GC Thread#6" [stack: 0x000000cf6d100000,0x000000cf6d200000] [id=19328]
  0x000001d7ee5c46d0 GCTaskThread "GC Thread#7" [stack: 0x000000cf6d200000,0x000000cf6d300000] [id=17348]
  0x000001d7de4d2850 ConcurrentGCThread "G1 Main Marker" [stack: 0x000000cf6b900000,0x000000cf6ba00000] [id=22176]
  0x000001d7de4d3270 ConcurrentGCThread "G1 Conc#0" [stack: 0x000000cf6ba00000,0x000000cf6bb00000] [id=10352]
  0x000001d7ee748440 ConcurrentGCThread "G1 Conc#1" [stack: 0x000000cf6d400000,0x000000cf6d500000] [id=15580]
  0x000001d7de5240b0 ConcurrentGCThread "G1 Refine#0" [stack: 0x000000cf6bb00000,0x000000cf6bc00000] [id=7480]
  0x000001d7de525af0 ConcurrentGCThread "G1 Service" [stack: 0x000000cf6bc00000,0x000000cf6bd00000] [id=17936]

Threads with active compile tasks:

VM state: at safepoint (normal execution)

VM Mutex/Monitor currently owned by a thread:  ([mutex/lock_event])
[0x000001d7de485d70] Threads_lock - owner thread: 0x000001d7e9248f20
[0x000001d7de487480] Heap_lock - owner thread: 0x000001d7ee4a8ed0

Heap address: 0x00000000c0000000, size: 1024 MB, Compressed Oops mode: 32-bit

CDS archive(s) not mapped
Compressed class space mapped at: 0x0000000100000000-0x0000000140000000, reserved size: 1073741824
Narrow klass base: 0x0000000000000000, Narrow klass shift: 3, Narrow klass range: 0x140000000

GC Precious Log:
 CPUs: 8 total, 8 available
 Memory: 5965M
 Large Page Support: Disabled
 NUMA Support: Disabled
 Compressed Oops: Enabled (32-bit)
 Heap Region Size: 1M
 Heap Min Capacity: 8M
 Heap Initial Capacity: 94M
 Heap Max Capacity: 1G
 Pre-touch: Disabled
 Parallel Workers: 8
 Concurrent Workers: 2
 Concurrent Refinement Workers: 8
 Periodic GC: Disabled

Heap:
 garbage-first heap   total 78848K, used 28335K [0x00000000c0000000, 0x0000000100000000)
  region size 1024K, 1 young (1024K), 0 survivors (0K)
 Metaspace       used 49492K, committed 50176K, reserved 1114112K
  class space    used 6453K, committed 6720K, reserved 1048576K

Heap Regions: E=young(eden), S=young(survivor), O=old, HS=humongous(starts), HC=humongous(continues), CS=collection set, F=free, OA=open archive, CA=closed archive, TAMS=top-at-mark-start (previous, next)
|   0|0x00000000c0000000, 0x00000000c0100000, 0x00000000c0100000|100%|HS|  |TAMS 0x00000000c0100000, 0x00000000c0000000| Untracked 
|   1|0x00000000c0100000, 0x00000000c0200000, 0x00000000c0200000|100%|HC|  |TAMS 0x00000000c0200000, 0x00000000c0100000| Untracked 
|   2|0x00000000c0200000, 0x00000000c0300000, 0x00000000c0300000|100%|HC|  |TAMS 0x00000000c0300000, 0x00000000c0200000| Untracked 
|   3|0x00000000c0300000, 0x00000000c0400000, 0x00000000c0400000|100%|HC|  |TAMS 0x00000000c0400000, 0x00000000c0300000| Untracked 
|   4|0x00000000c0400000, 0x00000000c0500000, 0x00000000c0500000|100%|HS|  |TAMS 0x00000000c0500000, 0x00000000c0400000| Untracked 
|   5|0x00000000c0500000, 0x00000000c0600000, 0x00000000c0600000|100%|HC|  |TAMS 0x00000000c0600000, 0x00000000c0500000| Untracked 
|   6|0x00000000c0600000, 0x00000000c0700000, 0x00000000c0700000|100%| O|  |TAMS 0x00000000c0700000, 0x00000000c0600000| Untracked 
|   7|0x00000000c0700000, 0x00000000c0800000, 0x00000000c0800000|100%| O|  |TAMS 0x00000000c0800000, 0x00000000c0700000| Untracked 
|   8|0x00000000c0800000, 0x00000000c08fffd8, 0x00000000c0900000| 99%| O|  |TAMS 0x00000000c08fffd8, 0x00000000c0800000| Untracked 
|   9|0x00000000c0900000, 0x00000000c0a00000, 0x00000000c0a00000|100%| O|  |TAMS 0x00000000c0a00000, 0x00000000c0900000| Untracked 
|  10|0x00000000c0a00000, 0x00000000c0afff48, 0x00000000c0b00000| 99%| O|  |TAMS 0x00000000c0afff48, 0x00000000c0a00000| Untracked 
|  11|0x00000000c0b00000, 0x00000000c0c00000, 0x00000000c0c00000|100%| O|  |TAMS 0x00000000c0c00000, 0x00000000c0b00000| Untracked 
|  12|0x00000000c0c00000, 0x00000000c0cfc588, 0x00000000c0d00000| 98%| O|  |TAMS 0x00000000c0cfc588, 0x00000000c0c00000| Untracked 
|  13|0x00000000c0d00000, 0x00000000c0dffff0, 0x00000000c0e00000| 99%| O|  |TAMS 0x00000000c0dffff0, 0x00000000c0d00000| Untracked 
|  14|0x00000000c0e00000, 0x00000000c0effff8, 0x00000000c0f00000| 99%| O|  |TAMS 0x00000000c0effff8, 0x00000000c0e00000| Untracked 
|  15|0x00000000c0f00000, 0x00000000c1000000, 0x00000000c1000000|100%| O|  |TAMS 0x00000000c1000000, 0x00000000c0f00000| Untracked 
|  16|0x00000000c1000000, 0x00000000c10ffff0, 0x00000000c1100000| 99%| O|  |TAMS 0x00000000c10ffff0, 0x00000000c1000000| Untracked 
|  17|0x00000000c1100000, 0x00000000c11ffff0, 0x00000000c1200000| 99%| O|  |TAMS 0x00000000c11ffff0, 0x00000000c1100000| Untracked 
|  18|0x00000000c1200000, 0x00000000c12fffb0, 0x00000000c1300000| 99%| O|  |TAMS 0x00000000c12fffb0, 0x00000000c1200000| Untracked 
|  19|0x00000000c1300000, 0x00000000c13fffb8, 0x00000000c1400000| 99%| O|  |TAMS 0x00000000c13fffb8, 0x00000000c1300000| Untracked 
|  20|0x00000000c1400000, 0x00000000c14ff008, 0x00000000c1500000| 99%| O|  |TAMS 0x00000000c14ff008, 0x00000000c1400000| Untracked 
|  21|0x00000000c1500000, 0x00000000c15fffe8, 0x00000000c1600000| 99%| O|  |TAMS 0x00000000c15fffe8, 0x00000000c1500000| Untracked 
|  22|0x00000000c1600000, 0x00000000c16fffc8, 0x00000000c1700000| 99%| O|  |TAMS 0x00000000c16fffc8, 0x00000000c1600000| Untracked 
|  23|0x00000000c1700000, 0x00000000c17ffff0, 0x00000000c1800000| 99%| O|  |TAMS 0x00000000c17ffff0, 0x00000000c1700000| Untracked 
|  24|0x00000000c1800000, 0x00000000c1900000, 0x00000000c1900000|100%| O|  |TAMS 0x00000000c1900000, 0x00000000c1800000| Untracked 
|  25|0x00000000c1900000, 0x00000000c19ffa08, 0x00000000c1a00000| 99%| O|  |TAMS 0x00000000c19ffa08, 0x00000000c1900000| Untracked 
|  26|0x00000000c1a00000, 0x00000000c1aaff10, 0x00000000c1b00000| 68%| O|  |TAMS 0x00000000c1a00000, 0x00000000c1a00000| Untracked 
|  27|0x00000000c1b00000, 0x00000000c1bfec38, 0x00000000c1c00000| 99%| O|  |TAMS 0x00000000c1bfec38, 0x00000000c1b00000| Untracked 
|  28|0x00000000c1c00000, 0x00000000c1c024b0, 0x00000000c1d00000|  0%| O|  |TAMS 0x00000000c1c00000, 0x00000000c1c00000| Untracked 
|  29|0x00000000c1d00000, 0x00000000c1d00000, 0x00000000c1e00000|  0%| F|  |TAMS 0x00000000c1d00000, 0x00000000c1d00000| Untracked 
|  30|0x00000000c1e00000, 0x00000000c1e00000, 0x00000000c1f00000|  0%| F|  |TAMS 0x00000000c1e00000, 0x00000000c1e00000| Untracked 
|  31|0x00000000c1f00000, 0x00000000c1f00000, 0x00000000c2000000|  0%| F|  |TAMS 0x00000000c1f00000, 0x00000000c1f00000| Untracked 
|  32|0x00000000c2000000, 0x00000000c2000000, 0x00000000c2100000|  0%| F|  |TAMS 0x00000000c2000000, 0x00000000c2000000| Untracked 
|  33|0x00000000c2100000, 0x00000000c2100000, 0x00000000c2200000|  0%| F|  |TAMS 0x00000000c2100000, 0x00000000c2100000| Untracked 
|  34|0x00000000c2200000, 0x00000000c2200000, 0x00000000c2300000|  0%| F|  |TAMS 0x00000000c2200000, 0x00000000c2200000| Untracked 
|  35|0x00000000c2300000, 0x00000000c2300000, 0x00000000c2400000|  0%| F|  |TAMS 0x00000000c2300000, 0x00000000c2300000| Untracked 
|  36|0x00000000c2400000, 0x00000000c2400000, 0x00000000c2500000|  0%| F|  |TAMS 0x00000000c2400000, 0x00000000c2400000| Untracked 
|  37|0x00000000c2500000, 0x00000000c2500000, 0x00000000c2600000|  0%| F|  |TAMS 0x00000000c2500000, 0x00000000c2500000| Untracked 
|  38|0x00000000c2600000, 0x00000000c2600000, 0x00000000c2700000|  0%| F|  |TAMS 0x00000000c2600000, 0x00000000c2600000| Untracked 
|  39|0x00000000c2700000, 0x00000000c2700000, 0x00000000c2800000|  0%| F|  |TAMS 0x00000000c2700000, 0x00000000c2700000| Untracked 
|  40|0x00000000c2800000, 0x00000000c2800000, 0x00000000c2900000|  0%| F|  |TAMS 0x00000000c2800000, 0x00000000c2800000| Untracked 
|  41|0x00000000c2900000, 0x00000000c2900000, 0x00000000c2a00000|  0%| F|  |TAMS 0x00000000c2900000, 0x00000000c2900000| Untracked 
|  42|0x00000000c2a00000, 0x00000000c2a00000, 0x00000000c2b00000|  0%| F|  |TAMS 0x00000000c2a00000, 0x00000000c2a00000| Untracked 
|  43|0x00000000c2b00000, 0x00000000c2b00000, 0x00000000c2c00000|  0%| F|  |TAMS 0x00000000c2b00000, 0x00000000c2b00000| Untracked 
|  44|0x00000000c2c00000, 0x00000000c2c00000, 0x00000000c2d00000|  0%| F|  |TAMS 0x00000000c2c00000, 0x00000000c2c00000| Untracked 
|  45|0x00000000c2d00000, 0x00000000c2d00000, 0x00000000c2e00000|  0%| F|  |TAMS 0x00000000c2d00000, 0x00000000c2d00000| Untracked 
|  46|0x00000000c2e00000, 0x00000000c2e00000, 0x00000000c2f00000|  0%| F|  |TAMS 0x00000000c2e00000, 0x00000000c2e00000| Untracked 
|  47|0x00000000c2f00000, 0x00000000c2f00000, 0x00000000c3000000|  0%| F|  |TAMS 0x00000000c2f00000, 0x00000000c2f00000| Untracked 
|  48|0x00000000c3000000, 0x00000000c3000000, 0x00000000c3100000|  0%| F|  |TAMS 0x00000000c3000000, 0x00000000c3000000| Untracked 
|  49|0x00000000c3100000, 0x00000000c3100000, 0x00000000c3200000|  0%| F|  |TAMS 0x00000000c3100000, 0x00000000c3100000| Untracked 
|  50|0x00000000c3200000, 0x00000000c3200000, 0x00000000c3300000|  0%| F|  |TAMS 0x00000000c3200000, 0x00000000c3200000| Untracked 
|  51|0x00000000c3300000, 0x00000000c3300000, 0x00000000c3400000|  0%| F|  |TAMS 0x00000000c3300000, 0x00000000c3300000| Untracked 
|  52|0x00000000c3400000, 0x00000000c3400000, 0x00000000c3500000|  0%| F|  |TAMS 0x00000000c3400000, 0x00000000c3400000| Untracked 
|  53|0x00000000c3500000, 0x00000000c3500000, 0x00000000c3600000|  0%| F|  |TAMS 0x00000000c3500000, 0x00000000c3500000| Untracked 
|  54|0x00000000c3600000, 0x00000000c3600000, 0x00000000c3700000|  0%| F|  |TAMS 0x00000000c3600000, 0x00000000c3600000| Untracked 
|  55|0x00000000c3700000, 0x00000000c3700000, 0x00000000c3800000|  0%| F|  |TAMS 0x00000000c3700000, 0x00000000c3700000| Untracked 
|  56|0x00000000c3800000, 0x00000000c3800000, 0x00000000c3900000|  0%| F|  |TAMS 0x00000000c3800000, 0x00000000c3800000| Untracked 
|  57|0x00000000c3900000, 0x00000000c3900000, 0x00000000c3a00000|  0%| F|  |TAMS 0x00000000c3900000, 0x00000000c3900000| Untracked 
|  58|0x00000000c3a00000, 0x00000000c3a00000, 0x00000000c3b00000|  0%| F|  |TAMS 0x00000000c3a00000, 0x00000000c3a00000| Untracked 
|  59|0x00000000c3b00000, 0x00000000c3b00000, 0x00000000c3c00000|  0%| F|  |TAMS 0x00000000c3b00000, 0x00000000c3b00000| Untracked 
|  60|0x00000000c3c00000, 0x00000000c3c00000, 0x00000000c3d00000|  0%| F|  |TAMS 0x00000000c3c00000, 0x00000000c3c00000| Untracked 
|  61|0x00000000c3d00000, 0x00000000c3d00000, 0x00000000c3e00000|  0%| F|  |TAMS 0x00000000c3d00000, 0x00000000c3d00000| Untracked 
|  62|0x00000000c3e00000, 0x00000000c3e00000, 0x00000000c3f00000|  0%| F|  |TAMS 0x00000000c3e00000, 0x00000000c3e00000| Untracked 
|  63|0x00000000c3f00000, 0x00000000c3f00000, 0x00000000c4000000|  0%| F|  |TAMS 0x00000000c3f00000, 0x00000000c3f00000| Untracked 
|  64|0x00000000c4000000, 0x00000000c4000000, 0x00000000c4100000|  0%| F|  |TAMS 0x00000000c4000000, 0x00000000c4000000| Untracked 
|  65|0x00000000c4100000, 0x00000000c4100000, 0x00000000c4200000|  0%| F|  |TAMS 0x00000000c4100000, 0x00000000c4100000| Untracked 
|  66|0x00000000c4200000, 0x00000000c4200000, 0x00000000c4300000|  0%| F|  |TAMS 0x00000000c4200000, 0x00000000c4200000| Untracked 
|  67|0x00000000c4300000, 0x00000000c4300000, 0x00000000c4400000|  0%| F|  |TAMS 0x00000000c4300000, 0x00000000c4300000| Untracked 
|  68|0x00000000c4400000, 0x00000000c4400000, 0x00000000c4500000|  0%| F|  |TAMS 0x00000000c4400000, 0x00000000c4400000| Untracked 
|  69|0x00000000c4500000, 0x00000000c4500000, 0x00000000c4600000|  0%| F|  |TAMS 0x00000000c4500000, 0x00000000c4500000| Untracked 
|  70|0x00000000c4600000, 0x00000000c4600000, 0x00000000c4700000|  0%| F|  |TAMS 0x00000000c4600000, 0x00000000c4600000| Untracked 
|  71|0x00000000c4700000, 0x00000000c4700000, 0x00000000c4800000|  0%| F|  |TAMS 0x00000000c4700000, 0x00000000c4700000| Untracked 
|  72|0x00000000c4800000, 0x00000000c4800000, 0x00000000c4900000|  0%| F|  |TAMS 0x00000000c4800000, 0x00000000c4800000| Untracked 
|  73|0x00000000c4900000, 0x00000000c4900000, 0x00000000c4a00000|  0%| F|  |TAMS 0x00000000c4900000, 0x00000000c4900000| Untracked 
|  74|0x00000000c4a00000, 0x00000000c4a00000, 0x00000000c4b00000|  0%| F|  |TAMS 0x00000000c4a00000, 0x00000000c4a00000| Untracked 
|  75|0x00000000c4b00000, 0x00000000c4b00000, 0x00000000c4c00000|  0%| F|  |TAMS 0x00000000c4b00000, 0x00000000c4b00000| Untracked 
|  93|0x00000000c5d00000, 0x00000000c5d1cae8, 0x00000000c5e00000| 11%| E|  |TAMS 0x00000000c5d00000, 0x00000000c5d00000| Complete 

Card table byte_map: [0x000001d7e4420000,0x000001d7e4620000] _byte_map_base: 0x000001d7e3e20000

Marking Bits (Prev, Next): (CMBitMap*) 0x000001d7de4c9f20, (CMBitMap*) 0x000001d7de4c9f60
 Prev Bits: [0x000001d7e4820000, 0x000001d7e5820000)
 Next Bits: [0x000001d7e5820000, 0x000001d7e6820000)

Polling page: 0x000001d7dc3f0000

Metaspace:

Usage:
  Non-class:     42.03 MB used.
      Class:      6.30 MB used.
       Both:     48.33 MB used.

Virtual space:
  Non-class space:       64.00 MB reserved,      42.44 MB ( 66%) committed,  1 nodes.
      Class space:        1.00 GB reserved,       6.56 MB ( <1%) committed,  1 nodes.
             Both:        1.06 GB reserved,      49.00 MB (  5%) committed. 

Chunk freelists:
   Non-Class:  5.50 MB
       Class:  9.50 MB
        Both:  15.00 MB

MaxMetaspaceSize: unlimited
CompressedClassSpaceSize: 1.00 GB
Initial GC threshold: 21.00 MB
Current GC threshold: 81.69 MB
CDS: off
MetaspaceReclaimPolicy: balanced
 - commit_granule_bytes: 65536.
 - commit_granule_words: 8192.
 - virtual_space_node_default_size: 8388608.
 - enlarge_chunks_in_place: 1.
 - new_chunks_are_fully_committed: 0.
 - uncommit_free_chunks: 1.
 - use_allocation_guard: 0.
 - handle_deallocations: 1.


Internal statistics:

num_allocs_failed_limit: 8.
num_arena_births: 612.
num_arena_deaths: 228.
num_vsnodes_births: 2.
num_vsnodes_deaths: 0.
num_space_committed: 783.
num_space_uncommitted: 0.
num_chunks_returned_to_freelist: 261.
num_chunks_taken_from_freelist: 2081.
num_chunk_merges: 90.
num_chunk_splits: 1431.
num_chunks_enlarged: 1078.
num_inconsistent_stats: 0.

CodeCache: size=49152Kb used=8359Kb max_used=9889Kb free=40792Kb
 bounds [0x000001d7e1110000, 0x000001d7e1ac0000, 0x000001d7e4110000]
 total_blobs=5213 nmethods=4614 adapters=526
 compilation: enabled
              stopped_count=0, restarted_count=0
 full_count=0

Compilation events (20 events):
Event: 1363.099 Thread 0x000001d7e928a300 4604       1       java.lang.ProcessImpl::getErrorStream (5 bytes)
Event: 1363.099 Thread 0x000001d7e928a300 nmethod 4604 0x000001d7e1283190 code [0x000001d7e1283320, 0x000001d7e12833f8]
Event: 1363.100 Thread 0x000001d7e928a300 4606       1       java.lang.ProcessImpl::getOutputStream (5 bytes)
Event: 1363.100 Thread 0x000001d7e928a300 nmethod 4606 0x000001d7e1282e90 code [0x000001d7e1283020, 0x000001d7e12830f8]
Event: 1487.675 Thread 0x000001d7e928a300 4607  s    1       java.io.BufferedOutputStream::flush (12 bytes)
Event: 1487.725 Thread 0x000001d7e928a300 nmethod 4607 0x000001d7e1282a10 code [0x000001d7e1282bc0, 0x000001d7e1282d98]
Event: 1497.728 Thread 0x000001d7e928a300 4608       1       java.util.Properties::getProperty (16 bytes)
Event: 1497.729 Thread 0x000001d7e928a300 nmethod 4608 0x000001d7e1282710 code [0x000001d7e12828a0, 0x000001d7e12829a8]
Event: 1777.177 Thread 0x000001d7e928a300 4609       1       java.lang.System::getProperty (26 bytes)
Event: 1777.198 Thread 0x000001d7e928a300 nmethod 4609 0x000001d7e1281e90 code [0x000001d7e12820a0, 0x000001d7e1282488]
Event: 1953.580 Thread 0x000001d7e928a300 4610       1       java.util.StringTokenizer::setMaxDelimCodePoint (156 bytes)
Event: 1953.590 Thread 0x000001d7e928a300 nmethod 4610 0x000001d7e1281410 code [0x000001d7e1281600, 0x000001d7e1281b58]
Event: 2160.476 Thread 0x000001d7e928a300 4611       1       java.lang.Runtime::exec (73 bytes)
Event: 2160.490 Thread 0x000001d7e928a300 nmethod 4611 0x000001d7e1280910 code [0x000001d7e1280b20, 0x000001d7e12810b8]
Event: 2160.491 Thread 0x000001d7e928a300 4612       1       java.lang.ProcessBuilder::<init> (56 bytes)
Event: 2160.494 Thread 0x000001d7e928a300 nmethod 4612 0x000001d7e1280410 code [0x000001d7e12805c0, 0x000001d7e12807f8]
Event: 2222.501 Thread 0x000001d7e928a300 4613       1       java.util.StringTokenizer::<init> (52 bytes)
Event: 2222.515 Thread 0x000001d7e928a300 nmethod 4613 0x000001d7e127ff90 code [0x000001d7e1280140, 0x000001d7e1280308]
Event: 2284.399 Thread 0x000001d7e928a300 4614       1       java.lang.invoke.Invokers$Holder::linkToTargetMethod (9 bytes)
Event: 2284.403 Thread 0x000001d7e928a300 nmethod 4614 0x000001d7e127fc10 code [0x000001d7e127fdc0, 0x000001d7e127fed8]

GC Heap History (20 events):
Event: 2181.410 GC heap after
{Heap after GC invocations=218 (full 207):
 garbage-first heap   total 78848K, used 28335K [0x00000000c0000000, 0x0000000100000000)
  region size 1024K, 0 young (0K), 0 survivors (0K)
 Metaspace       used 49492K, committed 50176K, reserved 1114112K
  class space    used 6453K, committed 6720K, reserved 1048576K
}
Event: 2191.705 GC heap before
{Heap before GC invocations=218 (full 207):
 garbage-first heap   total 78848K, used 28335K [0x00000000c0000000, 0x0000000100000000)
  region size 1024K, 1 young (1024K), 0 survivors (0K)
 Metaspace       used 49492K, committed 50176K, reserved 1114112K
  class space    used 6453K, committed 6720K, reserved 1048576K
}
Event: 2191.740 GC heap after
{Heap after GC invocations=219 (full 208):
 garbage-first heap   total 78848K, used 28335K [0x00000000c0000000, 0x0000000100000000)
  region size 1024K, 0 young (0K), 0 survivors (0K)
 Metaspace       used 49492K, committed 50176K, reserved 1114112K
  class space    used 6453K, committed 6720K, reserved 1048576K
}
Event: 2202.095 GC heap before
{Heap before GC invocations=219 (full 208):
 garbage-first heap   total 78848K, used 28335K [0x00000000c0000000, 0x0000000100000000)
  region size 1024K, 1 young (1024K), 0 survivors (0K)
 Metaspace       used 49492K, committed 50176K, reserved 1114112K
  class space    used 6453K, committed 6720K, reserved 1048576K
}
Event: 2202.130 GC heap after
{Heap after GC invocations=220 (full 209):
 garbage-first heap   total 78848K, used 28335K [0x00000000c0000000, 0x0000000100000000)
  region size 1024K, 0 young (0K), 0 survivors (0K)
 Metaspace       used 49492K, committed 50176K, reserved 1114112K
  class space    used 6453K, committed 6720K, reserved 1048576K
}
Event: 2212.441 GC heap before
{Heap before GC invocations=220 (full 209):
 garbage-first heap   total 78848K, used 28335K [0x00000000c0000000, 0x0000000100000000)
  region size 1024K, 1 young (1024K), 0 survivors (0K)
 Metaspace       used 49492K, committed 50176K, reserved 1114112K
  class space    used 6453K, committed 6720K, reserved 1048576K
}
Event: 2212.488 GC heap after
{Heap after GC invocations=221 (full 210):
 garbage-first heap   total 78848K, used 28335K [0x00000000c0000000, 0x0000000100000000)
  region size 1024K, 0 young (0K), 0 survivors (0K)
 Metaspace       used 49492K, committed 50176K, reserved 1114112K
  class space    used 6453K, committed 6720K, reserved 1048576K
}
Event: 2222.789 GC heap before
{Heap before GC invocations=221 (full 210):
 garbage-first heap   total 78848K, used 28335K [0x00000000c0000000, 0x0000000100000000)
  region size 1024K, 1 young (1024K), 0 survivors (0K)
 Metaspace       used 49492K, committed 50176K, reserved 1114112K
  class space    used 6453K, committed 6720K, reserved 1048576K
}
Event: 2222.822 GC heap after
{Heap after GC invocations=222 (full 211):
 garbage-first heap   total 78848K, used 28335K [0x00000000c0000000, 0x0000000100000000)
  region size 1024K, 0 young (0K), 0 survivors (0K)
 Metaspace       used 49492K, committed 50176K, reserved 1114112K
  class space    used 6453K, committed 6720K, reserved 1048576K
}
Event: 2233.099 GC heap before
{Heap before GC invocations=222 (full 211):
 garbage-first heap   total 78848K, used 28335K [0x00000000c0000000, 0x0000000100000000)
  region size 1024K, 1 young (1024K), 0 survivors (0K)
 Metaspace       used 49492K, committed 50176K, reserved 1114112K
  class space    used 6453K, committed 6720K, reserved 1048576K
}
Event: 2233.132 GC heap after
{Heap after GC invocations=223 (full 212):
 garbage-first heap   total 78848K, used 28335K [0x00000000c0000000, 0x0000000100000000)
  region size 1024K, 0 young (0K), 0 survivors (0K)
 Metaspace       used 49492K, committed 50176K, reserved 1114112K
  class space    used 6453K, committed 6720K, reserved 1048576K
}
Event: 2243.410 GC heap before
{Heap before GC invocations=223 (full 212):
 garbage-first heap   total 78848K, used 28335K [0x00000000c0000000, 0x0000000100000000)
  region size 1024K, 1 young (1024K), 0 survivors (0K)
 Metaspace       used 49492K, committed 50176K, reserved 1114112K
  class space    used 6453K, committed 6720K, reserved 1048576K
}
Event: 2243.450 GC heap after
{Heap after GC invocations=224 (full 213):
 garbage-first heap   total 78848K, used 28335K [0x00000000c0000000, 0x0000000100000000)
  region size 1024K, 0 young (0K), 0 survivors (0K)
 Metaspace       used 49492K, committed 50176K, reserved 1114112K
  class space    used 6453K, committed 6720K, reserved 1048576K
}
Event: 2253.737 GC heap before
{Heap before GC invocations=224 (full 213):
 garbage-first heap   total 78848K, used 28335K [0x00000000c0000000, 0x0000000100000000)
  region size 1024K, 1 young (1024K), 0 survivors (0K)
 Metaspace       used 49492K, committed 50176K, reserved 1114112K
  class space    used 6453K, committed 6720K, reserved 1048576K
}
Event: 2253.771 GC heap after
{Heap after GC invocations=225 (full 214):
 garbage-first heap   total 78848K, used 28335K [0x00000000c0000000, 0x0000000100000000)
  region size 1024K, 0 young (0K), 0 survivors (0K)
 Metaspace       used 49492K, committed 50176K, reserved 1114112K
  class space    used 6453K, committed 6720K, reserved 1048576K
}
Event: 2264.027 GC heap before
{Heap before GC invocations=225 (full 214):
 garbage-first heap   total 78848K, used 28335K [0x00000000c0000000, 0x0000000100000000)
  region size 1024K, 1 young (1024K), 0 survivors (0K)
 Metaspace       used 49492K, committed 50176K, reserved 1114112K
  class space    used 6453K, committed 6720K, reserved 1048576K
}
Event: 2264.063 GC heap after
{Heap after GC invocations=226 (full 215):
 garbage-first heap   total 78848K, used 28335K [0x00000000c0000000, 0x0000000100000000)
  region size 1024K, 0 young (0K), 0 survivors (0K)
 Metaspace       used 49492K, committed 50176K, reserved 1114112K
  class space    used 6453K, committed 6720K, reserved 1048576K
}
Event: 2274.328 GC heap before
{Heap before GC invocations=226 (full 215):
 garbage-first heap   total 78848K, used 28335K [0x00000000c0000000, 0x0000000100000000)
  region size 1024K, 1 young (1024K), 0 survivors (0K)
 Metaspace       used 49492K, committed 50176K, reserved 1114112K
  class space    used 6453K, committed 6720K, reserved 1048576K
}
Event: 2274.367 GC heap after
{Heap after GC invocations=227 (full 216):
 garbage-first heap   total 78848K, used 28335K [0x00000000c0000000, 0x0000000100000000)
  region size 1024K, 0 young (0K), 0 survivors (0K)
 Metaspace       used 49492K, committed 50176K, reserved 1114112K
  class space    used 6453K, committed 6720K, reserved 1048576K
}
Event: 2284.471 GC heap before
{Heap before GC invocations=227 (full 216):
 garbage-first heap   total 78848K, used 28335K [0x00000000c0000000, 0x0000000100000000)
  region size 1024K, 1 young (1024K), 0 survivors (0K)
 Metaspace       used 49492K, committed 50176K, reserved 1114112K
  class space    used 6453K, committed 6720K, reserved 1048576K
}

Dll operation events (10 events):
Event: 0.020 Loaded shared library c:\Users\hawad\.vscode\extensions\redhat.java-1.35.1-win32-x64\jre\17.0.12-win32-x86_64\bin\java.dll
Event: 0.156 Loaded shared library C:\Users\hawad\.vscode\extensions\redhat.java-1.35.1-win32-x64\jre\17.0.12-win32-x86_64\bin\net.dll
Event: 0.159 Loaded shared library C:\Users\hawad\.vscode\extensions\redhat.java-1.35.1-win32-x64\jre\17.0.12-win32-x86_64\bin\nio.dll
Event: 0.173 Loaded shared library C:\Users\hawad\.vscode\extensions\redhat.java-1.35.1-win32-x64\jre\17.0.12-win32-x86_64\bin\zip.dll
Event: 0.796 Loaded shared library C:\Users\hawad\.vscode\extensions\redhat.java-1.35.1-win32-x64\jre\17.0.12-win32-x86_64\bin\jimage.dll
Event: 2.894 Loaded shared library c:\Users\hawad\.vscode\extensions\redhat.java-1.35.1-win32-x64\jre\17.0.12-win32-x86_64\bin\verify.dll
Event: 5.665 Loaded shared library C:\Users\hawad\.vscode\extensions\redhat.java-1.35.1-win32-x64\jre\17.0.12-win32-x86_64\bin\management.dll
Event: 5.671 Loaded shared library C:\Users\hawad\.vscode\extensions\redhat.java-1.35.1-win32-x64\jre\17.0.12-win32-x86_64\bin\management_ext.dll
Event: 7.188 Loaded shared library C:\Users\hawad\.vscode\extensions\redhat.java-1.35.1-win32-x64\jre\17.0.12-win32-x86_64\bin\sunmscapi.dll
Event: 7.266 Loaded shared library C:\Users\hawad\.vscode\extensions\redhat.java-1.35.1-win32-x64\jre\17.0.12-win32-x86_64\bin\extnet.dll

Deoptimization events (6 events):
Event: 6.104 Thread 0x000001d7ee4a7fa0 DEOPT PACKING pc=0x000001d7e16e6581 sp=0x000000cf6dbfda00
Event: 6.104 Thread 0x000001d7ee4a7fa0 DEOPT UNPACKING pc=0x000001d7e1167143 sp=0x000000cf6dbfce90 mode 3
Event: 6.411 Thread 0x000001d7ee4aa820 DEOPT PACKING pc=0x000001d7e16c7017 sp=0x000000cf6dfff360
Event: 6.411 Thread 0x000001d7ee4aa820 DEOPT UNPACKING pc=0x000001d7e1167143 sp=0x000000cf6dffe7b8 mode 3
Event: 7.044 Thread 0x000001d7ee4a93e0 DEOPT PACKING pc=0x000001d7e15ad18c sp=0x000000cf6e2fa950
Event: 7.044 Thread 0x000001d7ee4a93e0 DEOPT UNPACKING pc=0x000001d7e1167143 sp=0x000000cf6e2f9e18 mode 0

Classes loaded (20 events):
Event: 8.457 Loading class sun/security/ssl/PreSharedKeyExtension$CHPreSharedKeySpec
Event: 8.457 Loading class sun/security/ssl/PreSharedKeyExtension$CHPreSharedKeySpec done
Event: 8.457 Loading class sun/security/ssl/PreSharedKeyExtension$PartialClientHelloMessage
Event: 8.458 Loading class sun/security/ssl/PreSharedKeyExtension$PartialClientHelloMessage done
Event: 8.486 Loading class sun/security/ssl/PreSharedKeyExtension$SHPreSharedKeySpec
Event: 8.486 Loading class sun/security/ssl/PreSharedKeyExtension$SHPreSharedKeySpec done
Event: 11.262 Loading class java/util/LinkedList$LLSpliterator
Event: 11.263 Loading class java/util/LinkedList$LLSpliterator done
Event: 45.676 Loading class java/lang/ProcessBuilder
Event: 45.691 Loading class java/lang/ProcessBuilder done
Event: 45.692 Loading class java/lang/ProcessImpl
Event: 45.692 Loading class java/lang/ProcessImpl done
Event: 45.769 Loading class java/lang/ProcessImpl$2
Event: 45.769 Loading class java/lang/ProcessImpl$2 done
Event: 45.769 Loading class java/lang/Process$PipeInputStream
Event: 45.769 Loading class java/lang/Process$PipeInputStream done
Event: 45.771 Loading class jdk/internal/event/ProcessStartEvent
Event: 45.771 Loading class jdk/internal/event/ProcessStartEvent done
Event: 46.350 Loading class java/io/FileOutputStream$1
Event: 46.350 Loading class java/io/FileOutputStream$1 done

Classes unloaded (20 events):
Event: 67.295 Thread 0x000001d7e9248f20 Unloading class 0x0000000100215c00 'java/lang/invoke/LambdaForm$MH+0x0000000100215c00'
Event: 67.295 Thread 0x000001d7e9248f20 Unloading class 0x00000001000d6000 'java/lang/invoke/LambdaForm$MH+0x00000001000d6000'
Event: 67.295 Thread 0x000001d7e9248f20 Unloading class 0x00000001000d5c00 'java/lang/invoke/LambdaForm$MH+0x00000001000d5c00'
Event: 67.295 Thread 0x000001d7e9248f20 Unloading class 0x00000001000d5800 'java/lang/invoke/LambdaForm$MH+0x00000001000d5800'
Event: 67.295 Thread 0x000001d7e9248f20 Unloading class 0x00000001000d5400 'java/lang/invoke/LambdaForm$MH+0x00000001000d5400'
Event: 67.295 Thread 0x000001d7e9248f20 Unloading class 0x00000001000d5000 'java/lang/invoke/LambdaForm$MH+0x00000001000d5000'
Event: 67.295 Thread 0x000001d7e9248f20 Unloading class 0x00000001000d4c00 'java/lang/invoke/LambdaForm$MH+0x00000001000d4c00'
Event: 67.295 Thread 0x000001d7e9248f20 Unloading class 0x00000001000d4800 'java/lang/invoke/LambdaForm$MH+0x00000001000d4800'
Event: 67.295 Thread 0x000001d7e9248f20 Unloading class 0x00000001000d4400 'java/lang/invoke/LambdaForm$MH+0x00000001000d4400'
Event: 67.295 Thread 0x000001d7e9248f20 Unloading class 0x00000001000ce800 'java/lang/invoke/LambdaForm$MH+0x00000001000ce800'
Event: 67.295 Thread 0x000001d7e9248f20 Unloading class 0x00000001000ce400 'java/lang/invoke/LambdaForm$MH+0x00000001000ce400'
Event: 67.295 Thread 0x000001d7e9248f20 Unloading class 0x00000001000ce000 'java/lang/invoke/LambdaForm$MH+0x00000001000ce000'
Event: 67.295 Thread 0x000001d7e9248f20 Unloading class 0x00000001000cdc00 'java/lang/invoke/LambdaForm$MH+0x00000001000cdc00'
Event: 67.295 Thread 0x000001d7e9248f20 Unloading class 0x00000001000cd800 'java/lang/invoke/LambdaForm$MH+0x00000001000cd800'
Event: 67.295 Thread 0x000001d7e9248f20 Unloading class 0x00000001000cd400 'java/lang/invoke/LambdaForm$MH+0x00000001000cd400'
Event: 67.295 Thread 0x000001d7e9248f20 Unloading class 0x00000001000ccc00 'java/lang/invoke/LambdaForm$MH+0x00000001000ccc00'
Event: 67.295 Thread 0x000001d7e9248f20 Unloading class 0x00000001000cc800 'java/lang/invoke/LambdaForm$MH+0x00000001000cc800'
Event: 67.295 Thread 0x000001d7e9248f20 Unloading class 0x00000001000cc000 'java/lang/invoke/LambdaForm$MH+0x00000001000cc000'
Event: 67.295 Thread 0x000001d7e9248f20 Unloading class 0x00000001000cbc00 'java/lang/invoke/LambdaForm$MH+0x00000001000cbc00'
Event: 67.295 Thread 0x000001d7e9248f20 Unloading class 0x00000001000c8400 'java/lang/invoke/LambdaForm$MH+0x00000001000c8400'

Classes redefined (0 events):
No events

Internal exceptions (20 events):
Event: 6.508 Thread 0x000001d7ee4aa820 Exception <a 'sun/nio/fs/WindowsException'{0x00000000c5dacdf0}> (0x00000000c5dacdf0) 
thrown [s\src\hotspot\share\prims\jni.cpp, line 516]
Event: 6.508 Thread 0x000001d7ee4aa820 Exception <a 'sun/nio/fs/WindowsException'{0x00000000c5dad7b8}> (0x00000000c5dad7b8) 
thrown [s\src\hotspot\share\prims\jni.cpp, line 516]
Event: 6.508 Thread 0x000001d7ee4aa820 Exception <a 'sun/nio/fs/WindowsException'{0x00000000c5dae360}> (0x00000000c5dae360) 
thrown [s\src\hotspot\share\prims\jni.cpp, line 516]
Event: 6.508 Thread 0x000001d7ee4aa820 Exception <a 'sun/nio/fs/WindowsException'{0x00000000c5daef08}> (0x00000000c5daef08) 
thrown [s\src\hotspot\share\prims\jni.cpp, line 516]
Event: 6.509 Thread 0x000001d7ee4aa820 Exception <a 'sun/nio/fs/WindowsException'{0x00000000c5db5ed0}> (0x00000000c5db5ed0) 
thrown [s\src\hotspot\share\prims\jni.cpp, line 516]
Event: 6.510 Thread 0x000001d7ee4aa820 Exception <a 'sun/nio/fs/WindowsException'{0x00000000c5db6898}> (0x00000000c5db6898) 
thrown [s\src\hotspot\share\prims\jni.cpp, line 516]
Event: 6.510 Thread 0x000001d7ee4aa820 Exception <a 'sun/nio/fs/WindowsException'{0x00000000c5db7280}> (0x00000000c5db7280) 
thrown [s\src\hotspot\share\prims\jni.cpp, line 516]
Event: 6.510 Thread 0x000001d7ee4aa820 Exception <a 'sun/nio/fs/WindowsException'{0x00000000c5db7c48}> (0x00000000c5db7c48) 
thrown [s\src\hotspot\share\prims\jni.cpp, line 516]
Event: 6.510 Thread 0x000001d7ee4aa820 Exception <a 'sun/nio/fs/WindowsException'{0x00000000c5db87f0}> (0x00000000c5db87f0) 
thrown [s\src\hotspot\share\prims\jni.cpp, line 516]
Event: 6.510 Thread 0x000001d7ee4aa820 Exception <a 'sun/nio/fs/WindowsException'{0x00000000c5db9398}> (0x00000000c5db9398) 
thrown [s\src\hotspot\share\prims\jni.cpp, line 516]
Event: 6.943 Thread 0x000001d7ee4a93e0 Exception <a 'java/lang/NoSuchMethodError'{0x00000000c4ba7428}: 'void java.lang.invoke.DirectMethodHandle$Holder.invokeVirtual(java.lang.Object, java.lang.Object, java.lang.Object, java.lang.Object)'> (0x00000000c4ba7428) 
thrown [s\src\hotspot\share\interpreter\linkResolver.cpp, line 759]
Event: 6.973 Thread 0x000001d7ee4a93e0 Exception <a 'java/lang/NoSuchMethodError'{0x00000000c4a769f0}: 'java.lang.Object java.lang.invoke.DirectMethodHandle$Holder.invokeStaticInit(java.lang.Object, java.lang.Object, int)'> (0x00000000c4a769f0) 
thrown [s\src\hotspot\share\interpreter\linkResolver.cpp, line 759]
Event: 6.974 Thread 0x000001d7ee4a93e0 Exception <a 'java/lang/NoSuchMethodError'{0x00000000c4a7cbc0}: 'java.lang.Object java.lang.invoke.DirectMethodHandle$Holder.newInvokeSpecial(java.lang.Object, java.lang.Object, int)'> (0x00000000c4a7cbc0) 
thrown [s\src\hotspot\share\interpreter\linkResolver.cpp, line 759]
Event: 6.979 Thread 0x000001d7ee4a93e0 Exception <a 'java/lang/NoSuchMethodError'{0x00000000c4a9c3f0}: 'int java.lang.invoke.DirectMethodHandle$Holder.invokeSpecialIFC(java.lang.Object, java.lang.Object, java.lang.Object)'> (0x00000000c4a9c3f0) 
thrown [s\src\hotspot\share\interpreter\linkResolver.cpp, line 759]
Event: 7.036 Thread 0x000001d7ee4a93e0 Exception <a 'sun/nio/fs/WindowsException'{0x00000000c49a2000}> (0x00000000c49a2000) 
thrown [s\src\hotspot\share\prims\jni.cpp, line 516]
Event: 7.388 Thread 0x000001d7ee4a93e0 Exception <a 'java/lang/NoSuchMethodError'{0x00000000c3f3b100}: 'void java.lang.invoke.DirectMethodHandle$Holder.invokeStatic(java.lang.Object, java.lang.Object, java.lang.Object, java.lang.Object, java.lang.Object, java.lang.Object, java.lang.Object)'> (0x00000000c3f3b100) 
thrown [s\src\hotspot\share\interpreter\linkResolver.cpp, line 759]
Event: 7.537 Thread 0x000001d7ee4a9e00 Exception <a 'java/lang/NoSuchMethodError'{0x00000000c3c39998}: 'int java.lang.invoke.DirectMethodHandle$Holder.invokeStatic(java.lang.Object, int, java.lang.Object)'> (0x00000000c3c39998) 
thrown [s\src\hotspot\share\interpreter\linkResolver.cpp, line 759]
Event: 7.644 Thread 0x000001d7ef5c9d60 Exception <a 'java/lang/NoSuchMethodError'{0x00000000c3bc4a88}: 'void java.lang.invoke.DirectMethodHandle$Holder.invokeInterface(java.lang.Object, java.lang.Object)'> (0x00000000c3bc4a88) 
thrown [s\src\hotspot\share\interpreter\linkResolver.cpp, line 759]
Event: 45.767 Thread 0x000001d7ee4a8ed0 Exception <a 'java/lang/NoSuchMethodError'{0x00000000c4844e98}: 'void java.lang.invoke.DirectMethodHandle$Holder.invokeStatic(java.lang.Object, long)'> (0x00000000c4844e98) 
thrown [s\src\hotspot\share\interpreter\linkResolver.cpp, line 759]
Event: 45.768 Thread 0x000001d7ee4a8ed0 Exception <a 'java/lang/NoSuchMethodError'{0x00000000c484a248}: 'java.lang.Object java.lang.invoke.DirectMethodHandle$Holder.newInvokeSpecial(java.lang.Object, long)'> (0x00000000c484a248) 
thrown [s\src\hotspot\share\interpreter\linkResolver.cpp, line 759]

VM Operations (20 events):
Event: 2181.410 Executing VM operation: G1CollectFull done
Event: 2191.705 Executing VM operation: G1CollectFull
Event: 2191.740 Executing VM operation: G1CollectFull done
Event: 2202.095 Executing VM operation: G1CollectFull
Event: 2202.130 Executing VM operation: G1CollectFull done
Event: 2212.441 Executing VM operation: G1CollectFull
Event: 2212.488 Executing VM operation: G1CollectFull done
Event: 2222.789 Executing VM operation: G1CollectFull
Event: 2222.822 Executing VM operation: G1CollectFull done
Event: 2233.099 Executing VM operation: G1CollectFull
Event: 2233.132 Executing VM operation: G1CollectFull done
Event: 2243.410 Executing VM operation: G1CollectFull
Event: 2243.450 Executing VM operation: G1CollectFull done
Event: 2253.737 Executing VM operation: G1CollectFull
Event: 2253.771 Executing VM operation: G1CollectFull done
Event: 2264.027 Executing VM operation: G1CollectFull
Event: 2264.063 Executing VM operation: G1CollectFull done
Event: 2274.328 Executing VM operation: G1CollectFull
Event: 2274.367 Executing VM operation: G1CollectFull done
Event: 2284.471 Executing VM operation: G1CollectFull

Events (20 events):
Event: 8.611 Thread 0x000001d7ef5c8410 Thread added: 0x000001d7ef5c8410
Event: 11.266 Thread 0x000001d7ee4a9e00 Thread exited: 0x000001d7ee4a9e00
Event: 11.267 Thread 0x000001d7ef5c9340 Thread exited: 0x000001d7ef5c9340
Event: 11.267 Thread 0x000001d7ef5c9d60 Thread exited: 0x000001d7ef5c9d60
Event: 13.989 Thread 0x000001d7e97db070 Thread exited: 0x000001d7e97db070
Event: 13.989 Thread 0x000001d7e97db590 Thread exited: 0x000001d7e97db590
Event: 19.003 Thread 0x000001d7e950f3e0 Thread exited: 0x000001d7e950f3e0
Event: 25.585 Thread 0x000001d7ee4a93e0 Thread exited: 0x000001d7ee4a93e0
Event: 47.654 Thread 0x000001d7ef5c8e30 Thread exited: 0x000001d7ef5c8e30
Event: 47.654 Thread 0x000001d7ef5c6fd0 Thread exited: 0x000001d7ef5c6fd0
Event: 47.654 Thread 0x000001d7ef5c8920 Thread exited: 0x000001d7ef5c8920
Event: 48.138 Thread 0x000001d7ef5c9850 Thread exited: 0x000001d7ef5c9850
Event: 48.139 Thread 0x000001d7ef5c79f0 Thread exited: 0x000001d7ef5c79f0
Event: 48.142 Thread 0x000001d7ef5c8410 Thread exited: 0x000001d7ef5c8410
Event: 66.258 Thread 0x000001d7ee4aa310 Thread exited: 0x000001d7ee4aa310
Event: 66.934 Thread 0x000001d7eea68740 Thread exited: 0x000001d7eea68740
Event: 67.385 Thread 0x000001d7ee4a84b0 Thread exited: 0x000001d7ee4a84b0
Event: 126.951 Thread 0x000001d7eea68c20 Thread exited: 0x000001d7eea68c20
Event: 186.960 Thread 0x000001d7eea64c10 Thread exited: 0x000001d7eea64c10
Event: 246.961 Thread 0x000001d7eea3b060 Thread exited: 0x000001d7eea3b060


Dynamic libraries:
0x00007ff733ba0000 - 0x00007ff733bae000 	c:\Users\hawad\.vscode\extensions\redhat.java-1.35.1-win32-x64\jre\17.0.12-win32-x86_64\bin\java.exe
0x00007fffbdd70000 - 0x00007fffbdf87000 	C:\Windows\SYSTEM32\ntdll.dll
0x00007fffbd040000 - 0x00007fffbd104000 	C:\Windows\System32\KERNEL32.DLL
0x00007fffbb3a0000 - 0x00007fffbb74d000 	C:\Windows\System32\KERNELBASE.dll
0x00007fffb4cf0000 - 0x00007fffb4d87000 	C:\Windows\SYSTEM32\apphelp.dll
0x00007fffbb820000 - 0x00007fffbb931000 	C:\Windows\System32\ucrtbase.dll
0x00007fffa9bd0000 - 0x00007fffa9be7000 	c:\Users\hawad\.vscode\extensions\redhat.java-1.35.1-win32-x64\jre\17.0.12-win32-x86_64\bin\jli.dll
0x00007fffbcb60000 - 0x00007fffbcd0e000 	C:\Windows\System32\USER32.dll
0x00007fffbb7f0000 - 0x00007fffbb816000 	C:\Windows\System32\win32u.dll
0x00007fffbd9e0000 - 0x00007fffbda09000 	C:\Windows\System32\GDI32.dll
0x00007fffbb280000 - 0x00007fffbb399000 	C:\Windows\System32\gdi32full.dll
0x00007fffbb940000 - 0x00007fffbb9da000 	C:\Windows\System32\msvcp_win.dll
0x00007fff97450000 - 0x00007fff9746b000 	c:\Users\hawad\.vscode\extensions\redhat.java-1.35.1-win32-x64\jre\17.0.12-win32-x86_64\bin\VCRUNTIME140.dll
0x00007fff992a0000 - 0x00007fff99533000 	C:\Windows\WinSxS\amd64_microsoft.windows.common-controls_6595b64144ccf1df_6.0.22621.3672_none_2713b9d173822955\COMCTL32.dll
0x00007fffbda60000 - 0x00007fffbdb07000 	C:\Windows\System32\msvcrt.dll
0x00007fffbbb40000 - 0x00007fffbbb71000 	C:\Windows\System32\IMM32.DLL
0x00007fffb21b0000 - 0x00007fffb21bc000 	c:\Users\hawad\.vscode\extensions\redhat.java-1.35.1-win32-x64\jre\17.0.12-win32-x86_64\bin\vcruntime140_1.dll
0x00007fff81c00000 - 0x00007fff81c8d000 	c:\Users\hawad\.vscode\extensions\redhat.java-1.35.1-win32-x64\jre\17.0.12-win32-x86_64\bin\msvcp140.dll
0x00007fff66fa0000 - 0x00007fff67c0a000 	c:\Users\hawad\.vscode\extensions\redhat.java-1.35.1-win32-x64\jre\17.0.12-win32-x86_64\bin\server\jvm.dll
0x00007fffbd110000 - 0x00007fffbd1c2000 	C:\Windows\System32\ADVAPI32.dll
0x00007fffbc710000 - 0x00007fffbc7b9000 	C:\Windows\System32\sechost.dll
0x00007fffbb750000 - 0x00007fffbb778000 	C:\Windows\System32\bcrypt.dll
0x00007fffbcd10000 - 0x00007fffbce24000 	C:\Windows\System32\RPCRT4.dll
0x00007fffbbaa0000 - 0x00007fffbbb11000 	C:\Windows\System32\WS2_32.dll
0x00007fffbab20000 - 0x00007fffbab6d000 	C:\Windows\SYSTEM32\POWRPROF.dll
0x00007fffb0940000 - 0x00007fffb094a000 	C:\Windows\SYSTEM32\VERSION.dll
0x00007fffb5320000 - 0x00007fffb5354000 	C:\Windows\SYSTEM32\WINMM.dll
0x00007fffbaa10000 - 0x00007fffbaa23000 	C:\Windows\SYSTEM32\UMPDC.dll
0x00007fffba0e0000 - 0x00007fffba0f8000 	C:\Windows\SYSTEM32\kernel.appcore.dll
0x00007fffab970000 - 0x00007fffab97a000 	c:\Users\hawad\.vscode\extensions\redhat.java-1.35.1-win32-x64\jre\17.0.12-win32-x86_64\bin\jimage.dll
0x00007fffb8a70000 - 0x00007fffb8ca2000 	C:\Windows\SYSTEM32\DBGHELP.DLL
0x00007fffbc7d0000 - 0x00007fffbcb5e000 	C:\Windows\System32\combase.dll
0x00007fffbdb20000 - 0x00007fffbdbf7000 	C:\Windows\System32\OLEAUT32.dll
0x00007fffac270000 - 0x00007fffac2a2000 	C:\Windows\SYSTEM32\dbgcore.DLL
0x00007fffbb200000 - 0x00007fffbb27b000 	C:\Windows\System32\bcryptPrimitives.dll
0x00007fff91800000 - 0x00007fff91825000 	c:\Users\hawad\.vscode\extensions\redhat.java-1.35.1-win32-x64\jre\17.0.12-win32-x86_64\bin\java.dll
0x00007fff96fb0000 - 0x00007fff96fc8000 	c:\Users\hawad\.vscode\extensions\redhat.java-1.35.1-win32-x64\jre\17.0.12-win32-x86_64\bin\zip.dll
0x00007fffbbea0000 - 0x00007fffbc707000 	C:\Windows\System32\SHELL32.dll
0x00007fffb8fd0000 - 0x00007fffb98cf000 	C:\Windows\SYSTEM32\windows.storage.dll
0x00007fffb8e90000 - 0x00007fffb8fcf000 	C:\Windows\SYSTEM32\wintypes.dll
0x00007fffbdc20000 - 0x00007fffbdd19000 	C:\Windows\System32\SHCORE.dll
0x00007fffbcfe0000 - 0x00007fffbd03e000 	C:\Windows\System32\shlwapi.dll
0x00007fffbafc0000 - 0x00007fffbafe7000 	C:\Windows\SYSTEM32\profapi.dll
0x00007fff95420000 - 0x00007fff95439000 	C:\Users\hawad\.vscode\extensions\redhat.java-1.35.1-win32-x64\jre\17.0.12-win32-x86_64\bin\net.dll
0x00007fffb6810000 - 0x00007fffb6946000 	C:\Windows\SYSTEM32\WINHTTP.dll
0x00007fffba550000 - 0x00007fffba5b9000 	C:\Windows\system32\mswsock.dll
0x00007fff95770000 - 0x00007fff95786000 	C:\Users\hawad\.vscode\extensions\redhat.java-1.35.1-win32-x64\jre\17.0.12-win32-x86_64\bin\nio.dll
0x00007fff99d70000 - 0x00007fff99d80000 	c:\Users\hawad\.vscode\extensions\redhat.java-1.35.1-win32-x64\jre\17.0.12-win32-x86_64\bin\verify.dll
0x00007fffba7a0000 - 0x00007fffba7bb000 	C:\Windows\SYSTEM32\CRYPTSP.dll
0x00007fffba040000 - 0x00007fffba075000 	C:\Windows\system32\rsaenh.dll
0x00007fffba640000 - 0x00007fffba668000 	C:\Windows\SYSTEM32\USERENV.dll
0x00007fffba7c0000 - 0x00007fffba7cc000 	C:\Windows\SYSTEM32\CRYPTBASE.dll
0x00007fffb9b80000 - 0x00007fffb9bad000 	C:\Windows\SYSTEM32\IPHLPAPI.DLL
0x00007fffbc7c0000 - 0x00007fffbc7c9000 	C:\Windows\System32\NSI.dll
0x00007fffb66f0000 - 0x00007fffb6709000 	C:\Windows\SYSTEM32\dhcpcsvc6.DLL
0x00007fffb66d0000 - 0x00007fffb66ef000 	C:\Windows\SYSTEM32\dhcpcsvc.DLL
0x00007fffb9bb0000 - 0x00007fffb9ca8000 	C:\Windows\SYSTEM32\DNSAPI.dll
0x00007fff9ca10000 - 0x00007fff9ca19000 	C:\Users\hawad\.vscode\extensions\redhat.java-1.35.1-win32-x64\jre\17.0.12-win32-x86_64\bin\management.dll
0x00007fff99d90000 - 0x00007fff99d9b000 	C:\Users\hawad\.vscode\extensions\redhat.java-1.35.1-win32-x64\jre\17.0.12-win32-x86_64\bin\management_ext.dll
0x00007fffbdd20000 - 0x00007fffbdd28000 	C:\Windows\System32\PSAPI.DLL
0x00007fff99d30000 - 0x00007fff99d3e000 	C:\Users\hawad\.vscode\extensions\redhat.java-1.35.1-win32-x64\jre\17.0.12-win32-x86_64\bin\sunmscapi.dll
0x00007fffbb090000 - 0x00007fffbb1f6000 	C:\Windows\System32\CRYPT32.dll
0x00007fffba9e0000 - 0x00007fffbaa0e000 	C:\Windows\SYSTEM32\ncrypt.dll
0x00007fffba9a0000 - 0x00007fffba9d7000 	C:\Windows\SYSTEM32\NTASN1.dll
0x00007fffb53c0000 - 0x00007fffb53c8000 	C:\Windows\system32\wshunix.dll
0x00007fff99ce0000 - 0x00007fff99ce9000 	C:\Users\hawad\.vscode\extensions\redhat.java-1.35.1-win32-x64\jre\17.0.12-win32-x86_64\bin\extnet.dll
0x00007fffb4c10000 - 0x00007fffb4c1a000 	C:\Windows\System32\rasadhlp.dll
0x00007fffb4e20000 - 0x00007fffb4ea3000 	C:\Windows\System32\fwpuclnt.dll

dbghelp: loaded successfully - version: 4.0.5 - missing functions: none
symbol engine: initialized successfully - sym options: 0x614 - pdb path: .;c:\Users\hawad\.vscode\extensions\redhat.java-1.35.1-win32-x64\jre\17.0.12-win32-x86_64\bin;C:\Windows\SYSTEM32;C:\Windows\WinSxS\amd64_microsoft.windows.common-controls_6595b64144ccf1df_6.0.22621.3672_none_2713b9d173822955;c:\Users\hawad\.vscode\extensions\redhat.java-1.35.1-win32-x64\jre\17.0.12-win32-x86_64\bin\server

VM Arguments:
jvm_args: -Xmx1024m -Dsts.lsp.client=vscode -Dsts.log.file=/dev/null -XX:TieredStopAtLevel=1 -Xlog:jni+resolve=off 
java_command: c:\Users\hawad\.vscode\extensions\vmware.vscode-spring-boot-1.57.0\language-server\spring-boot-language-server-1.57.0-SNAPSHOT-exec.jar
java_class_path (initial): c:\Users\hawad\.vscode\extensions\vmware.vscode-spring-boot-1.57.0\language-server\spring-boot-language-server-1.57.0-SNAPSHOT-exec.jar
Launcher Type: SUN_STANDARD

[Global flags]
     intx CICompilerCount                          = 4                                         {product} {ergonomic}
     uint ConcGCThreads                            = 2                                         {product} {ergonomic}
     uint G1ConcRefinementThreads                  = 8                                         {product} {ergonomic}
   size_t G1HeapRegionSize                         = 1048576                                   {product} {ergonomic}
    uintx GCDrainStackTargetSize                   = 64                                        {product} {ergonomic}
   size_t InitialHeapSize                          = 98566144                                  {product} {ergonomic}
   size_t MarkStackSize                            = 4194304                                   {product} {ergonomic}
   size_t MaxHeapSize                              = 1073741824                                {product} {command line}
   size_t MaxNewSize                               = 643825664                                 {product} {ergonomic}
   size_t MinHeapDeltaBytes                        = 1048576                                   {product} {ergonomic}
   size_t MinHeapSize                              = 8388608                                   {product} {ergonomic}
    uintx NonProfiledCodeHeapSize                  = 0                                      {pd product} {ergonomic}
     bool ProfileInterpreter                       = false                                  {pd product} {command line}
    uintx ProfiledCodeHeapSize                     = 0                                      {pd product} {ergonomic}
   size_t SoftMaxHeapSize                          = 1073741824                             {manageable} {ergonomic}
     intx TieredStopAtLevel                        = 1                                         {product} {command line}
     bool UseCompressedClassPointers               = true                           {product lp64_product} {ergonomic}
     bool UseCompressedOops                        = true                           {product lp64_product} {ergonomic}
     bool UseG1GC                                  = true                                      {product} {ergonomic}
     bool UseLargePagesIndividualAllocation        = false                                  {pd product} {ergonomic}

Logging:
Log output configuration:
 #0: stdout all=warning,jni+resolve=off uptime,level,tags
 #1: stderr all=off uptime,level,tags

Environment Variables:
PATH=C:\Program Files\Common Files\Oracle\Java\javapath;C:\Windows\system32;C:\Windows;C:\Windows\System32\Wbem;C:\Windows\System32\WindowsPowerShell\v1.0\;C:\Windows\System32\OpenSSH\;C:\Program Files (x86)\sbt\bin;C:\Program Files\Git\cmd;C:\Users\hawad\Downloads\gradle-8.8-all\gradle-8.8\bin;C:\Users\hawad\AppData\Local\Programs\Eclipse Adoptium\jdk-21.0.4.7-hotspot\bin;C:\Users\hawad\AppData\Local\Microsoft\WindowsApps;C:\Users\hawad\AppData\Local\Programs\Microsoft VS Code\bin;C:\Program Files\JetBrains\IntelliJ IDEA Community Edition 2024.2.2\bin;C:\Program Files\Java\jdk-21\bin;;C:\Users\hawad\AppData\Local\Coursier\data\bin
USERNAME=hawad
OS=Windows_NT
PROCESSOR_IDENTIFIER=AMD64 Family 23 Model 160 Stepping 0, AuthenticAMD
TMP=C:\Users\hawad\AppData\Local\Temp
TEMP=C:\Users\hawad\AppData\Local\Temp



Periodic native trim disabled


---------------  S Y S T E M  ---------------

OS:
 Windows 11 , 64 bit Build 22621 (10.0.22621.3958)
OS uptime: 3 days 14:38 hours
Hyper-V role detected

CPU: total 8 (initial active 8) (8 cores per cpu, 2 threads per core) family 23 model 160 stepping 0 microcode 0x0, cx8, cmov, fxsr, ht, mmx, 3dnowpref, sse, sse2, sse3, ssse3, sse4a, sse4.1, sse4.2, popcnt, lzcnt, tsc, tscinvbit, avx, avx2, aes, clmul, bmi1, bmi2, adx, sha, fma, vzeroupper, clflush, clflushopt, hv
Processor Information for all 8 processors :
  Max Mhz: 2401, Current Mhz: 2401, Mhz Limit: 2401

Memory: 4k page, system-wide physical 5965M (143M free)
TotalPageFile size 24397M (AvailPageFile size 6M)
current process WorkingSet (physical memory assigned to process): 50M, peak: 187M
current process commit charge ("private bytes"): 229M, peak: 242M

vm_info: OpenJDK 64-Bit Server VM (17.0.12+7) for windows-amd64 JRE (17.0.12+7), built on Jul 16 2024 22:08:24 by "admin" with MS VC++ 16.10 / 16.11 (VS2019)

END.
