#
# There is insufficient memory for the Java Runtime Environment to continue.
# Native memory allocation (malloc) failed to allocate 1266576 bytes. Error detail: Chunk::new
# Possible reasons:
#   The system is out of physical RAM or swap space
#   This process is running with CompressedOops enabled, and the Java Heap may be blocking the growth of the native heap
# Possible solutions:
#   Reduce memory load on the system
#   Increase physical memory or swap space
#   Check if swap backing store is full
#   Decrease Java heap size (-Xmx/-Xms)
#   Decrease number of Java threads
#   Decrease Java thread stack sizes (-Xss)
#   Set larger code cache with -XX:ReservedCodeCacheSize=
#   JVM is running with Unscaled Compressed Oops mode in which the Java heap is
#     placed in the first 4GB address space. The Java Heap base address is the
#     maximum limit for the native heap growth. Please use -XX:HeapBaseMinAddress
#     to set the Java Heap base and to place the Java Heap above 4GB virtual address.
# This output file may be truncated or incomplete.
#
#  Out of Memory Error (arena.cpp:150), pid=12040, tid=24556
#
# JRE version: OpenJDK Runtime Environment Temurin-22.0.2+9 (22.0.2+9) (build 22.0.2+9)
# Java VM: OpenJDK 64-Bit Server VM Temurin-22.0.2+9 (22.0.2+9, mixed mode, sharing, tiered, compressed oops, compressed class ptrs, g1 gc, windows-amd64)
# No core dump will be written. Minidumps are not enabled by default on client versions of Windows
#

---------------  S U M M A R Y ------------

Command Line: -Dfile.encoding=UTF-8 -Duser.country=FR -Duser.language=fr -Duser.variant fr.parisnanterre.noah.TravelCarryApplication

Host: AMD Ryzen 3 7320U with Radeon Graphics         , 8 cores, 5G,  Windows 11 , 64 bit Build 22621 (10.0.22621.4391)
Time: Wed Jan 29 16:24:32 2025 Paris, Madrid elapsed time: 26.719549 seconds (0d 0h 0m 26s)

---------------  T H R E A D  ---------------

Current thread (0x000001a3c5c86af0):  JavaThread "C2 CompilerThread2" daemon [_thread_in_native, id=24556, stack(0x000000854ca00000,0x000000854cb00000) (1024K)]


Current CompileTask:
C2:26719 7526       4       org.springframework.core.annotation.AnnotationsScanner::process (55 bytes)

Stack: [0x000000854ca00000,0x000000854cb00000]
Native frames: (J=compiled Java code, j=interpreted, Vv=VM code, C=native code)
V  [jvm.dll+0x6ea6a9]  (no source info available)
V  [jvm.dll+0x8cdbf3]  (no source info available)
V  [jvm.dll+0x8d001e]  (no source info available)
V  [jvm.dll+0x8d06f3]  (no source info available)
V  [jvm.dll+0x286dc6]  (no source info available)
V  [jvm.dll+0xc3b8f]  (no source info available)
V  [jvm.dll+0xc3deb]  (no source info available)
V  [jvm.dll+0x2fad1f]  (no source info available)
V  [jvm.dll+0x61219a]  (no source info available)
V  [jvm.dll+0x24feb5]  (no source info available)
V  [jvm.dll+0x24d346]  (no source info available)
V  [jvm.dll+0x1cacf0]  (no source info available)
V  [jvm.dll+0x25d312]  (no source info available)
V  [jvm.dll+0x25b5da]  (no source info available)
V  [jvm.dll+0x3fc036]  (no source info available)
V  [jvm.dll+0x875e6b]  (no source info available)
V  [jvm.dll+0x6e8da5]  (no source info available)
C  [ucrtbase.dll+0x29333]  (no source info available)
C  [KERNEL32.DLL+0x1259d]  (no source info available)
C  [ntdll.dll+0x5af38]  (no source info available)


---------------  P R O C E S S  ---------------

Threads class SMR info:
_java_thread_list=0x000001a3e5975e70, length=16, elements={
0x000001a3c68980d0, 0x000001a3e4a25ea0, 0x000001a3e4a26ab0, 0x000001a3e4a2a670,
0x000001a3e4a2b0d0, 0x000001a3e4a2cea0, 0x000001a3e4a3f8e0, 0x000001a3e4a42680,
0x000001a3e4a43490, 0x000001a3c52769a0, 0x000001a3c527afd0, 0x000001a3c5aec860,
0x000001a3e6028fe0, 0x000001a3e62c6b50, 0x000001a3c5c85680, 0x000001a3c5c86af0
}

Java Threads: ( => current thread )
  0x000001a3c68980d0 JavaThread "main"                              [_thread_in_Java, id=26388, stack(0x000000854ab00000,0x000000854ac00000) (1024K)]
  0x000001a3e4a25ea0 JavaThread "Reference Handler"          daemon [_thread_blocked, id=4436, stack(0x000000854b300000,0x000000854b400000) (1024K)]
  0x000001a3e4a26ab0 JavaThread "Finalizer"                  daemon [_thread_blocked, id=3036, stack(0x000000854b400000,0x000000854b500000) (1024K)]
  0x000001a3e4a2a670 JavaThread "Signal Dispatcher"          daemon [_thread_blocked, id=27880, stack(0x000000854b500000,0x000000854b600000) (1024K)]
  0x000001a3e4a2b0d0 JavaThread "Attach Listener"            daemon [_thread_blocked, id=28508, stack(0x000000854b600000,0x000000854b700000) (1024K)]
  0x000001a3e4a2cea0 JavaThread "Service Thread"             daemon [_thread_blocked, id=19236, stack(0x000000854b700000,0x000000854b800000) (1024K)]
  0x000001a3e4a3f8e0 JavaThread "Monitor Deflation Thread"   daemon [_thread_blocked, id=5400, stack(0x000000854b800000,0x000000854b900000) (1024K)]
  0x000001a3e4a42680 JavaThread "C2 CompilerThread0"         daemon [_thread_in_native, id=26148, stack(0x000000854b900000,0x000000854ba00000) (1024K)]
  0x000001a3e4a43490 JavaThread "C1 CompilerThread0"         daemon [_thread_in_vm, id=9544, stack(0x000000854ba00000,0x000000854bb00000) (1024K)]
  0x000001a3c52769a0 JavaThread "Notification Thread"        daemon [_thread_blocked, id=10576, stack(0x000000854bb00000,0x000000854bc00000) (1024K)]
  0x000001a3c527afd0 JavaThread "Common-Cleaner"             daemon [_thread_blocked, id=11776, stack(0x000000854bc00000,0x000000854bd00000) (1024K)]
  0x000001a3c5aec860 JavaThread "PostgreSQL-JDBC-Cleaner"    daemon [_thread_blocked, id=17328, stack(0x000000854c700000,0x000000854c800000) (1024K)]
  0x000001a3e6028fe0 JavaThread "HikariPool-1 housekeeper"   daemon [_thread_blocked, id=5516, stack(0x000000854c800000,0x000000854c900000) (1024K)]
  0x000001a3e62c6b50 JavaThread "HikariPool-1 connection adder" daemon [_thread_blocked, id=28736, stack(0x000000854c600000,0x000000854c700000) (1024K)]
  0x000001a3c5c85680 JavaThread "C2 CompilerThread1"         daemon [_thread_in_native, id=16356, stack(0x000000854c900000,0x000000854ca00000) (1024K)]
=>0x000001a3c5c86af0 JavaThread "C2 CompilerThread2"         daemon [_thread_in_native, id=24556, stack(0x000000854ca00000,0x000000854cb00000) (1024K)]
Total: 16

Other Threads:
  0x000001a3e4a08d50 VMThread "VM Thread"                           [id=14676, stack(0x000000854b200000,0x000000854b300000) (1024K)]
  0x000001a3e49f0c80 WatcherThread "VM Periodic Task Thread"        [id=26452, stack(0x000000854b100000,0x000000854b200000) (1024K)]
  0x000001a3c8a6cdb0 WorkerThread "GC Thread#0"                     [id=13844, stack(0x000000854ac00000,0x000000854ad00000) (1024K)]
  0x000001a3e4be0490 WorkerThread "GC Thread#1"                     [id=20720, stack(0x000000854bd00000,0x000000854be00000) (1024K)]
  0x000001a3e4be1700 WorkerThread "GC Thread#2"                     [id=21432, stack(0x000000854be00000,0x000000854bf00000) (1024K)]
  0x000001a3e4be1350 WorkerThread "GC Thread#3"                     [id=13092, stack(0x000000854bf00000,0x000000854c000000) (1024K)]
  0x000001a3e4be0840 WorkerThread "GC Thread#4"                     [id=19396, stack(0x000000854c000000,0x000000854c100000) (1024K)]
  0x000001a3e4be0bf0 WorkerThread "GC Thread#5"                     [id=14132, stack(0x000000854c100000,0x000000854c200000) (1024K)]
  0x000001a3e4be0fa0 WorkerThread "GC Thread#6"                     [id=24132, stack(0x000000854c300000,0x000000854c400000) (1024K)]
  0x000001a3c5af1000 WorkerThread "GC Thread#7"                     [id=22988, stack(0x000000854c400000,0x000000854c500000) (1024K)]
  0x000001a3c8a7a1e0 ConcurrentGCThread "G1 Main Marker"            [id=27728, stack(0x000000854ad00000,0x000000854ae00000) (1024K)]
  0x000001a3c8a7acf0 WorkerThread "G1 Conc#0"                       [id=2268, stack(0x000000854ae00000,0x000000854af00000) (1024K)]
  0x000001a3c5af1ec0 WorkerThread "G1 Conc#1"                       [id=20624, stack(0x000000854c500000,0x000000854c600000) (1024K)]
  0x000001a3c8acb500 ConcurrentGCThread "G1 Refine#0"               [id=16816, stack(0x000000854af00000,0x000000854b000000) (1024K)]
  0x000001a3c8acbe90 ConcurrentGCThread "G1 Service"                [id=19408, stack(0x000000854b000000,0x000000854b100000) (1024K)]
Total: 15

Threads with active compile tasks:
C2 CompilerThread0  26860 7525       4       org.springframework.core.annotation.AnnotationsScanner::scan (21 bytes)
C2 CompilerThread1  26860 7546       4       org.springframework.core.annotation.TypeMappedAnnotations::get (52 bytes)
C2 CompilerThread2  26860 7526       4       org.springframework.core.annotation.AnnotationsScanner::process (55 bytes)
Total: 3

VM state: not at safepoint (normal execution)

VM Mutex/Monitor currently owned by a thread: None

Heap address: 0x00000000a2c00000, size: 1492 MB, Compressed Oops mode: 32-bit

CDS archive(s) mapped at: [0x000001a380000000-0x000001a380c60000-0x000001a380c60000), size 12976128, SharedBaseAddress: 0x000001a380000000, ArchiveRelocationMode: 1.
Compressed class space mapped at: 0x000001a381000000-0x000001a3c1000000, reserved size: 1073741824
Narrow klass base: 0x000001a380000000, Narrow klass shift: 0, Narrow klass range: 0x41000000

GC Precious Log:
 CardTable entry size: 512
 Card Set container configuration: InlinePtr #cards 5 size 8 Array Of Cards #cards 12 size 40 Howl #buckets 4 coarsen threshold 1843 Howl Bitmap #cards 512 size 80 coarsen threshold 460 Card regions per heap region 1 cards per card region 2048
 CPUs: 8 total, 8 available
 Memory: 5965M
 Large Page Support: Disabled
 NUMA Support: Disabled
 Compressed Oops: Enabled (32-bit)
 Heap Region Size: 1M
 Heap Min Capacity: 8M
 Heap Initial Capacity: 94M
 Heap Max Capacity: 1492M
 Pre-touch: Disabled
 Parallel Workers: 8
 Concurrent Workers: 2
 Concurrent Refinement Workers: 8
 Periodic GC: Disabled

Heap:
 garbage-first heap   total reserved 1527808K, committed 69632K, used 40626K [0x00000000a2c00000, 0x0000000100000000)
  region size 1024K, 15 young (15360K), 3 survivors (3072K)
 Metaspace       used 67235K, committed 67968K, reserved 1114112K
  class space    used 9140K, committed 9472K, reserved 1048576K

Heap Regions: E=young(eden), S=young(survivor), O=old, HS=humongous(starts), HC=humongous(continues), CS=collection set, F=free, TAMS=top-at-mark-start, PB=parsable bottom
|   0|0x00000000a2c00000, 0x00000000a2d00000, 0x00000000a2d00000|100%|HS|  |TAMS 0x00000000a2c00000| PB 0x00000000a2c00000| Complete |  0
|   1|0x00000000a2d00000, 0x00000000a2e00000, 0x00000000a2e00000|100%| O|  |TAMS 0x00000000a2d00000| PB 0x00000000a2d00000| Untracked |  0
|   2|0x00000000a2e00000, 0x00000000a2f00000, 0x00000000a2f00000|100%| O|  |TAMS 0x00000000a2e00000| PB 0x00000000a2e00000| Untracked |  0
|   3|0x00000000a2f00000, 0x00000000a3000000, 0x00000000a3000000|100%| O|  |TAMS 0x00000000a2f00000| PB 0x00000000a2f00000| Untracked |  0
|   4|0x00000000a3000000, 0x00000000a3100000, 0x00000000a3100000|100%| O|  |TAMS 0x00000000a3000000| PB 0x00000000a3000000| Untracked |  0
|   5|0x00000000a3100000, 0x00000000a3200000, 0x00000000a3200000|100%| O|  |TAMS 0x00000000a3100000| PB 0x00000000a3100000| Untracked |  0
|   6|0x00000000a3200000, 0x00000000a3300000, 0x00000000a3300000|100%| O|  |TAMS 0x00000000a3200000| PB 0x00000000a3200000| Untracked |  0
|   7|0x00000000a3300000, 0x00000000a3400000, 0x00000000a3400000|100%| O|  |TAMS 0x00000000a3300000| PB 0x00000000a3300000| Untracked |  0
|   8|0x00000000a3400000, 0x00000000a3500000, 0x00000000a3500000|100%| O|  |TAMS 0x00000000a3400000| PB 0x00000000a3400000| Untracked |  0
|   9|0x00000000a3500000, 0x00000000a3600000, 0x00000000a3600000|100%| O|  |TAMS 0x00000000a3500000| PB 0x00000000a3500000| Untracked |  0
|  10|0x00000000a3600000, 0x00000000a3700000, 0x00000000a3700000|100%| O|  |TAMS 0x00000000a3600000| PB 0x00000000a3600000| Untracked |  0
|  11|0x00000000a3700000, 0x00000000a3800000, 0x00000000a3800000|100%| O|  |TAMS 0x00000000a3700000| PB 0x00000000a3700000| Untracked |  0
|  12|0x00000000a3800000, 0x00000000a3900000, 0x00000000a3900000|100%| O|  |TAMS 0x00000000a3800000| PB 0x00000000a3800000| Untracked |  0
|  13|0x00000000a3900000, 0x00000000a3a00000, 0x00000000a3a00000|100%| O|  |TAMS 0x00000000a3900000| PB 0x00000000a3900000| Untracked |  0
|  14|0x00000000a3a00000, 0x00000000a3a00000, 0x00000000a3b00000|  0%| F|  |TAMS 0x00000000a3a00000| PB 0x00000000a3a00000| Untracked |  0
|  15|0x00000000a3b00000, 0x00000000a3c00000, 0x00000000a3c00000|100%| O|  |TAMS 0x00000000a3b00000| PB 0x00000000a3b00000| Untracked |  0
|  16|0x00000000a3c00000, 0x00000000a3d00000, 0x00000000a3d00000|100%| O|  |TAMS 0x00000000a3c00000| PB 0x00000000a3c00000| Untracked |  0
|  17|0x00000000a3d00000, 0x00000000a3e00000, 0x00000000a3e00000|100%| O|  |TAMS 0x00000000a3d00000| PB 0x00000000a3d00000| Untracked |  0
|  18|0x00000000a3e00000, 0x00000000a3f00000, 0x00000000a3f00000|100%| O|  |TAMS 0x00000000a3e00000| PB 0x00000000a3e00000| Untracked |  0
|  19|0x00000000a3f00000, 0x00000000a4000000, 0x00000000a4000000|100%| O|  |TAMS 0x00000000a3f00000| PB 0x00000000a3f00000| Untracked |  0
|  20|0x00000000a4000000, 0x00000000a4100000, 0x00000000a4100000|100%| O|  |TAMS 0x00000000a4000000| PB 0x00000000a4000000| Untracked |  0
|  21|0x00000000a4100000, 0x00000000a4200000, 0x00000000a4200000|100%| O|  |TAMS 0x00000000a4100000| PB 0x00000000a4100000| Untracked |  0
|  22|0x00000000a4200000, 0x00000000a4300000, 0x00000000a4300000|100%| O|  |TAMS 0x00000000a4200000| PB 0x00000000a4200000| Untracked |  0
|  23|0x00000000a4300000, 0x00000000a4400000, 0x00000000a4400000|100%| O|  |TAMS 0x00000000a4300000| PB 0x00000000a4300000| Untracked |  0
|  24|0x00000000a4400000, 0x00000000a44ce378, 0x00000000a4500000| 80%| O|  |TAMS 0x00000000a4400000| PB 0x00000000a4400000| Untracked |  0
|  25|0x00000000a4500000, 0x00000000a4500000, 0x00000000a4600000|  0%| F|  |TAMS 0x00000000a4500000| PB 0x00000000a4500000| Untracked |  0
|  26|0x00000000a4600000, 0x00000000a4600000, 0x00000000a4700000|  0%| F|  |TAMS 0x00000000a4600000| PB 0x00000000a4600000| Untracked |  0
|  27|0x00000000a4700000, 0x00000000a4700000, 0x00000000a4800000|  0%| F|  |TAMS 0x00000000a4700000| PB 0x00000000a4700000| Untracked |  0
|  28|0x00000000a4800000, 0x00000000a4800000, 0x00000000a4900000|  0%| F|  |TAMS 0x00000000a4800000| PB 0x00000000a4800000| Untracked |  0
|  29|0x00000000a4900000, 0x00000000a4900000, 0x00000000a4a00000|  0%| F|  |TAMS 0x00000000a4900000| PB 0x00000000a4900000| Untracked |  0
|  30|0x00000000a4a00000, 0x00000000a4ade4b0, 0x00000000a4b00000| 86%| S|CS|TAMS 0x00000000a4a00000| PB 0x00000000a4a00000| Complete |  0
|  31|0x00000000a4b00000, 0x00000000a4c00000, 0x00000000a4c00000|100%| S|CS|TAMS 0x00000000a4b00000| PB 0x00000000a4b00000| Complete |  0
|  32|0x00000000a4c00000, 0x00000000a4d00000, 0x00000000a4d00000|100%| S|CS|TAMS 0x00000000a4c00000| PB 0x00000000a4c00000| Complete |  0
|  33|0x00000000a4d00000, 0x00000000a4d00000, 0x00000000a4e00000|  0%| F|  |TAMS 0x00000000a4d00000| PB 0x00000000a4d00000| Untracked |  0
|  34|0x00000000a4e00000, 0x00000000a4e00000, 0x00000000a4f00000|  0%| F|  |TAMS 0x00000000a4e00000| PB 0x00000000a4e00000| Untracked |  0
|  35|0x00000000a4f00000, 0x00000000a4f00000, 0x00000000a5000000|  0%| F|  |TAMS 0x00000000a4f00000| PB 0x00000000a4f00000| Untracked |  0
|  36|0x00000000a5000000, 0x00000000a5000000, 0x00000000a5100000|  0%| F|  |TAMS 0x00000000a5000000| PB 0x00000000a5000000| Untracked |  0
|  37|0x00000000a5100000, 0x00000000a5100000, 0x00000000a5200000|  0%| F|  |TAMS 0x00000000a5100000| PB 0x00000000a5100000| Untracked |  0
|  38|0x00000000a5200000, 0x00000000a5200000, 0x00000000a5300000|  0%| F|  |TAMS 0x00000000a5200000| PB 0x00000000a5200000| Untracked |  0
|  39|0x00000000a5300000, 0x00000000a5300000, 0x00000000a5400000|  0%| F|  |TAMS 0x00000000a5300000| PB 0x00000000a5300000| Untracked |  0
|  40|0x00000000a5400000, 0x00000000a5400000, 0x00000000a5500000|  0%| F|  |TAMS 0x00000000a5400000| PB 0x00000000a5400000| Untracked |  0
|  41|0x00000000a5500000, 0x00000000a5500000, 0x00000000a5600000|  0%| F|  |TAMS 0x00000000a5500000| PB 0x00000000a5500000| Untracked |  0
|  42|0x00000000a5600000, 0x00000000a5600000, 0x00000000a5700000|  0%| F|  |TAMS 0x00000000a5600000| PB 0x00000000a5600000| Untracked |  0
|  43|0x00000000a5700000, 0x00000000a5700000, 0x00000000a5800000|  0%| F|  |TAMS 0x00000000a5700000| PB 0x00000000a5700000| Untracked |  0
|  44|0x00000000a5800000, 0x00000000a5800000, 0x00000000a5900000|  0%| F|  |TAMS 0x00000000a5800000| PB 0x00000000a5800000| Untracked |  0
|  45|0x00000000a5900000, 0x00000000a5900000, 0x00000000a5a00000|  0%| F|  |TAMS 0x00000000a5900000| PB 0x00000000a5900000| Untracked |  0
|  46|0x00000000a5a00000, 0x00000000a5a00000, 0x00000000a5b00000|  0%| F|  |TAMS 0x00000000a5a00000| PB 0x00000000a5a00000| Untracked |  0
|  47|0x00000000a5b00000, 0x00000000a5b00000, 0x00000000a5c00000|  0%| F|  |TAMS 0x00000000a5b00000| PB 0x00000000a5b00000| Untracked |  0
|  48|0x00000000a5c00000, 0x00000000a5c00000, 0x00000000a5d00000|  0%| F|  |TAMS 0x00000000a5c00000| PB 0x00000000a5c00000| Untracked |  0
|  49|0x00000000a5d00000, 0x00000000a5d00000, 0x00000000a5e00000|  0%| F|  |TAMS 0x00000000a5d00000| PB 0x00000000a5d00000| Untracked |  0
|  50|0x00000000a5e00000, 0x00000000a5e00000, 0x00000000a5f00000|  0%| F|  |TAMS 0x00000000a5e00000| PB 0x00000000a5e00000| Untracked |  0
|  51|0x00000000a5f00000, 0x00000000a5f00000, 0x00000000a6000000|  0%| F|  |TAMS 0x00000000a5f00000| PB 0x00000000a5f00000| Untracked |  0
|  52|0x00000000a6000000, 0x00000000a6000000, 0x00000000a6100000|  0%| F|  |TAMS 0x00000000a6000000| PB 0x00000000a6000000| Untracked |  0
|  53|0x00000000a6100000, 0x00000000a6100000, 0x00000000a6200000|  0%| F|  |TAMS 0x00000000a6100000| PB 0x00000000a6100000| Untracked |  0
|  54|0x00000000a6200000, 0x00000000a6300000, 0x00000000a6300000|100%| E|  |TAMS 0x00000000a6200000| PB 0x00000000a6200000| Complete |  0
|  55|0x00000000a6300000, 0x00000000a6400000, 0x00000000a6400000|100%| E|CS|TAMS 0x00000000a6300000| PB 0x00000000a6300000| Complete |  0
|  56|0x00000000a6400000, 0x00000000a6500000, 0x00000000a6500000|100%| E|CS|TAMS 0x00000000a6400000| PB 0x00000000a6400000| Complete |  0
|  57|0x00000000a6500000, 0x00000000a6600000, 0x00000000a6600000|100%| E|CS|TAMS 0x00000000a6500000| PB 0x00000000a6500000| Complete |  0
|  58|0x00000000a6600000, 0x00000000a6700000, 0x00000000a6700000|100%| E|CS|TAMS 0x00000000a6600000| PB 0x00000000a6600000| Complete |  0
|  59|0x00000000a6700000, 0x00000000a6800000, 0x00000000a6800000|100%| E|CS|TAMS 0x00000000a6700000| PB 0x00000000a6700000| Complete |  0
|  60|0x00000000a6800000, 0x00000000a6900000, 0x00000000a6900000|100%| E|CS|TAMS 0x00000000a6800000| PB 0x00000000a6800000| Complete |  0
|  61|0x00000000a6900000, 0x00000000a6a00000, 0x00000000a6a00000|100%| E|CS|TAMS 0x00000000a6900000| PB 0x00000000a6900000| Complete |  0
|  62|0x00000000a6a00000, 0x00000000a6b00000, 0x00000000a6b00000|100%| E|CS|TAMS 0x00000000a6a00000| PB 0x00000000a6a00000| Complete |  0
|  63|0x00000000a6b00000, 0x00000000a6c00000, 0x00000000a6c00000|100%| E|CS|TAMS 0x00000000a6b00000| PB 0x00000000a6b00000| Complete |  0
|  92|0x00000000a8800000, 0x00000000a8900000, 0x00000000a8900000|100%| E|CS|TAMS 0x00000000a8800000| PB 0x00000000a8800000| Complete |  0
|  93|0x00000000a8900000, 0x00000000a8a00000, 0x00000000a8a00000|100%| E|CS|TAMS 0x00000000a8900000| PB 0x00000000a8900000| Complete |  0
|1490|0x00000000ffe00000, 0x00000000fff00000, 0x00000000fff00000|100%| O|  |TAMS 0x00000000ffe00000| PB 0x00000000ffe00000| Untracked |  0
|1491|0x00000000fff00000, 0x0000000100000000, 0x0000000100000000|100%| O|  |TAMS 0x00000000fff00000| PB 0x00000000fff00000| Untracked |  0

Card table byte_map: [0x000001a3e05d0000,0x000001a3e08c0000] _byte_map_base: 0x000001a3e00ba000

Marking Bits: (CMBitMap*) 0x000001a3c8a6d4c0
 Bits: [0x000001a3e08c0000, 0x000001a3e2010000)

Polling page: 0x000001a3c81d0000

Metaspace:

Usage:
  Non-class:     56.73 MB used.
      Class:      8.93 MB used.
       Both:     65.66 MB used.

Virtual space:
  Non-class space:       64.00 MB reserved,      57.12 MB ( 89%) committed,  1 nodes.
      Class space:        1.00 GB reserved,       9.25 MB ( <1%) committed,  1 nodes.
             Both:        1.06 GB reserved,      66.38 MB (  6%) committed. 

Chunk freelists:
   Non-Class:  6.47 MB
       Class:  6.61 MB
        Both:  13.08 MB

MaxMetaspaceSize: unlimited
CompressedClassSpaceSize: 1.00 GB
Initial GC threshold: 21.00 MB
Current GC threshold: 98.06 MB
CDS: on
 - commit_granule_bytes: 65536.
 - commit_granule_words: 8192.
 - virtual_space_node_default_size: 8388608.
 - enlarge_chunks_in_place: 1.
 - use_allocation_guard: 0.


Internal statistics:

num_allocs_failed_limit: 11.
num_arena_births: 866.
num_arena_deaths: 0.
num_vsnodes_births: 2.
num_vsnodes_deaths: 0.
num_space_committed: 1062.
num_space_uncommitted: 0.
num_chunks_returned_to_freelist: 11.
num_chunks_taken_from_freelist: 3161.
num_chunk_merges: 11.
num_chunk_splits: 2270.
num_chunks_enlarged: 1750.
num_inconsistent_stats: 0.

CodeHeap 'non-profiled nmethods': size=120000Kb used=3842Kb max_used=3842Kb free=116157Kb
 bounds [0x000001a3d8a70000, 0x000001a3d8e40000, 0x000001a3dffa0000]
CodeHeap 'profiled nmethods': size=120000Kb used=12944Kb max_used=12944Kb free=107055Kb
 bounds [0x000001a3d0fa0000, 0x000001a3d1c50000, 0x000001a3d84d0000]
CodeHeap 'non-nmethods': size=5760Kb used=1736Kb max_used=1757Kb free=4024Kb
 bounds [0x000001a3d84d0000, 0x000001a3d8740000, 0x000001a3d8a70000]
 total_blobs=7727 nmethods=6974 adapters=654
 compilation: enabled
              stopped_count=0, restarted_count=0
 full_count=0

Compilation events (20 events):
Event: 26.529 Thread 0x000001a3e4a43490 7567       3       sun.reflect.generics.tree.MethodTypeSignature::<init> (26 bytes)
Event: 26.529 Thread 0x000001a3e4a43490 nmethod 7567 0x000001a3d1c0b190 code [0x000001a3d1c0b340, 0x000001a3d1c0b618]
Event: 26.529 Thread 0x000001a3e4a43490 7570       3       sun.invoke.util.VerifyType::isNullType (18 bytes)
Event: 26.529 Thread 0x000001a3e4a43490 nmethod 7570 0x000001a3d1c0b710 code [0x000001a3d1c0b8c0, 0x000001a3d1c0ba80]
Event: 26.529 Thread 0x000001a3e4a43490 7569       3       java.lang.invoke.BoundMethodHandle$Species_LLL::make (14 bytes)
Event: 26.529 Thread 0x000001a3e4a43490 nmethod 7569 0x000001a3d1c0bb10 code [0x000001a3d1c0bcc0, 0x000001a3d1c0bff0]
Event: 26.545 Thread 0x000001a3e4a43490 7571       3       org.springframework.data.util.Lazy::<init> (20 bytes)
Event: 26.545 Thread 0x000001a3e4a43490 nmethod 7571 0x000001a3d1c0c110 code [0x000001a3d1c0c2c0, 0x000001a3d1c0c4f0]
Event: 26.580 Thread 0x000001a3e4a43490 7572       3       org.springframework.core.convert.support.GenericConversionService$ConverterAdapter::<init> (41 bytes)
Event: 26.581 Thread 0x000001a3e4a43490 nmethod 7572 0x000001a3d1c0c590 code [0x000001a3d1c0c7c0, 0x000001a3d1c0d370]
Event: 26.581 Thread 0x000001a3e4a43490 7573       3       org.springframework.core.convert.support.GenericConversionService$ConverterAdapter::getConvertibleTypes (8 bytes)
Event: 26.581 Thread 0x000001a3e4a43490 nmethod 7573 0x000001a3d1c0d710 code [0x000001a3d1c0d8e0, 0x000001a3d1c0dc80]
Event: 26.582 Thread 0x000001a3e4a43490 7574       3       org.springframework.data.util.Lazy::<init> (8 bytes)
Event: 26.582 Thread 0x000001a3e4a43490 nmethod 7574 0x000001a3d1c0de10 code [0x000001a3d1c0dfc0, 0x000001a3d1c0e220]
Event: 26.582 Thread 0x000001a3e4a43490 7575       3       org.springframework.data.util.Lazy::of (9 bytes)
Event: 26.582 Thread 0x000001a3e4a43490 nmethod 7575 0x000001a3d1c0e310 code [0x000001a3d1c0e4c0, 0x000001a3d1c0e780]
Event: 26.669 Thread 0x000001a3e4a43490 7576       3       java.util.WeakHashMap::put (160 bytes)
Event: 26.670 Thread 0x000001a3e4a43490 nmethod 7576 0x000001a3d1c0e890 code [0x000001a3d1c0eb20, 0x000001a3d1c0fae0]
Event: 26.672 Thread 0x000001a3e4a43490 7577       3       org.hibernate.persister.entity.AbstractEntityPersister::getEntityName (8 bytes)
Event: 26.672 Thread 0x000001a3e4a43490 nmethod 7577 0x000001a3d1c10010 code [0x000001a3d1c101a0, 0x000001a3d1c102d0]

GC Heap History (20 events):
Event: 9.136 GC heap before
{Heap before GC invocations=4 (full 0):
 garbage-first heap   total reserved 1527808K, committed 48128K, used 46944K [0x00000000a2c00000, 0x0000000100000000)
  region size 1024K, 39 young (39936K), 6 survivors (6144K)
 Metaspace       used 25003K, committed 25344K, reserved 1114112K
  class space    used 3173K, committed 3328K, reserved 1048576K
}
Event: 9.153 GC heap after
{Heap after GC invocations=5 (full 0):
 garbage-first heap   total reserved 1527808K, committed 57344K, used 16786K [0x00000000a2c00000, 0x0000000100000000)
  region size 1024K, 7 young (7168K), 7 survivors (7168K)
 Metaspace       used 25003K, committed 25344K, reserved 1114112K
  class space    used 3173K, committed 3328K, reserved 1048576K
}
Event: 11.315 GC heap before
{Heap before GC invocations=5 (full 0):
 garbage-first heap   total reserved 1527808K, committed 57344K, used 43410K [0x00000000a2c00000, 0x0000000100000000)
  region size 1024K, 33 young (33792K), 7 survivors (7168K)
 Metaspace       used 28794K, committed 29184K, reserved 1114112K
  class space    used 3677K, committed 3840K, reserved 1048576K
}
Event: 11.330 GC heap after
{Heap after GC invocations=6 (full 0):
 garbage-first heap   total reserved 1527808K, committed 57344K, used 18734K [0x00000000a2c00000, 0x0000000100000000)
  region size 1024K, 3 young (3072K), 3 survivors (3072K)
 Metaspace       used 28794K, committed 29184K, reserved 1114112K
  class space    used 3677K, committed 3840K, reserved 1048576K
}
Event: 13.374 GC heap before
{Heap before GC invocations=6 (full 0):
 garbage-first heap   total reserved 1527808K, committed 57344K, used 45358K [0x00000000a2c00000, 0x0000000100000000)
  region size 1024K, 29 young (29696K), 3 survivors (3072K)
 Metaspace       used 33753K, committed 34304K, reserved 1114112K
  class space    used 4363K, committed 4608K, reserved 1048576K
}
Event: 13.387 GC heap after
{Heap after GC invocations=7 (full 0):
 garbage-first heap   total reserved 1527808K, committed 57344K, used 21504K [0x00000000a2c00000, 0x0000000100000000)
  region size 1024K, 4 young (4096K), 4 survivors (4096K)
 Metaspace       used 33753K, committed 34304K, reserved 1114112K
  class space    used 4363K, committed 4608K, reserved 1048576K
}
Event: 14.853 GC heap before
{Heap before GC invocations=7 (full 0):
 garbage-first heap   total reserved 1527808K, committed 57344K, used 34816K [0x00000000a2c00000, 0x0000000100000000)
  region size 1024K, 19 young (19456K), 4 survivors (4096K)
 Metaspace       used 35467K, committed 35968K, reserved 1114112K
  class space    used 4597K, committed 4800K, reserved 1048576K
}
Event: 14.894 GC heap after
{Heap after GC invocations=8 (full 0):
 garbage-first heap   total reserved 1527808K, committed 57344K, used 22857K [0x00000000a2c00000, 0x0000000100000000)
  region size 1024K, 1 young (1024K), 1 survivors (1024K)
 Metaspace       used 35467K, committed 35968K, reserved 1114112K
  class space    used 4597K, committed 4800K, reserved 1048576K
}
Event: 17.929 GC heap before
{Heap before GC invocations=9 (full 0):
 garbage-first heap   total reserved 1527808K, committed 57344K, used 48457K [0x00000000a2c00000, 0x0000000100000000)
  region size 1024K, 26 young (26624K), 1 survivors (1024K)
 Metaspace       used 41350K, committed 41856K, reserved 1114112K
  class space    used 5571K, committed 5824K, reserved 1048576K
}
Event: 17.936 GC heap after
{Heap after GC invocations=10 (full 0):
 garbage-first heap   total reserved 1527808K, committed 57344K, used 24347K [0x00000000a2c00000, 0x0000000100000000)
  region size 1024K, 3 young (3072K), 3 survivors (3072K)
 Metaspace       used 41350K, committed 41856K, reserved 1114112K
  class space    used 5571K, committed 5824K, reserved 1048576K
}
Event: 20.942 GC heap before
{Heap before GC invocations=10 (full 0):
 garbage-first heap   total reserved 1527808K, committed 57344K, used 47899K [0x00000000a2c00000, 0x0000000100000000)
  region size 1024K, 27 young (27648K), 3 survivors (3072K)
 Metaspace       used 51165K, committed 51648K, reserved 1114112K
  class space    used 6777K, committed 6976K, reserved 1048576K
}
Event: 20.951 GC heap after
{Heap after GC invocations=11 (full 0):
 garbage-first heap   total reserved 1527808K, committed 57344K, used 25795K [0x00000000a2c00000, 0x0000000100000000)
  region size 1024K, 4 young (4096K), 4 survivors (4096K)
 Metaspace       used 51165K, committed 51648K, reserved 1114112K
  class space    used 6777K, committed 6976K, reserved 1048576K
}
Event: 21.831 GC heap before
{Heap before GC invocations=11 (full 0):
 garbage-first heap   total reserved 1527808K, committed 57344K, used 47299K [0x00000000a2c00000, 0x0000000100000000)
  region size 1024K, 26 young (26624K), 4 survivors (4096K)
 Metaspace       used 54238K, committed 54848K, reserved 1114112K
  class space    used 7152K, committed 7424K, reserved 1048576K
}
Event: 21.840 GC heap after
{Heap after GC invocations=12 (full 0):
 garbage-first heap   total reserved 1527808K, committed 57344K, used 27160K [0x00000000a2c00000, 0x0000000100000000)
  region size 1024K, 2 young (2048K), 2 survivors (2048K)
 Metaspace       used 54238K, committed 54848K, reserved 1114112K
  class space    used 7152K, committed 7424K, reserved 1048576K
}
Event: 22.602 GC heap before
{Heap before GC invocations=12 (full 0):
 garbage-first heap   total reserved 1527808K, committed 57344K, used 43544K [0x00000000a2c00000, 0x0000000100000000)
  region size 1024K, 20 young (20480K), 2 survivors (2048K)
 Metaspace       used 59508K, committed 60096K, reserved 1114112K
  class space    used 8039K, committed 8320K, reserved 1048576K
}
Event: 22.608 GC heap after
{Heap after GC invocations=13 (full 0):
 garbage-first heap   total reserved 1527808K, committed 57344K, used 27953K [0x00000000a2c00000, 0x0000000100000000)
  region size 1024K, 3 young (3072K), 3 survivors (3072K)
 Metaspace       used 59508K, committed 60096K, reserved 1114112K
  class space    used 8039K, committed 8320K, reserved 1048576K
}
Event: 23.216 GC heap before
{Heap before GC invocations=14 (full 0):
 garbage-first heap   total reserved 1527808K, committed 57344K, used 49457K [0x00000000a2c00000, 0x0000000100000000)
  region size 1024K, 24 young (24576K), 3 survivors (3072K)
 Metaspace       used 60787K, committed 61440K, reserved 1114112K
  class space    used 8259K, committed 8576K, reserved 1048576K
}
Event: 23.222 GC heap after
{Heap after GC invocations=15 (full 0):
 garbage-first heap   total reserved 1527808K, committed 57344K, used 28551K [0x00000000a2c00000, 0x0000000100000000)
  region size 1024K, 2 young (2048K), 2 survivors (2048K)
 Metaspace       used 60787K, committed 61440K, reserved 1114112K
  class space    used 8259K, committed 8576K, reserved 1048576K
}
Event: 25.710 GC heap before
{Heap before GC invocations=15 (full 0):
 garbage-first heap   total reserved 1527808K, committed 57344K, used 49031K [0x00000000a2c00000, 0x0000000100000000)
  region size 1024K, 23 young (23552K), 2 survivors (2048K)
 Metaspace       used 65022K, committed 65664K, reserved 1114112K
  class space    used 8896K, committed 9216K, reserved 1048576K
}
Event: 25.717 GC heap after
{Heap after GC invocations=16 (full 0):
 garbage-first heap   total reserved 1527808K, committed 69632K, used 29362K [0x00000000a2c00000, 0x0000000100000000)
  region size 1024K, 3 young (3072K), 3 survivors (3072K)
 Metaspace       used 65022K, committed 65664K, reserved 1114112K
  class space    used 8896K, committed 9216K, reserved 1048576K
}

Dll operation events (12 events):
Event: 0.029 Loaded shared library C:\Users\hawad\.gradle\jdks\eclipse_adoptium-22-amd64-windows.2\bin\java.dll
Event: 0.155 Loaded shared library C:\Users\hawad\.gradle\jdks\eclipse_adoptium-22-amd64-windows.2\bin\jsvml.dll
Event: 0.324 Loaded shared library C:\Users\hawad\.gradle\jdks\eclipse_adoptium-22-amd64-windows.2\bin\net.dll
Event: 0.330 Loaded shared library C:\Users\hawad\.gradle\jdks\eclipse_adoptium-22-amd64-windows.2\bin\nio.dll
Event: 0.337 Loaded shared library C:\Users\hawad\.gradle\jdks\eclipse_adoptium-22-amd64-windows.2\bin\zip.dll
Event: 0.782 Loaded shared library C:\Users\hawad\.gradle\jdks\eclipse_adoptium-22-amd64-windows.2\bin\jimage.dll
Event: 5.442 Loaded shared library C:\Users\hawad\.gradle\jdks\eclipse_adoptium-22-amd64-windows.2\bin\le.dll
Event: 7.647 Loaded shared library C:\Users\hawad\.gradle\jdks\eclipse_adoptium-22-amd64-windows.2\bin\sunmscapi.dll
Event: 13.421 Loaded shared library C:\Users\hawad\.gradle\jdks\eclipse_adoptium-22-amd64-windows.2\bin\management.dll
Event: 13.448 Loaded shared library C:\Users\hawad\.gradle\jdks\eclipse_adoptium-22-amd64-windows.2\bin\management_ext.dll
Event: 17.200 Loaded shared library C:\Users\hawad\.gradle\jdks\eclipse_adoptium-22-amd64-windows.2\bin\verify.dll
Event: 18.178 Loaded shared library C:\Users\hawad\.gradle\jdks\eclipse_adoptium-22-amd64-windows.2\bin\extnet.dll

Deoptimization events (20 events):
Event: 26.446 Thread 0x000001a3c68980d0 Uncommon trap: trap_request=0xffffff45 fr.pc=0x000001a3d8dc4104 relative=0x0000000000000f64
Event: 26.446 Thread 0x000001a3c68980d0 Uncommon trap: reason=unstable_if action=reinterpret pc=0x000001a3d8dc4104 method=java.util.concurrent.ConcurrentHashMap.putVal(Ljava/lang/Object;Ljava/lang/Object;Z)Ljava/lang/Object; @ 401 c2
Event: 26.446 Thread 0x000001a3c68980d0 DEOPT PACKING pc=0x000001a3d8dc4104 sp=0x000000854abfb3d0
Event: 26.446 Thread 0x000001a3c68980d0 DEOPT UNPACKING pc=0x000001a3d85246a2 sp=0x000000854abfb370 mode 2
Event: 26.453 Thread 0x000001a3c68980d0 Uncommon trap: trap_request=0xffffff45 fr.pc=0x000001a3d8ae52c4 relative=0x0000000000000284
Event: 26.453 Thread 0x000001a3c68980d0 Uncommon trap: reason=unstable_if action=reinterpret pc=0x000001a3d8ae52c4 method=java.util.concurrent.ConcurrentHashMap.get(Ljava/lang/Object;)Ljava/lang/Object; @ 86 c2
Event: 26.453 Thread 0x000001a3c68980d0 DEOPT PACKING pc=0x000001a3d8ae52c4 sp=0x000000854abfb480
Event: 26.453 Thread 0x000001a3c68980d0 DEOPT UNPACKING pc=0x000001a3d85246a2 sp=0x000000854abfb3e8 mode 2
Event: 26.460 Thread 0x000001a3c68980d0 Uncommon trap: trap_request=0xfffffff4 fr.pc=0x000001a3d8bfc2f8 relative=0x0000000000002038
Event: 26.460 Thread 0x000001a3c68980d0 Uncommon trap: reason=null_check action=make_not_entrant pc=0x000001a3d8bfc2f8 method=java.lang.Class.getMethodsRecursive(Ljava/lang/String;[Ljava/lang/Class;ZZ)Ljava/lang/PublicMethods$MethodList; @ 27 c2
Event: 26.460 Thread 0x000001a3c68980d0 DEOPT PACKING pc=0x000001a3d8bfc2f8 sp=0x000000854abfb8a0
Event: 26.460 Thread 0x000001a3c68980d0 DEOPT UNPACKING pc=0x000001a3d85246a2 sp=0x000000854abfb880 mode 2
Event: 26.478 Thread 0x000001a3c68980d0 Uncommon trap: trap_request=0xffffff45 fr.pc=0x000001a3d8aeff40 relative=0x00000000000009a0
Event: 26.478 Thread 0x000001a3c68980d0 Uncommon trap: reason=unstable_if action=reinterpret pc=0x000001a3d8aeff40 method=java.util.WeakHashMap.put(Ljava/lang/Object;Ljava/lang/Object;)Ljava/lang/Object; @ 146 c2
Event: 26.478 Thread 0x000001a3c68980d0 DEOPT PACKING pc=0x000001a3d8aeff40 sp=0x000000854abfa8b0
Event: 26.478 Thread 0x000001a3c68980d0 DEOPT UNPACKING pc=0x000001a3d85246a2 sp=0x000000854abfa888 mode 2
Event: 26.529 Thread 0x000001a3c68980d0 Uncommon trap: trap_request=0xfffffff4 fr.pc=0x000001a3d8decbf0 relative=0x0000000000000330
Event: 26.529 Thread 0x000001a3c68980d0 Uncommon trap: reason=null_check action=make_not_entrant pc=0x000001a3d8decbf0 method=sun.invoke.util.VerifyType.isNullConversion(Ljava/lang/Class;Ljava/lang/Class;Z)Z @ 67 c2
Event: 26.529 Thread 0x000001a3c68980d0 DEOPT PACKING pc=0x000001a3d8decbf0 sp=0x000000854abfb790
Event: 26.529 Thread 0x000001a3c68980d0 DEOPT UNPACKING pc=0x000001a3d85246a2 sp=0x000000854abfb710 mode 2

Classes loaded (20 events):
Event: 21.470 Loading class java/util/concurrent/CompletableFuture$AltResult
Event: 21.471 Loading class java/util/concurrent/CompletableFuture$AltResult done
Event: 21.472 Loading class java/util/concurrent/CompletableFuture$Completion
Event: 21.473 Loading class java/util/concurrent/CompletableFuture$AsynchronousCompletionTask
Event: 21.473 Loading class java/util/concurrent/CompletableFuture$AsynchronousCompletionTask done
Event: 21.473 Loading class java/util/concurrent/CompletableFuture$Completion done
Event: 21.607 Loading class sun/reflect/annotation/TypeAnnotation$TypeAnnotationTargetInfo
Event: 21.608 Loading class sun/reflect/annotation/TypeAnnotation$TypeAnnotationTargetInfo done
Event: 21.821 Loading class java/util/concurrent/CancellationException
Event: 21.822 Loading class java/util/concurrent/CancellationException done
Event: 22.434 Loading class java/util/ArrayList$ListItr
Event: 22.435 Loading class java/util/ArrayList$ListItr done
Event: 22.621 Loading class java/util/AbstractList$SubList
Event: 22.621 Loading class java/util/AbstractList$SubList done
Event: 26.364 Loading class javax/naming/Reference
Event: 26.369 Loading class javax/naming/Reference done
Event: 26.446 Loading class java/util/concurrent/ConcurrentHashMap$TreeNode
Event: 26.450 Loading class java/util/concurrent/ConcurrentHashMap$TreeNode done
Event: 26.451 Loading class java/util/concurrent/ConcurrentHashMap$TreeBin
Event: 26.451 Loading class java/util/concurrent/ConcurrentHashMap$TreeBin done

Classes unloaded (0 events):
No events

Classes redefined (0 events):
No events

Internal exceptions (20 events):
Event: 23.546 Thread 0x000001a3c68980d0 Exception <a 'java/lang/NoSuchMethodError'{0x00000000a5c53998}: 'void java.lang.invoke.DirectMethodHandle$Holder.invokeSpecial(java.lang.Object, java.lang.Object, int, java.lang.Object)'> (0x00000000a5c53998) 
thrown [s\src\hotspot\share\interpreter\linkResolver.cpp, line 774]
Event: 23.547 Thread 0x000001a3c68980d0 Exception <a 'java/lang/NoSuchMethodError'{0x00000000a5c5a4f0}: 'java.lang.Object java.lang.invoke.DirectMethodHandle$Holder.newInvokeSpecial(java.lang.Object, java.lang.Object, int)'> (0x00000000a5c5a4f0) 
thrown [s\src\hotspot\share\interpreter\linkResolver.cpp, line 774]
Event: 23.623 Thread 0x000001a3c68980d0 Exception <a 'java/lang/NoSuchMethodError'{0x00000000a59b7d38}: 'int java.lang.invoke.DirectMethodHandle$Holder.invokeStatic(java.lang.Object, int, java.lang.Object)'> (0x00000000a59b7d38) 
thrown [s\src\hotspot\share\interpreter\linkResolver.cpp, line 774]
Event: 23.628 Thread 0x000001a3c68980d0 Exception <a 'java/lang/NoSuchMethodError'{0x00000000a59d3e08}: 'java.lang.Object java.lang.invoke.DirectMethodHandle$Holder.newInvokeSpecial(java.lang.Object, java.lang.Object, java.lang.Object, java.lang.Object, java.lang.Object, int, java.lang.Object)'> (0x00000000a59d3e08) 
thrown [s\src\hotspot\share\interpreter\linkResolver.cpp, line 774]
Event: 23.641 Thread 0x000001a3c68980d0 Exception <a 'java/lang/NoSuchMethodError'{0x00000000a580c118}: 'java.lang.Object java.lang.invoke.DirectMethodHandle$Holder.newInvokeSpecial(java.lang.Object, java.lang.Object, java.lang.Object, java.lang.Object, java.lang.Object, java.lang.Object, java.lang.Object, java.lang.Object, java.lang.Object, java.lang.Object, java.lang.Object, java.lang.Object)'> (0x00000000a580c118) 
thrown [s\src\hotspot\share\interpreter\linkResolver.cpp, line 774]
Event: 23.642 Thread 0x000001a3c68980d0 Exception <a 'java/lang/NoSuchMethodError'{0x00000000a58111d0}: 'java.lang.Object java.lang.invoke.DirectMethodHandle$Holder.invokeSpecial(java.lang.Object, java.lang.Object, java.lang.Object, java.lang.Object, java.lang.Object, java.lang.Object, java.lang.Object, java.lang.Object, java.lang.Object, java.lang.Object, java.lang.Object, java.lang.Object, java.lang.Object)'> (0x00000000a58111d0) 
thrown [s\src\hotspot\share\interpreter\linkResolver.cpp, line 774]
Event: 23.642 Thread 0x000001a3c68980d0 Exception <a 'java/lang/NoSuchMethodError'{0x00000000a5815eb8}: 'java.lang.Object java.lang.invoke.Invokers$Holder.linkToTargetMethod(java.lang.Object, java.lang.Object, java.lang.Object, java.lang.Object, java.lang.Object, java.lang.Object, java.lang.Object, java.lang.Object, java.lang.Object, java.lang.Object, java.lang.Object, java.lang.Object)'> (0x00000000a5815eb8) 
thrown [s\src\hotspot\share\interpreter\linkResolver.cpp, line 774]
Event: 23.753 Thread 0x000001a3c68980d0 Exception <a 'java/lang/NoSuchMethodError'{0x00000000a56b4310}: 'java.lang.Object java.lang.invoke.DirectMethodHandle$Holder.newInvokeSpecial(java.lang.Object, java.lang.Object, int, java.lang.Object, int, java.lang.Object, java.lang.Object)'> (0x00000000a56b4310) 
thrown [s\src\hotspot\share\interpreter\linkResolver.cpp, line 774]
Event: 23.766 Thread 0x000001a3c68980d0 Exception <a 'java/lang/NoSuchMethodError'{0x00000000a551e220}: 'java.lang.Object java.lang.invoke.DirectMethodHandle$Holder.newInvokeSpecial(java.lang.Object, java.lang.Object, java.lang.Object, java.lang.Object, java.lang.Object, java.lang.Object, java.lang.Object, int)'> (0x00000000a551e220) 
thrown [s\src\hotspot\share\interpreter\linkResolver.cpp, line 774]
Event: 23.766 Thread 0x000001a3c68980d0 Exception <a 'java/lang/NoSuchMethodError'{0x00000000a5522fc0}: 'java.lang.Object java.lang.invoke.DirectMethodHandle$Holder.invokeSpecial(java.lang.Object, java.lang.Object, java.lang.Object, java.lang.Object, java.lang.Object, java.lang.Object, java.lang.Object, java.lang.Object, int)'> (0x00000000a5522fc0) 
thrown [s\src\hotspot\share\interpreter\linkResolver.cpp, line 774]
Event: 23.767 Thread 0x000001a3c68980d0 Exception <a 'java/lang/NoSuchMethodError'{0x00000000a55277e8}: 'java.lang.Object java.lang.invoke.Invokers$Holder.linkToTargetMethod(java.lang.Object, java.lang.Object, java.lang.Object, java.lang.Object, java.lang.Object, java.lang.Object, int, java.lang.Object)'> (0x00000000a55277e8) 
thrown [s\src\hotspot\share\interpreter\linkResolver.cpp, line 774]
Event: 23.846 Thread 0x000001a3c68980d0 Exception <a 'java/lang/NoSuchMethodError'{0x00000000a5483608}: 'void java.lang.invoke.DirectMethodHandle$Holder.invokeInterface(java.lang.Object, java.lang.Object)'> (0x00000000a5483608) 
thrown [s\src\hotspot\share\interpreter\linkResolver.cpp, line 774]
Event: 24.395 Thread 0x000001a3c68980d0 Exception <a 'java/lang/NoSuchMethodError'{0x00000000a4e642d8}: 'java.lang.Object java.lang.invoke.DirectMethodHandle$Holder.invokeSpecial(java.lang.Object, java.lang.Object, int, java.lang.Object, int)'> (0x00000000a4e642d8) 
thrown [s\src\hotspot\share\interpreter\linkResolver.cpp, line 774]
Event: 26.377 Thread 0x000001a3c68980d0 Implicit null exception at 0x000001a3d8bf09b2 to 0x000001a3d8bf0ee0
Event: 26.377 Thread 0x000001a3c68980d0 Implicit null exception at 0x000001a3d8b5071a to 0x000001a3d8b50754
Event: 26.452 Thread 0x000001a3c68980d0 Exception <a 'java/lang/IncompatibleClassChangeError'{0x00000000a6aace38}: Found class java.lang.Object, but interface was expected> (0x00000000a6aace38) 
thrown [s\src\hotspot\share\interpreter\linkResolver.cpp, line 841]
Event: 26.460 Thread 0x000001a3c68980d0 Implicit null exception at 0x000001a3d8bfa5df to 0x000001a3d8bfc2e0
Event: 26.475 Thread 0x000001a3c68980d0 Exception <a 'java/lang/IncompatibleClassChangeError'{0x00000000a6927290}: Found class java.lang.Object, but interface was expected> (0x00000000a6927290) 
thrown [s\src\hotspot\share\interpreter\linkResolver.cpp, line 841]
Event: 26.529 Thread 0x000001a3c68980d0 Implicit null exception at 0x000001a3d8dec973 to 0x000001a3d8decbdc
Event: 26.562 Thread 0x000001a3c68980d0 Exception <a 'java/lang/IncompatibleClassChangeError'{0x00000000a689ea00}: Found class java.lang.Object, but interface was expected> (0x00000000a689ea00) 
thrown [s\src\hotspot\share\interpreter\linkResolver.cpp, line 841]

ZGC Phase Switch (0 events):
No events

VM Operations (20 events):
Event: 22.650 Executing VM operation: G1PauseCleanup
Event: 22.651 Executing VM operation: G1PauseCleanup done
Event: 22.745 Executing VM operation: HandshakeAllThreads (Deoptimize)
Event: 22.745 Executing VM operation: HandshakeAllThreads (Deoptimize) done
Event: 22.916 Executing VM operation: ICBufferFull
Event: 22.916 Executing VM operation: ICBufferFull done
Event: 23.088 Executing VM operation: ICBufferFull
Event: 23.088 Executing VM operation: ICBufferFull done
Event: 23.210 Executing VM operation: ICBufferFull
Event: 23.211 Executing VM operation: ICBufferFull done
Event: 23.216 Executing VM operation: G1CollectForAllocation (G1 Evacuation Pause)
Event: 23.222 Executing VM operation: G1CollectForAllocation (G1 Evacuation Pause) done
Event: 23.881 Executing VM operation: HandshakeAllThreads (Deoptimize)
Event: 23.881 Executing VM operation: HandshakeAllThreads (Deoptimize) done
Event: 24.026 Executing VM operation: HandshakeAllThreads (Deoptimize)
Event: 24.026 Executing VM operation: HandshakeAllThreads (Deoptimize) done
Event: 24.924 Executing VM operation: ICBufferFull
Event: 24.924 Executing VM operation: ICBufferFull done
Event: 25.710 Executing VM operation: G1CollectForAllocation (G1 Evacuation Pause)
Event: 25.717 Executing VM operation: G1CollectForAllocation (G1 Evacuation Pause) done

Memory protections (0 events):
No events

Nmethod flushes (20 events):
Event: 22.639 Thread 0x000001a3e4a08d50 flushing  nmethod 0x000001a3d172ac90
Event: 22.639 Thread 0x000001a3e4a08d50 flushing  nmethod 0x000001a3d172c090
Event: 22.639 Thread 0x000001a3e4a08d50 flushing  nmethod 0x000001a3d1730090
Event: 22.639 Thread 0x000001a3e4a08d50 flushing  nmethod 0x000001a3d17c3e10
Event: 22.639 Thread 0x000001a3e4a08d50 flushing  nmethod 0x000001a3d17c4e90
Event: 22.639 Thread 0x000001a3e4a08d50 flushing  nmethod 0x000001a3d17ca590
Event: 22.639 Thread 0x000001a3e4a08d50 flushing  nmethod 0x000001a3d17e0090
Event: 22.639 Thread 0x000001a3e4a08d50 flushing  nmethod 0x000001a3d17e5a90
Event: 22.639 Thread 0x000001a3e4a08d50 flushing  nmethod 0x000001a3d17f6490
Event: 22.639 Thread 0x000001a3e4a08d50 flushing  nmethod 0x000001a3d180a410
Event: 22.639 Thread 0x000001a3e4a08d50 flushing  nmethod 0x000001a3d181dd10
Event: 22.639 Thread 0x000001a3e4a08d50 flushing  nmethod 0x000001a3d182ad10
Event: 22.639 Thread 0x000001a3e4a08d50 flushing  nmethod 0x000001a3d182b310
Event: 22.639 Thread 0x000001a3e4a08d50 flushing  nmethod 0x000001a3d182b790
Event: 22.639 Thread 0x000001a3e4a08d50 flushing  nmethod 0x000001a3d1842e90
Event: 22.639 Thread 0x000001a3e4a08d50 flushing  nmethod 0x000001a3d1843190
Event: 22.639 Thread 0x000001a3e4a08d50 flushing  nmethod 0x000001a3d1843f10
Event: 22.639 Thread 0x000001a3e4a08d50 flushing  nmethod 0x000001a3d1844410
Event: 22.639 Thread 0x000001a3e4a08d50 flushing  nmethod 0x000001a3d1849990
Event: 22.639 Thread 0x000001a3e4a08d50 flushing  nmethod 0x000001a3d1853290

Events (20 events):
Event: 18.165 Thread 0x000001a3e4e6ea10 Thread exited: 0x000001a3e4e6ea10
Event: 18.513 Thread 0x000001a3e4a43490 Thread added: 0x000001a3e4e6ea10
Event: 18.513 Thread 0x000001a3e4a43490 Thread added: 0x000001a3e5b53550
Event: 18.995 Thread 0x000001a3e5b53550 Thread exited: 0x000001a3e5b53550
Event: 18.995 Thread 0x000001a3e4e6ea10 Thread exited: 0x000001a3e4e6ea10
Event: 19.074 Thread 0x000001a3e4a43490 Thread added: 0x000001a3e4e6ea10
Event: 19.648 Thread 0x000001a3e4e6ea10 Thread exited: 0x000001a3e4e6ea10
Event: 19.737 Thread 0x000001a3e4a43490 Thread added: 0x000001a3e4e6ea10
Event: 19.768 Thread 0x000001a3c68980d0 Thread added: 0x000001a3c5aec860
Event: 19.866 Thread 0x000001a3c68980d0 Thread added: 0x000001a3e6028fe0
Event: 19.872 Thread 0x000001a3e4e6ea10 Thread exited: 0x000001a3e4e6ea10
Event: 19.979 Thread 0x000001a3e6028fe0 Thread added: 0x000001a3e62c6b50
Event: 20.070 Thread 0x000001a3e4a43490 Thread added: 0x000001a3e6058b00
Event: 20.504 Thread 0x000001a3e4a43490 Thread added: 0x000001a3e716eed0
Event: 21.407 Thread 0x000001a3e716eed0 Thread exited: 0x000001a3e716eed0
Event: 21.935 Thread 0x000001a3e6058b00 Thread exited: 0x000001a3e6058b00
Event: 22.870 Thread 0x000001a3e4a42680 Thread added: 0x000001a3c5c85680
Event: 23.388 Thread 0x000001a3c5c85680 Thread exited: 0x000001a3c5c85680
Event: 26.377 Thread 0x000001a3e4a43490 Thread added: 0x000001a3c5c85680
Event: 26.377 Thread 0x000001a3e4a43490 Thread added: 0x000001a3c5c86af0


Dynamic libraries:
0x00007ff6ab5f0000 - 0x00007ff6ab5fe000 	C:\Users\hawad\.gradle\jdks\eclipse_adoptium-22-amd64-windows.2\bin\java.exe
0x00007ffed4ad0000 - 0x00007ffed4ce7000 	C:\Windows\SYSTEM32\ntdll.dll
0x00007ffed3700000 - 0x00007ffed37c4000 	C:\Windows\System32\KERNEL32.DLL
0x00007ffed2140000 - 0x00007ffed24fa000 	C:\Windows\System32\KERNELBASE.dll
0x00007ffed2020000 - 0x00007ffed2131000 	C:\Windows\System32\ucrtbase.dll
0x00007ffea8f50000 - 0x00007ffea8f6b000 	C:\Users\hawad\.gradle\jdks\eclipse_adoptium-22-amd64-windows.2\bin\VCRUNTIME140.dll
0x00007ffeac2a0000 - 0x00007ffeac2b7000 	C:\Users\hawad\.gradle\jdks\eclipse_adoptium-22-amd64-windows.2\bin\jli.dll
0x00007ffed4830000 - 0x00007ffed49de000 	C:\Windows\System32\USER32.dll
0x00007ffed2530000 - 0x00007ffed2556000 	C:\Windows\System32\win32u.dll
0x00007ffed3460000 - 0x00007ffed3489000 	C:\Windows\System32\GDI32.dll
0x00007ffeae940000 - 0x00007ffeaebd2000 	C:\Windows\WinSxS\amd64_microsoft.windows.common-controls_6595b64144ccf1df_6.0.22621.4541_none_2710d1c57384c085\COMCTL32.dll
0x00007ffed2560000 - 0x00007ffed267b000 	C:\Windows\System32\gdi32full.dll
0x00007ffed1d90000 - 0x00007ffed1e2a000 	C:\Windows\System32\msvcp_win.dll
0x00007ffed34a0000 - 0x00007ffed3547000 	C:\Windows\System32\msvcrt.dll
0x00007ffed3600000 - 0x00007ffed3631000 	C:\Windows\System32\IMM32.DLL
0x00007ffec0c80000 - 0x00007ffec0c8c000 	C:\Users\hawad\.gradle\jdks\eclipse_adoptium-22-amd64-windows.2\bin\vcruntime140_1.dll
0x00007ffea7f90000 - 0x00007ffea801e000 	C:\Users\hawad\.gradle\jdks\eclipse_adoptium-22-amd64-windows.2\bin\msvcp140.dll
0x00007ffe5ab00000 - 0x00007ffe5b8c3000 	C:\Users\hawad\.gradle\jdks\eclipse_adoptium-22-amd64-windows.2\bin\server\jvm.dll
0x00007ffed3640000 - 0x00007ffed36f2000 	C:\Windows\System32\ADVAPI32.dll
0x00007ffed2bc0000 - 0x00007ffed2c67000 	C:\Windows\System32\sechost.dll
0x00007ffed2500000 - 0x00007ffed2528000 	C:\Windows\System32\bcrypt.dll
0x00007ffed37d0000 - 0x00007ffed38e4000 	C:\Windows\System32\RPCRT4.dll
0x00007ffed28b0000 - 0x00007ffed2921000 	C:\Windows\System32\WS2_32.dll
0x00007ffecbce0000 - 0x00007ffecbd14000 	C:\Windows\SYSTEM32\WINMM.dll
0x00007ffed1a00000 - 0x00007ffed1a4d000 	C:\Windows\SYSTEM32\POWRPROF.dll
0x00007ffec7560000 - 0x00007ffec756a000 	C:\Windows\SYSTEM32\VERSION.dll
0x00007ffed1800000 - 0x00007ffed1813000 	C:\Windows\SYSTEM32\UMPDC.dll
0x00007ffed0dd0000 - 0x00007ffed0de8000 	C:\Windows\SYSTEM32\kernel.appcore.dll
0x00007ffeba180000 - 0x00007ffeba18a000 	C:\Users\hawad\.gradle\jdks\eclipse_adoptium-22-amd64-windows.2\bin\jimage.dll
0x00007ffecf8c0000 - 0x00007ffecfaf2000 	C:\Windows\SYSTEM32\DBGHELP.DLL
0x00007ffed2f90000 - 0x00007ffed3321000 	C:\Windows\System32\combase.dll
0x00007ffed27c0000 - 0x00007ffed2897000 	C:\Windows\System32\OLEAUT32.dll
0x00007ffeb9840000 - 0x00007ffeb9872000 	C:\Windows\SYSTEM32\dbgcore.DLL
0x00007ffed1e30000 - 0x00007ffed1eab000 	C:\Windows\System32\bcryptPrimitives.dll
0x00007ffea8a50000 - 0x00007ffea8a6e000 	C:\Users\hawad\.gradle\jdks\eclipse_adoptium-22-amd64-windows.2\bin\java.dll
0x00007ffed38f0000 - 0x00007ffed4169000 	C:\Windows\System32\SHELL32.dll
0x00007ffed4170000 - 0x00007ffed4315000 	C:\Windows\System32\ole32.dll
0x00007ffecfc90000 - 0x00007ffed0599000 	C:\Windows\SYSTEM32\windows.storage.dll
0x00007ffecfb50000 - 0x00007ffecfc8f000 	C:\Windows\SYSTEM32\wintypes.dll
0x00007ffed2d00000 - 0x00007ffed2dfa000 	C:\Windows\System32\SHCORE.dll
0x00007ffed4a30000 - 0x00007ffed4a8e000 	C:\Windows\System32\shlwapi.dll
0x00007ffed1cc0000 - 0x00007ffed1ceb000 	C:\Windows\SYSTEM32\profapi.dll
0x00007ffe83e00000 - 0x00007ffe83ed7000 	C:\Users\hawad\.gradle\jdks\eclipse_adoptium-22-amd64-windows.2\bin\jsvml.dll
0x00007ffeb24a0000 - 0x00007ffeb24b0000 	C:\Users\hawad\.gradle\jdks\eclipse_adoptium-22-amd64-windows.2\bin\net.dll
0x00007ffed1250000 - 0x00007ffed12b9000 	C:\Windows\system32\mswsock.dll
0x00007ffea8700000 - 0x00007ffea8716000 	C:\Users\hawad\.gradle\jdks\eclipse_adoptium-22-amd64-windows.2\bin\nio.dll
0x00007ffea8820000 - 0x00007ffea8837000 	C:\Users\hawad\.gradle\jdks\eclipse_adoptium-22-amd64-windows.2\bin\zip.dll
0x00007ffea8df0000 - 0x00007ffea8dfb000 	C:\Users\hawad\.gradle\jdks\eclipse_adoptium-22-amd64-windows.2\bin\le.dll
0x00007ffeabfd0000 - 0x00007ffeabfde000 	C:\Users\hawad\.gradle\jdks\eclipse_adoptium-22-amd64-windows.2\bin\sunmscapi.dll
0x00007ffed1eb0000 - 0x00007ffed2016000 	C:\Windows\System32\CRYPT32.dll
0x00007ffed16d0000 - 0x00007ffed16fd000 	C:\Windows\SYSTEM32\ncrypt.dll
0x00007ffed1690000 - 0x00007ffed16c7000 	C:\Windows\SYSTEM32\NTASN1.dll
0x00007ffed14a0000 - 0x00007ffed14bb000 	C:\Windows\SYSTEM32\CRYPTSP.dll
0x00007ffed0d30000 - 0x00007ffed0d65000 	C:\Windows\system32\rsaenh.dll
0x00007ffed1340000 - 0x00007ffed1368000 	C:\Windows\SYSTEM32\USERENV.dll
0x00007ffed14c0000 - 0x00007ffed14cc000 	C:\Windows\SYSTEM32\CRYPTBASE.dll
0x00007ffed0840000 - 0x00007ffed086d000 	C:\Windows\SYSTEM32\IPHLPAPI.DLL
0x00007ffed3450000 - 0x00007ffed3459000 	C:\Windows\System32\NSI.dll
0x00007ffeadac0000 - 0x00007ffeadaca000 	C:\Users\hawad\.gradle\jdks\eclipse_adoptium-22-amd64-windows.2\bin\management.dll
0x00007ffeacd00000 - 0x00007ffeacd0b000 	C:\Users\hawad\.gradle\jdks\eclipse_adoptium-22-amd64-windows.2\bin\management_ext.dll
0x00007ffed2c70000 - 0x00007ffed2c78000 	C:\Windows\System32\PSAPI.DLL
0x00007ffeaba50000 - 0x00007ffeaba60000 	C:\Users\hawad\.gradle\jdks\eclipse_adoptium-22-amd64-windows.2\bin\verify.dll
0x00007ffed08c0000 - 0x00007ffed09c2000 	C:\Windows\SYSTEM32\DNSAPI.dll
0x00007ffecc180000 - 0x00007ffecc18a000 	C:\Windows\System32\rasadhlp.dll
0x00007ffecb950000 - 0x00007ffecb9d3000 	C:\Windows\System32\fwpuclnt.dll
0x00007ffeacd90000 - 0x00007ffeacd99000 	C:\Users\hawad\.gradle\jdks\eclipse_adoptium-22-amd64-windows.2\bin\extnet.dll

dbghelp: loaded successfully - version: 4.0.5 - missing functions: none
symbol engine: initialized successfully - sym options: 0x614 - pdb path: .;C:\Users\hawad\.gradle\jdks\eclipse_adoptium-22-amd64-windows.2\bin;C:\Windows\SYSTEM32;C:\Windows\WinSxS\amd64_microsoft.windows.common-controls_6595b64144ccf1df_6.0.22621.4541_none_2710d1c57384c085;C:\Users\hawad\.gradle\jdks\eclipse_adoptium-22-amd64-windows.2\bin\server

VM Arguments:
jvm_args: -Dfile.encoding=UTF-8 -Duser.country=FR -Duser.language=fr -Duser.variant 
java_command: fr.parisnanterre.noah.TravelCarryApplication
java_class_path (initial): C:\Users\hawad\Documents\devops-noah\Backend\app\build\classes\java\main;C:\Users\hawad\Documents\devops-noah\Backend\app\build\resources\main;C:\Users\hawad\.gradle\caches\modules-2\files-2.1\org.springframework.boot\spring-boot-starter-security\3.3.3\80c76e69884e061f0197275005d45dd1648e25c2\spring-boot-starter-security-3.3.3.jar;C:\Users\hawad\.gradle\caches\modules-2\files-2.1\org.springframework.boot\spring-boot-starter-web\3.3.3\f19325fefd33dc920c0f68547a798ed731a8c70c\spring-boot-starter-web-3.3.3.jar;C:\Users\hawad\.gradle\caches\modules-2\files-2.1\org.springframework.boot\spring-boot-starter-validation\3.3.3\9a585e4c45168f6c37812ab47df3abf869c9c289\spring-boot-starter-validation-3.3.3.jar;C:\Users\hawad\.gradle\caches\modules-2\files-2.1\io.jsonwebtoken\jjwt-impl\0.11.5\40a599f0e8a8e4e0701596fbb15e67bfda64fdf0\jjwt-impl-0.11.5.jar;C:\Users\hawad\.gradle\caches\modules-2\files-2.1\io.jsonwebtoken\jjwt-jackson\0.11.5\3b83a06809e98a69402d7333dcf67df6f6ea4579\jjwt-jackson-0.11.5.jar;C:\Users\hawad\.gradle\caches\modules-2\files-2.1\io.jsonwebtoken\jjwt-api\0.11.5\f742940045619d06383e7df37b21ac422b476cf1\jjwt-api-0.11.5.jar;C:\Users\hawad\.gradle\caches\modules-2\files-2.1\org.springframework.boot\spring-boot-starter-json\3.3.3\3dde3b6089f772a77763020cc97a219307a8f39f\spring-boot-starter-json-3.3.3.jar;C:\Users\hawad\.gradle\caches\modules-2\files-2.1\org.springdoc\springdoc-openapi-starter-webmvc-ui\2.6.0\2dddebb56441dbaa1009c4de434a83c65596f6ad\springdoc-openapi-starter-webmvc-ui-2.6.0.jar;C:\Users\hawad\.gradle\caches\modules-2\files-2.1\org.springdoc\springdoc-openapi-starter-webmvc-api\2.6.0\d235c2989247641e5dfe764d7add3a11e4d54a5f\springdoc-openapi-starter-webmvc-api-2.6.0.jar;C:\Users\hawad\.gradle\caches\modules-2\files-2.1\org.springdoc\springdoc-openapi-starter-common\2.6.0\c8cf5fbd1f9e4c410d67f1de27dfc3529de13620\springdoc-openapi-starter-common-2.6.0.jar;C:\Users\hawad\.gradle\caches\modules-2\files-2.1\io.swagger.core.v3\swagger-core-jakarta\2.2.22\9ed5daaaa1c94c9a6b56c058c9d1b3190044a2e2\swagger-core-jakarta-2.2.22.jar;C:\Users\hawad\.gradle\caches\modules-2\files-2.1\com.fasterxml.jackson.datatype\jackson-datatype-jsr310\2.17.2\267b85e9ba2892a37be6d80aa9ca1438a0d8c210\jackson-datatype-jsr310-2.17.2.jar;C:\Users\hawad\.gradle\caches\modules-2\files-2.1\io.swagger.core.v3\swagger-models-jakarta\2.2.22\bc2809b2efa1f7b062bc9668304a84b198fececd\swagger-models-jakarta-2.2.22.jar;C:\Users\hawad\.gradle\caches\modules-2\files-2.1\com.fasterxml.jackson.core\jackson-annotations\2.17.2\147b7b9412ffff24339f8aba080b292448e08698\jackson-annotations-2.17.2.jar;C:\Users\hawad\.gradle\caches\modules-2\files-2.1\com.fasterxml.jackson.datatype\jackson-datatype-jdk8\2.17.2\efd3dd0e1d0db8bc72abbe71c15e697bb83b4b45\jackson-datatype-jdk8-2.17.2.jar;C:\Users\hawad\.gradle\caches\modules-2\files-2.1\com.fasterxml.jackson.module\jackson-module-parameter-names\2.17.2\d27b9f95ccce98984c1ba58d61c5a9c072b1ad95\jackson-module-parameter-names-2.17.2.jar;C:\Users\hawad\.gradle\caches\modules-2\files-2.1\com.fasterxml.jackson.dataformat\jackson-dataformat-yaml\2.17.2\78d2c73dbec62044d7cf3b544b2e0d24a1a093b0\jackson-dataformat-yaml-2.17.2.jar;C:\Users\hawad\.gradle\caches\modules-2\files-2.1\com.fasterxml.jackson.core\jackson-core\2.17.2\969a35cb35c86512acbadcdbbbfb044c877db814\jackson-core-2.17.2.jar;C:\Users\hawad\.gradle\caches\modules-2\files-2.1\com.fasterxml.jackson.core\jackson-databind\2.17.2\e6deb029e5901e027c129341fac39e515066b68c\jackson-databind-2.17.2.jar;C:\Users\hawad\.gradle\caches\modules-2\files-2.1\org.springframework.security\spring-security-jwt\1.1.1.RELEASE\32a64cdbe06b8aa8fe98e59689cf0c377725868b\spring-security-jwt-1.1.1.RELEASE.jar;C:\Users\hawad\.gradle\caches\modules-2\files-2.1\org.springframework.boot\spring-boot-starter-data-jpa\3.3.3\7eeb176d6130f7aa83405fe2985fe7cadc11ebc5\spring-boot-starter-data-jpa-3.3.3.jar;C:\Users\hawad\.gradle\caches\modules-2\files-2.1\org.postgresql\postgresql\42.7.4\264310fd7b2cd76738787dc0b9f7ea2e3b11adc1\postgresql-42.7.4.jar;C:\Users\hawad\.gradle\caches\modules-2\files-2.1\org.json\json\20210307\528c8df3757e8bcf151817b1d7b9b434f6aa08d5\json-20210307.jar;C:\Users\hawad\.gradle\caches\modules-2\files-2.1\org.springframework.boot\spring-boot-starter-aop\3.3.3\f64c22484c1ab36ae70abc752509ec4c7b1abcfc\spring-boot-starter-aop-3.3.3.jar;C:\Users\hawad\.gradle\caches\modules-2\files-2.1\org.springframework.boot\spring-boot-starter-jdbc\3.3.3\c97a56c12c79d1ce419a306ddee4ccb89b7d3728\spring-boot-starter-jdbc-3.3.3.jar;C:\Users\hawad\.gradle\caches\modules-2\files-2.1\org.springframework.boot\spring-boot-starter\3.3.3\174d6cb1c59036a01756d6bf4d8945325f94155f\spring-boot-starter-3.3.3.jar;C:\Users\hawad\.gradle\caches\modules-2\files-2.1\org.springframework.security\spring-security-config\6.3.3\57b2c01e0a9e12b4418668ebc369e39b648e61bb\spring-security-config-6.3.3.jar;C:\Users\hawad\.gradle\caches\modules-2\files-2.1\org.springframework.security\spring-security-web\6.3.3\54455b90899cd803e92b020124e859a859f63ee0\spring-security-web-6.3.3.jar;C:\Users\hawad\.gradle\caches\modules-2\files-2.1\org.springframework\spring-webmvc\6.1.12\86bb0c203d68adb4b2675765f5a372f4c5254b2d\spring-webmvc-6.1.12.jar;C:\Users\hawad\.gradle\caches\modules-2\files-2.1\org.springframework.data\spring-data-jpa\3.3.3\9b89dbd19eee24c4dc4df12564efc603c614aa91\spring-data-jpa-3.3.3.jar;C:\Users\hawad\.gradle\caches\modules-2\files-2.1\org.springframework.security\spring-security-core\6.3.3\2bf159e3db212d61408a2f728d6d7252dfaf4710\spring-security-core-6.3.3.jar;C:\Users\hawad\.gradle\caches\modules-2\files-2.1\org.springframework.boot\spring-boot-autoconfigure\3.3.3\4445f0bbf838c1e3aeb5a83bf2367fbd1013237f\spring-boot-autoconfigure-3.3.3.jar;C:\Users\hawad\.gradle\caches\modules-2\files-2.1\org.springframework.boot\spring-boot\3.3.3\f34dba93611823e521800a47043267715184911b\spring-boot-3.3.3.jar;C:\Users\hawad\.gradle\caches\modules-2\files-2.1\org.springframework\spring-context\6.1.12\e69d476d1334935529a61f403749c6b8593e3272\spring-context-6.1.12.jar;C:\Users\hawad\.gradle\caches\modules-2\files-2.1\org.springframework\spring-aop\6.1.12\5fce5ff02455fad179fc0ea05435dfb79bbeaa66\spring-aop-6.1.12.jar;C:\Users\hawad\.gradle\caches\modules-2\files-2.1\org.springframework.boot\spring-boot-starter-tomcat\3.3.3\8ca660b0ecba2f0ff8ce27603fe89953dc4ec18d\spring-boot-starter-tomcat-3.3.3.jar;C:\Users\hawad\.gradle\caches\modules-2\files-2.1\org.springframework\spring-web\6.1.12\b60e69b3ec87f8e001537a0fa7e3e2732dfafa7e\spring-web-6.1.12.jar;C:\Users\hawad\.gradle\caches\modules-2\files-2.1\org.apache.tomcat.embed\tomcat-embed-el\10.1.28\3220f687c5ffc8650559f08ecac5b149838627b3\tomcat-embed-el-10.1.28.jar;C:\Users\hawad\.gradle\caches\modules-2\files-2.1\org.hibernate.validator\hibernate-validator\8.0.1.Final\e49e116b3d3928060599b176b3538bb848718e95\hibernate-validator-8.0.1.Final.jar;C:\Users\hawad\.gradle\caches\modules-2\files-2.1\org.bouncycastle\bcpkix-jdk15on\1.64\3dac163e20110817d850d17e0444852a6d7d0bd7\bcpkix-jdk15on-1.64.jar;C:\Users\hawad\.gradle\caches\modules-2\files-2.1\org.webjars\swagger-ui\5.17.14\7c746d197424eb721b4e08fcaa9e85231662d81f\swagger-ui-5.17.14.jar;C:\Users\hawad\.gradle\caches\modules-2\files-2.1\org.hibernate.orm\hibernate-core\6.5.2.Final\e9e0cc47f6cd2b2553968aee66bd9e55e7485221\hibernate-core-6.5.2.Final.jar;C:\Users\hawad\.gradle\caches\modules-2\files-2.1\org.springframework\spring-aspects\6.1.12\b72435b5813755a894531e2cf1565eff1b313574\spring-aspects-6.1.12.jar;C:\Users\hawad\.gradle\caches\modules-2\files-2.1\org.checkerframework\checker-qual\3.42.0\638ec33f363a94d41a4f03c3e7d3dcfba64e402d\checker-qual-3.42.0.jar;C:\Users\hawad\.gradle\caches\modules-2\files-2.1\org.springframework.boot\spring-boot-starter-logging\3.3.3\43d07b2e6bbb628c7fc5df103d35ee2eb091522\spring-boot-starter-logging-3.3.3.jar;C:\Users\hawad\.gradle\caches\modules-2\files-2.1\jakarta.annotation\jakarta.annotation-api\2.1.1\48b9bda22b091b1f48b13af03fe36db3be6e1ae3\jakarta.annotation-api-2.1.1.jar;C:\Users\hawad\.gradle\caches\modules-2\files-2.1\org.springframework\spring-orm\6.1.12\9df98d9ebdfcf5359dbda945de515d8af2cabe89\spring-orm-6.1.12.jar;C:\Users\hawad\.gradle\caches\modules-2\files-2.1\org.springframework\spring-jdbc\6.1.12\feb177a07e109f633c3fb1892d22a2867d0b2284\spring-jdbc-6.1.12.jar;C:\Users\hawad\.gradle\caches\modules-2\files-2.1\org.springframework.data\spring-data-commons\3.3.3\89ab77494e1e56b058001354265e381a0a2868e6\spring-data-commons-3.3.3.jar;C:\Users\hawad\.gradle\caches\modules-2\files-2.1\org.springframework\spring-tx\6.1.12\c47885e494845584e08407b611031ea2bcef0ef7\spring-tx-6.1.12.jar;C:\Users\hawad\.gradle\caches\modules-2\files-2.1\org.springframework\spring-beans\6.1.12\f0344fa934f114a15f02c2b1a199189ec12b7eb5\spring-beans-6.1.12.jar;C:\Users\hawad\.gradle\caches\modules-2\files-2.1\org.springframework\spring-expression\6.1.12\644bbc2e65eb40feb7284b8570d7a7eb8b1fe8df\spring-expression-6.1.12.jar;C:\Users\hawad\.gradle\caches\modules-2\files-2.1\org.springframework\spring-core\6.1.12\5f4162fb645c4f72b57b21d721fce9f26edb9bb9\spring-core-6.1.12.jar;C:\Users\hawad\.gradle\caches\modules-2\files-2.1\org.yaml\snakeyaml\2.2\3af797a25458550a16bf89acc8e4ab2b7f2bfce0\snakeyaml-2.2.jar;C:\Users\hawad\.gradle\caches\modules-2\files-2.1\org.apache.tomcat.embed\tomcat-embed-websocket\10.1.28\1a5ee88106795215e8a7b6cfea46e57cdfc96430\tomcat-embed-websocket-10.1.28.jar;C:\Users\hawad\.gradle\caches\modules-2\files-2.1\org.apache.tomcat.embed\tomcat-embed-core\10.1.28\624f53789b7ba96bc3c8e871fb5eed4cab5a7c89\tomcat-embed-core-10.1.28.jar;C:\Users\hawad\.gradle\caches\modules-2\files-2.1\io.micrometer\micrometer-observation\1.13.3\99840eb14ecf95d349f39123c867c2ca33808d\micrometer-observation-1.13.3.jar;C:\Users\hawad\.gradle\caches\modules-2\files-2.1\jakarta.validation\jakarta.validation-api\3.0.2\92b6631659ba35ca09e44874d3eb936edfeee532\jakarta.validation-api-3.0.2.jar;C:\Users\hawad\.gradle\caches\modules-2\files-2.1\org.jboss.logging\jboss-logging\3.5.3.Final\c88fc1d8a96d4c3491f55d4317458ccad53ca663\jboss-logging-3.5.3.Final.jar;C:\Users\hawad\.gradle\caches\modules-2\files-2.1\com.fasterxml\classmate\1.7.0\e98374da1f2143ac8e6e0a95036994bb19137a3\classmate-1.7.0.jar;C:\Users\hawad\.gradle\caches\modules-2\files-2.1\org.bouncycastle\bcprov-jdk15on\1.64\1467dac1b787b5ad2a18201c0c281df69882259e\bcprov-jdk15on-1.64.jar;C:\Users\hawad\.gradle\caches\modules-2\files-2.1\org.aspectj\aspectjweaver\1.9.22.1\bca243d0af0db4758fbae45c5f4995cb5dabb612\aspectjweaver-1.9.22.1.jar;C:\Users\hawad\.gradle\caches\modules-2\files-2.1\com.zaxxer\HikariCP\5.1.0\8c96e36c14461fc436bb02b264b96ef3ca5dca8c\HikariCP-5.1.0.jar;C:\Users\hawad\.gradle\caches\modules-2\files-2.1\jakarta.persistence\jakarta.persistence-api\3.1.0\66901fa1c373c6aff65c13791cc11da72060a8d6\jakarta.persistence-api-3.1.0.jar;C:\Users\hawad\.gradle\caches\modules-2\files-2.1\jakarta.transaction\jakarta.transaction-api\2.0.1\51a520e3fae406abb84e2e1148e6746ce3f80a1a\jakarta.transaction-api-2.0.1.jar;C:\Users\hawad\.gradle\caches\modules-2\files-2.1\org.hibernate.common\hibernate-commons-annotations\6.0.6.Final\77a5f94b56d49508e0ee334751db5b78e5ccd50c\hibernate-commons-annotations-6.0.6.Final.jar;C:\Users\hawad\.gradle\caches\modules-2\files-2.1\io.smallrye\jandex\3.1.2\a6c1c89925c7df06242b03dddb353116ceb9584c\jandex-3.1.2.jar;C:\Users\hawad\.gradle\caches\modules-2\files-2.1\net.bytebuddy\byte-buddy\1.14.19\4c0c637b8f47dc08f89240e6f59900011752c97b\byte-buddy-1.14.19.jar;C:\Users\hawad\.gradle\caches\modules-2\files-2.1\org.glassfish.jaxb\jaxb-runtime\4.0.5\ca84c2a7169b5293e232b9d00d1e4e36d4c3914a\jaxb-runtime-4.0.5.jar;C:\Users\hawad\.gradle\caches\modules-2\files-2.1\org.glassfish.jaxb\jaxb-core\4.0.5\7b4b11ea5542eea4ad55e1080b23be436795b3\jaxb-core-4.0.5.jar;C:\Users\hawad\.gradle\caches\modules-2\files-2.1\jakarta.xml.bind\jakarta.xml.bind-api\4.0.2\6cd5a999b834b63238005b7144136379dc36cad2\jakarta.xml.bind-api-4.0.2.jar;C:\Users\hawad\.gradle\caches\modules-2\files-2.1\jakarta.inject\jakarta.inject-api\2.0.1\4c28afe1991a941d7702fe1362c365f0a8641d1e\jakarta.inject-api-2.0.1.jar;C:\Users\hawad\.gradle\caches\modules-2\files-2.1\org.antlr\antlr4-runtime\4.13.0\5a02e48521624faaf5ff4d99afc88b01686af655\antlr4-runtime-4.13.0.jar;C:\Users\hawad\.gradle\caches\modules-2\files-2.1\ch.qos.logback\logback-classic\1.5.7\ad4ff8ca015737ade8e8a9de07de565c423e5b7a\logback-classic-1.5.7.jar;C:\Users\hawad\.gradle\caches\modules-2\files-2.1\org.apache.logging.log4j\log4j-to-slf4j\2.23.1\425ad1eb8a39904d2830e907a324e956fb456520\log4j-to-slf4j-2.23.1.jar;C:\Users\hawad\.gradle\caches\modules-2\files-2.1\org.slf4j\jul-to-slf4j\2.0.16\6d57da3e961daac65bcca0dd3def6cd11e48a24a\jul-to-slf4j-2.0.16.jar;C:\Users\hawad\.gradle\caches\modules-2\files-2.1\org.slf4j\slf4j-api\2.0.16\172931663a09a1fa515567af5fbef00897d3c04\slf4j-api-2.0.16.jar;C:\Users\hawad\.gradle\caches\modules-2\files-2.1\org.springframework\spring-jcl\6.1.12\f46d6016fd1dd3801a0e6fcd64789ac468254944\spring-jcl-6.1.12.jar;C:\Users\hawad\.gradle\caches\modules-2\files-2.1\org.springframework.security\spring-security-crypto\6.3.3\a44e901cd1cfa1d6c20d30b69b83499e12e607a1\spring-security-crypto-6.3.3.jar;C:\Users\hawad\.gradle\caches\modules-2\files-2.1\io.micrometer\micrometer-commons\1.13.3\47b6b093cd6ba80c9da8d973ea79c7ef69a878d5\micrometer-commons-1.13.3.jar;C:\Users\hawad\.gradle\caches\modules-2\files-2.1\org.eclipse.angus\angus-activation\2.0.2\41f1e0ddd157c856926ed149ab837d110955a9fc\angus-activation-2.0.2.jar;C:\Users\hawad\.gradle\caches\modules-2\files-2.1\jakarta.activation\jakarta.activation-api\2.1.3\fa165bd70cda600368eee31555222776a46b881f\jakarta.activation-api-2.1.3.jar;C:\Users\hawad\.gradle\caches\modules-2\files-2.1\ch.qos.logback\logback-core\1.5.7\ba0d0cbac3f21abd28faed3b4931d5b49cc5887e\logback-core-1.5.7.jar;C:\Users\hawad\.gradle\caches\modules-2\files-2.1\org.apache.logging.log4j\log4j-api\2.23.1\9c15c29c526d9c6783049c0a77722693c66706e1\log4j-api-2.23.1.jar;C:\Users\hawad\.gradle\caches\modules-2\files-2.1\org.apache.commons\commons-lang3\3.14.0\1ed471194b02f2c6cb734a0cd6f6f107c673afae\commons-lang3-3.14.0.jar;C:\Users\hawad\.gradle\caches\modules-2\files-2.1\io.swagger.core.v3\swagger-annotations-jakarta\2.2.22\1efc0b0af32fce629f0786062c89e8b117abe120\swagger-annotations-jakarta-2.2.22.jar;C:\Users\hawad\.gradle\caches\modules-2\files-2.1\org.glassfish.jaxb\txw2\4.0.5\f36a4ef12120a9bb06d766d6a0e54b144fd7ed98\txw2-4.0.5.jar;C:\Users\hawad\.gradle\caches\modules-2\files-2.1\com.sun.istack\istack-commons-runtime\4.1.2\18ec117c85f3ba0ac65409136afa8e42bc74e739\istack-commons-runtime-4.1.2.jar
Launcher Type: SUN_STANDARD

[Global flags]
     intx CICompilerCount                          = 4                                         {product} {ergonomic}
     uint ConcGCThreads                            = 2                                         {product} {ergonomic}
     uint G1ConcRefinementThreads                  = 8                                         {product} {ergonomic}
   size_t G1HeapRegionSize                         = 1048576                                   {product} {ergonomic}
   size_t InitialHeapSize                          = 98566144                                  {product} {ergonomic}
   size_t MarkStackSize                            = 4194304                                   {product} {ergonomic}
   size_t MaxHeapSize                              = 1564475392                                {product} {ergonomic}
   size_t MaxNewSize                               = 938475520                                 {product} {ergonomic}
   size_t MinHeapDeltaBytes                        = 1048576                                   {product} {ergonomic}
   size_t MinHeapSize                              = 8388608                                   {product} {ergonomic}
    uintx NonNMethodCodeHeapSize                   = 5839372                                {pd product} {ergonomic}
    uintx NonProfiledCodeHeapSize                  = 122909434                              {pd product} {ergonomic}
    uintx ProfiledCodeHeapSize                     = 122909434                              {pd product} {ergonomic}
    uintx ReservedCodeCacheSize                    = 251658240                              {pd product} {ergonomic}
     bool SegmentedCodeCache                       = true                                      {product} {ergonomic}
   size_t SoftMaxHeapSize                          = 1564475392                             {manageable} {ergonomic}
     bool UseCompressedOops                        = true                           {product lp64_product} {ergonomic}
     bool UseG1GC                                  = true                                      {product} {ergonomic}
     bool UseLargePagesIndividualAllocation        = false                                  {pd product} {ergonomic}

Logging:
Log output configuration:
 #0: stdout all=warning uptime,level,tags foldmultilines=false
 #1: stderr all=off uptime,level,tags foldmultilines=false

Environment Variables:
CLASSPATH=C:\Users\hawad\Downloads\gradle-8.8-all\gradle-8.8\lib\gradle-launcher-8.8.jar
PATH=C:\Program Files\Common Files\Oracle\Java\javapath;C:\Windows\system32;C:\Windows;C:\Windows\System32\Wbem;C:\Windows\System32\WindowsPowerShell\v1.0\;C:\Windows\System32\OpenSSH\;C:\Program Files (x86)\sbt\bin;C:\Program Files\Git\cmd;C:\Users\hawad\Downloads\gradle-8.8-all\gradle-8.8\bin;C:\Program Files\nodejs\;C:\Program Files\Docker\Docker\resources\bin;C:\Program Files\Graphviz\bin;C:\MinGW\bin;C:\Program Files\PostgreSQL\17\bin;C:\Ruby33-x64\bin;C:\Program Files\MySQL\MySQL Workbench 8.0 CE;C:\Users\hawad\AppData\Local\Programs\Python\Python313\Scripts\;C:\Users\hawad\AppData\Local\Programs\Python\Python313\;C:\Ruby33-x64\bin;C:\Users\hawad\AppData\Local\Programs\Eclipse Adoptium\jdk-21.0.4.7-hotspot\bin;C:\Users\hawad\AppData\Local\Microsoft\WindowsApps;C:\Users\hawad\AppData\Local\Programs\Microsoft VS Code\bin;C:\Program Files\JetBrains\IntelliJ IDEA Community Edition 2024.2.2\bin;C:\Program Files\Java\jdk-21\bin;C:\Users\hawad\AppData\Local\Coursier\data\bin;C:\Users\hawad\AppData\Roaming\npm;C:\Users\hawad\AppData\Local\gitkraken\bin;C:\Program Files\JetBrains\IntelliJ IDEA 2024.3\bin;
USERNAME=hawad
OS=Windows_NT
PROCESSOR_IDENTIFIER=AMD64 Family 23 Model 160 Stepping 0, AuthenticAMD
TMP=C:\Users\hawad\AppData\Local\Temp
TEMP=C:\Users\hawad\AppData\Local\Temp




Periodic native trim disabled

---------------  S Y S T E M  ---------------

OS:
 Windows 11 , 64 bit Build 22621 (10.0.22621.4391)
OS uptime: 2 days 7:04 hours
Hyper-V role detected

CPU: total 8 (initial active 8) (8 cores per cpu, 2 threads per core) family 23 model 160 stepping 0 microcode 0x0, cx8, cmov, fxsr, ht, mmx, 3dnowpref, sse, sse2, sse3, ssse3, sse4a, sse4.1, sse4.2, popcnt, lzcnt, tsc, tscinvbit, avx, avx2, aes, clmul, bmi1, bmi2, adx, sha, fma, vzeroupper, clflush, clflushopt, hv, rdtscp, rdpid, f16c
Processor Information for all 8 processors :
  Max Mhz: 2401, Current Mhz: 2401, Mhz Limit: 2401

Memory: 4k page, system-wide physical 5965M (1627M free)
TotalPageFile size 24397M (AvailPageFile size 3M)
current process WorkingSet (physical memory assigned to process): 259M, peak: 259M
current process commit charge ("private bytes"): 319M, peak: 319M

vm_info: OpenJDK 64-Bit Server VM (22.0.2+9) for windows-amd64 JRE (22.0.2+9), built on 2024-07-16T00:00:00Z by "admin" with MS VC++ 17.7 (VS2022)

END.
